0	0.02187840	PrecisionPower	IRP_MJ_CLEANUP	ProlificSerial0	SUCCESS		
1	0.08785830	PrecisionPower	IRP_MJ_CLOSE	ProlificSerial0	SUCCESS		
2	0.22553900	PrecisionPower	IRP_MJ_CREATE	ProlificSerial0	SUCCESS	Options: Open 	
3	0.00001690	PrecisionPower	IOCTL_SERIAL_SET_TIMEOUTS	ProlificSerial0	SUCCESS	RI:0 RM:0 RC:10000 WM:0 WC:1000	
4	0.00000490	PrecisionPower	IOCTL_SERIAL_SET_QUEUE_SIZE	ProlificSerial0	SUCCESS	InSize: 2048 OutSize: 2048	
5	0.00000900	PrecisionPower	IOCTL_SERIAL_PURGE	ProlificSerial0	SUCCESS	Purge: TXCLEAR RXCLEAR	
6	0.00000490	PrecisionPower	IOCTL_SERIAL_GET_BAUD_RATE	ProlificSerial0	SUCCESS		
7	0.00000360	PrecisionPower	IOCTL_SERIAL_GET_LINE_CONTROL	ProlificSerial0	SUCCESS		
8	0.00000310	PrecisionPower	IOCTL_SERIAL_GET_CHARS	ProlificSerial0	SUCCESS		
9	0.00000350	PrecisionPower	IOCTL_SERIAL_GET_HANDFLOW	ProlificSerial0	SUCCESS		
10	0.02959930	PrecisionPower	IOCTL_SERIAL_SET_BAUD_RATE	ProlificSerial0	SUCCESS	Rate: 9600	
11	0.00013270	PrecisionPower	IOCTL_SERIAL_SET_RTS	ProlificSerial0	SUCCESS		
12	0.00007450	PrecisionPower	IOCTL_SERIAL_SET_DTR	ProlificSerial0	SUCCESS		
13	0.00000730	PrecisionPower	IOCTL_SERIAL_SET_LINE_CONTROL	ProlificSerial0	SUCCESS	StopBits: ERROR Parity: NONE WordLength: 8	
14	0.00027320	PrecisionPower	IOCTL_SERIAL_SET_CHAR	ProlificSerial0	SUCCESS	EOF:0 ERR:0 BRK:0 EVT:0 XON:0 XOFF:0	
15	0.00000730	PrecisionPower	IOCTL_SERIAL_SET_HANDFLOW	ProlificSerial0	SUCCESS	Shake:1 Replace:40 XonLimit:0 XoffLimit:0	
16	0.00000420	PrecisionPower	IOCTL_SERIAL_SET_TIMEOUTS	ProlificSerial0	SUCCESS	RI:0 RM:0 RC:1000 WM:0 WC:1000	
17	0.00000760	PrecisionPower	IOCTL_SERIAL_PURGE	ProlificSerial0	SUCCESS	Purge: TXCLEAR RXCLEAR	
18	0.00688660	PrecisionPower	IRP_MJ_WRITE	ProlificSerial0	SUCCESS	Length 11: 01 02 DF 0B 01 01 00 14 00 E7 05 	
19	0.00185710	PrecisionPower	IRP_MJ_WRITE	ProlificSerial0	SUCCESS	Length 20: 66 66 06 40 24 93 12 00 24 93 12 00 38 10 B9 01 A0 8C 12 00 	
20	0.06342390	PrecisionPower	IRP_MJ_READ	ProlificSerial0	SUCCESS	Length 12: 06 01 02 DF 0B 01 01 00 25 00 BC F8 	
21	0.04356100	PrecisionPower	IRP_MJ_READ	ProlificSerial0	SUCCESS	Length 37: 00 80 48 E1 0A 40 5C 8F 82 3F 03 FF 00 0A 00 28 00 FA 00 63 00 	
22	0.00001090	PrecisionPower	IOCTL_SERIAL_SET_TIMEOUTS	ProlificSerial0	SUCCESS	RI:0 RM:0 RC:300000 WM:0 WC:1000	
23	0.00000700	PrecisionPower	IOCTL_SERIAL_PURGE	ProlificSerial0	SUCCESS	Purge: TXCLEAR RXCLEAR	
24	0.00179610	PrecisionPower	IRP_MJ_WRITE	ProlificSerial0	SUCCESS	Length 11: 01 02 CE 0B 01 01 00 00 00 DE 00 	
25	17.07328960	PrecisionPower	IRP_MJ_READ	ProlificSerial0	SUCCESS	Length 12: 06 01 02 CE 0B 01 01 00 02 00 A0 FE 	
26	0.00002060	PrecisionPower	IRP_MJ_READ	ProlificSerial0	SUCCESS	Length 2: 00 80 	
