0	0.03047550	PrecisionPower	IRP_MJ_CLEANUP	ProlificSerial0	SUCCESS		
1	0.08841680	PrecisionPower	IRP_MJ_CLOSE	ProlificSerial0	SUCCESS		
2	0.22443990	PrecisionPower	IRP_MJ_CREATE	ProlificSerial0	SUCCESS	Options: Open 	
3	0.00001020	PrecisionPower	IOCTL_SERIAL_SET_TIMEOUTS	ProlificSerial0	SUCCESS	RI:0 RM:0 RC:10000 WM:0 WC:1000	
4	0.00000310	PrecisionPower	IOCTL_SERIAL_SET_QUEUE_SIZE	ProlificSerial0	SUCCESS	InSize: 2048 OutSize: 2048	
5	0.00000630	PrecisionPower	IOCTL_SERIAL_PURGE	ProlificSerial0	SUCCESS	Purge: TXCLEAR RXCLEAR	
6	0.00000330	PrecisionPower	IOCTL_SERIAL_GET_BAUD_RATE	ProlificSerial0	SUCCESS		
7	0.00000260	PrecisionPower	IOCTL_SERIAL_GET_LINE_CONTROL	ProlificSerial0	SUCCESS		
8	0.00000210	PrecisionPower	IOCTL_SERIAL_GET_CHARS	ProlificSerial0	SUCCESS		
9	0.00000220	PrecisionPower	IOCTL_SERIAL_GET_HANDFLOW	ProlificSerial0	SUCCESS		
10	0.03041170	PrecisionPower	IOCTL_SERIAL_SET_BAUD_RATE	ProlificSerial0	SUCCESS	Rate: 9600	
11	0.00012620	PrecisionPower	IOCTL_SERIAL_SET_RTS	ProlificSerial0	SUCCESS		
12	0.00006840	PrecisionPower	IOCTL_SERIAL_SET_DTR	ProlificSerial0	SUCCESS		
13	0.00000690	PrecisionPower	IOCTL_SERIAL_SET_LINE_CONTROL	ProlificSerial0	SUCCESS	StopBits: ERROR Parity: NONE WordLength: 8	
14	0.00006510	PrecisionPower	IOCTL_SERIAL_SET_CHAR	ProlificSerial0	SUCCESS	EOF:0 ERR:0 BRK:0 EVT:0 XON:0 XOFF:0	
15	0.00000640	PrecisionPower	IOCTL_SERIAL_SET_HANDFLOW	ProlificSerial0	SUCCESS	Shake:1 Replace:40 XonLimit:0 XoffLimit:0	
16	0.00000400	PrecisionPower	IOCTL_SERIAL_SET_TIMEOUTS	ProlificSerial0	SUCCESS	RI:0 RM:0 RC:300000 WM:0 WC:1000	
17	0.00000820	PrecisionPower	IOCTL_SERIAL_PURGE	ProlificSerial0	SUCCESS	Purge: TXCLEAR RXCLEAR	
18	0.00695250	PrecisionPower	IRP_MJ_WRITE	ProlificSerial0	SUCCESS	Length 11: 01 02 E2 0B 01 01 00 16 00 9A 07 	
19	0.00188150	PrecisionPower	IRP_MJ_WRITE	ProlificSerial0	SUCCESS	Length 22: 00 00 00 00 01 00 B9 01 AD E1 F9 01 14 A2 AC 6D 24 93 12 00 24 	
20	2.01841580	PrecisionPower	IRP_MJ_READ	ProlificSerial0	SUCCESS	Length 12: 06 01 02 E2 0B 01 01 00 02 00 8C FE 	
21	0.00002300	PrecisionPower	IRP_MJ_READ	ProlificSerial0	SUCCESS	Length 2: 00 80 	
22	0.00001220	PrecisionPower	IOCTL_SERIAL_SET_TIMEOUTS	ProlificSerial0	SUCCESS	RI:0 RM:0 RC:4000 WM:0 WC:1000	
23	0.00000930	PrecisionPower	IOCTL_SERIAL_PURGE	ProlificSerial0	SUCCESS	Purge: TXCLEAR RXCLEAR	
24	0.00185740	PrecisionPower	IRP_MJ_WRITE	ProlificSerial0	SUCCESS	Length 11: 01 02 E7 0B 01 01 00 14 00 70 03 	
25	0.00185750	PrecisionPower	IRP_MJ_WRITE	ProlificSerial0	SUCCESS	Length 20: 02 00 01 00 00 00 00 00 E0 93 04 00 00 00 00 00 E8 03 00 00 	
26	0.05977200	PrecisionPower	IRP_MJ_READ	ProlificSerial0	SUCCESS	Length 12: 06 01 02 E7 0B 01 01 00 14 00 0B F4 	
27	0.02404240	PrecisionPower	IRP_MJ_READ	ProlificSerial0	SUCCESS	Length 20: 00 80 00 00 BD 18 FD A9 26 BB F5 EC 89 FA 19 A2 C8 AB F2 8A 	
28	0.00001110	PrecisionPower	IOCTL_SERIAL_SET_TIMEOUTS	ProlificSerial0	SUCCESS	RI:0 RM:0 RC:4000 WM:0 WC:1000	
29	0.00001020	PrecisionPower	IOCTL_SERIAL_PURGE	ProlificSerial0	SUCCESS	Purge: TXCLEAR RXCLEAR	
30	0.00212610	PrecisionPower	IRP_MJ_WRITE	ProlificSerial0	SUCCESS	Length 11: 01 02 E7 0B 01 01 00 14 00 6E 03 	
31	0.00194280	PrecisionPower	IRP_MJ_WRITE	ProlificSerial0	SUCCESS	Length 20: 00 00 01 00 00 00 00 00 E0 93 04 00 00 00 00 00 E8 03 00 00 	
32	0.05418860	PrecisionPower	IRP_MJ_READ	ProlificSerial0	SUCCESS	Length 12: 06 01 02 E7 0B 01 01 00 14 00 0B F4 	
33	0.02409570	PrecisionPower	IRP_MJ_READ	ProlificSerial0	SUCCESS	Length 20: 00 80 00 00 BD 18 FD A9 26 BB F5 EC 89 FA 19 A2 C8 AB F2 8A 	
34	0.00001210	PrecisionPower	IOCTL_SERIAL_SET_TIMEOUTS	ProlificSerial0	SUCCESS	RI:0 RM:0 RC:4000 WM:0 WC:1000	
35	0.00001060	PrecisionPower	IOCTL_SERIAL_PURGE	ProlificSerial0	SUCCESS	Purge: TXCLEAR RXCLEAR	
36	0.00197970	PrecisionPower	IRP_MJ_WRITE	ProlificSerial0	SUCCESS	Length 11: 01 02 E7 0B 01 01 00 14 00 6F 03 	
37	0.00196020	PrecisionPower	IRP_MJ_WRITE	ProlificSerial0	SUCCESS	Length 20: 01 00 01 00 00 00 00 00 E0 93 04 00 00 00 00 00 E8 03 00 00 	
38	0.05690440	PrecisionPower	IRP_MJ_READ	ProlificSerial0	SUCCESS	Length 12: 06 01 02 E7 0B 01 01 00 14 00 A5 F2 	
39	0.02410540	PrecisionPower	IRP_MJ_READ	ProlificSerial0	SUCCESS	Length 20: 00 80 80 E6 BD 18 FD A9 26 BB F5 EC 89 FA 19 A2 C8 AB F2 8A 	
