0	0.24635330	PrecisionPower	IRP_MJ_CREATE	ProlificSerial0	SUCCESS	Options: Open 	
1	0.00003020	PrecisionPower	IOCTL_SERIAL_SET_TIMEOUTS	ProlificSerial0	SUCCESS	RI:0 RM:0 RC:10000 WM:0 WC:1000	
2	0.00001000	PrecisionPower	IOCTL_SERIAL_SET_QUEUE_SIZE	ProlificSerial0	SUCCESS	InSize: 2048 OutSize: 2048	
3	0.00002030	PrecisionPower	IOCTL_SERIAL_PURGE	ProlificSerial0	SUCCESS	Purge: TXCLEAR RXCLEAR	
4	0.00000390	PrecisionPower	IOCTL_SERIAL_GET_BAUD_RATE	ProlificSerial0	SUCCESS		
5	0.00000600	PrecisionPower	IOCTL_SERIAL_GET_LINE_CONTROL	ProlificSerial0	SUCCESS		
6	0.00000340	PrecisionPower	IOCTL_SERIAL_GET_CHARS	ProlificSerial0	SUCCESS		
7	0.00000570	PrecisionPower	IOCTL_SERIAL_GET_HANDFLOW	ProlificSerial0	SUCCESS		
8	0.03045280	PrecisionPower	IOCTL_SERIAL_SET_BAUD_RATE	ProlificSerial0	SUCCESS	Rate: 9600	
9	0.00007480	PrecisionPower	IOCTL_SERIAL_SET_RTS	ProlificSerial0	SUCCESS		
10	0.00003800	PrecisionPower	IOCTL_SERIAL_SET_DTR	ProlificSerial0	SUCCESS		
11	0.00365540	PrecisionPower	IOCTL_SERIAL_SET_LINE_CONTROL	ProlificSerial0	SUCCESS	StopBits: ERROR Parity: NONE WordLength: 8	
12	0.00003650	PrecisionPower	IOCTL_SERIAL_SET_CHAR	ProlificSerial0	SUCCESS	EOF:0 ERR:0 BRK:0 EVT:0 XON:0 XOFF:0	
13	0.00000260	PrecisionPower	IOCTL_SERIAL_SET_HANDFLOW	ProlificSerial0	SUCCESS	Shake:1 Replace:40 XonLimit:0 XoffLimit:0	
14	0.00000160	PrecisionPower	IOCTL_SERIAL_SET_TIMEOUTS	ProlificSerial0	SUCCESS	RI:0 RM:0 RC:1000 WM:0 WC:1000	
15	0.00000340	PrecisionPower	IOCTL_SERIAL_PURGE	ProlificSerial0	SUCCESS	Purge: TXCLEAR RXCLEAR	
16	0.00212440	PrecisionPower	IRP_MJ_WRITE	ProlificSerial0	SUCCESS	Length 11: 01 02 DF 0B 01 01 00 14 00 57 04 	
17	0.00211500	PrecisionPower	IRP_MJ_WRITE	ProlificSerial0	SUCCESS	Length 20: 66 66 06 40 08 00 00 00 02 00 00 00 10 0F BC 01 65 1F D6 02 	
18	0.06056480	PrecisionPower	IRP_MJ_READ	ProlificSerial0	SUCCESS	Length 12: 06 01 02 DF 0B 01 01 00 25 00 BC F8 	
19	0.04247050	PrecisionPower	IRP_MJ_READ	ProlificSerial0	SUCCESS	Length 37: 00 80 48 E1 0A 40 5C 8F 82 3F 03 FF 00 0A 00 28 00 FA 00 63 00 00 00 00 00 00 00 00 00 00 00 00 00 00 00 00 00 	
20	0.02217140	PrecisionPower	IRP_MJ_CLEANUP	ProlificSerial0	SUCCESS		
21	0.08756570	PrecisionPower	IRP_MJ_CLOSE	ProlificSerial0	SUCCESS		
22	0.21973040	PrecisionPower	IRP_MJ_CREATE	ProlificSerial0	SUCCESS	Options: Open 	
23	0.00001230	PrecisionPower	IOCTL_SERIAL_SET_TIMEOUTS	ProlificSerial0	SUCCESS	RI:0 RM:0 RC:10000 WM:0 WC:1000	
24	0.00000310	PrecisionPower	IOCTL_SERIAL_SET_QUEUE_SIZE	ProlificSerial0	SUCCESS	InSize: 2048 OutSize: 2048	
25	0.00000730	PrecisionPower	IOCTL_SERIAL_PURGE	ProlificSerial0	SUCCESS	Purge: TXCLEAR RXCLEAR	
26	0.00000340	PrecisionPower	IOCTL_SERIAL_GET_BAUD_RATE	ProlificSerial0	SUCCESS		
27	0.00000240	PrecisionPower	IOCTL_SERIAL_GET_LINE_CONTROL	ProlificSerial0	SUCCESS		
28	0.00000210	PrecisionPower	IOCTL_SERIAL_GET_CHARS	ProlificSerial0	SUCCESS		
29	0.00000210	PrecisionPower	IOCTL_SERIAL_GET_HANDFLOW	ProlificSerial0	SUCCESS		
30	0.02006360	PrecisionPower	IOCTL_SERIAL_SET_BAUD_RATE	ProlificSerial0	SUCCESS	Rate: 9600	
31	0.00008030	PrecisionPower	IOCTL_SERIAL_SET_RTS	ProlificSerial0	SUCCESS		
32	0.00003570	PrecisionPower	IOCTL_SERIAL_SET_DTR	ProlificSerial0	SUCCESS		
33	0.00000430	PrecisionPower	IOCTL_SERIAL_SET_LINE_CONTROL	ProlificSerial0	SUCCESS	StopBits: ERROR Parity: NONE WordLength: 8	
34	0.00005210	PrecisionPower	IOCTL_SERIAL_SET_CHAR	ProlificSerial0	SUCCESS	EOF:0 ERR:0 BRK:0 EVT:0 XON:0 XOFF:0	
35	0.00000670	PrecisionPower	IOCTL_SERIAL_SET_HANDFLOW	ProlificSerial0	SUCCESS	Shake:1 Replace:40 XonLimit:0 XoffLimit:0	
36	0.00000530	PrecisionPower	IOCTL_SERIAL_SET_TIMEOUTS	ProlificSerial0	SUCCESS	RI:0 RM:0 RC:4000 WM:0 WC:1000	
37	0.00001150	PrecisionPower	IOCTL_SERIAL_PURGE	ProlificSerial0	SUCCESS	Purge: TXCLEAR RXCLEAR	
38	0.00209170	PrecisionPower	IRP_MJ_WRITE	ProlificSerial0	SUCCESS	Length 11: 01 02 BD 0B 01 01 00 00 00 CD 00 	
39	0.15501890	PrecisionPower	IRP_MJ_READ	ProlificSerial0	SUCCESS	Length 12: 06 01 02 BD 0B 01 01 00 02 00 B1 FE 	
40	0.00224790	PrecisionPower	IRP_MJ_READ	ProlificSerial0	SUCCESS	Length 2: 00 80 	
41	0.00001520	PrecisionPower	IOCTL_SERIAL_SET_TIMEOUTS	ProlificSerial0	SUCCESS	RI:0 RM:0 RC:1000 WM:0 WC:1000	
42	0.00001090	PrecisionPower	IOCTL_SERIAL_PURGE	ProlificSerial0	SUCCESS	Purge: TXCLEAR RXCLEAR	
43	0.00174950	PrecisionPower	IRP_MJ_WRITE	ProlificSerial0	SUCCESS	Length 11: 01 02 DF 0B 01 01 00 14 00 8B 07 	
44	0.00209990	PrecisionPower	IRP_MJ_WRITE	ProlificSerial0	SUCCESS	Length 20: 66 66 06 40 00 80 BC 01 10 0F BC 01 00 80 BC 01 67 E1 D6 02 	
45	0.05379190	PrecisionPower	IRP_MJ_READ	ProlificSerial0	SUCCESS	Length 12: 06 01 02 DF 0B 01 01 00 25 00 BC F8 	
46	0.04544360	PrecisionPower	IRP_MJ_READ	ProlificSerial0	SUCCESS	Length 37: 00 80 48 E1 0A 40 5C 8F 82 3F 03 FF 00 0A 00 28 00 FA 00 63 00 00 00 00 00 00 00 00 00 00 00 00 00 00 00 00 00 	
47	0.00001060	PrecisionPower	IOCTL_SERIAL_SET_TIMEOUTS	ProlificSerial0	SUCCESS	RI:0 RM:0 RC:10000 WM:0 WC:1000	
48	0.00000490	PrecisionPower	IOCTL_SERIAL_PURGE	ProlificSerial0	SUCCESS	Purge: TXCLEAR RXCLEAR	
49	0.00215900	PrecisionPower	IRP_MJ_WRITE	ProlificSerial0	SUCCESS	Length 11: 01 02 BA 0B 01 01 00 54 00 37 0B 	
50	0.00178220	PrecisionPower	IRP_MJ_WRITE	ProlificSerial0	SUCCESS	Length 84: 01 0A 46 69 73 68 65 72 31 30 30 00 00 00 00 00 00 00 00 01 00 00 00 00 00 00 00 00 00 00 00 78 E8 FF D8 04 EE E9 C5 FB 3B 04 0A 00 00 00 00 00 00 00 00 00 00 00 00 00 00 00 00 00 00 00 00 00 00 00 00 00 00 00 00 00 00 00 00 00 00 00 00 00 00 00 00 00 	
51	0.13871440	PrecisionPower	IRP_MJ_READ	ProlificSerial0	SUCCESS	Length 12: 06 01 02 BA 0B 01 01 00 02 00 B4 FE 	
52	0.00191070	PrecisionPower	IRP_MJ_READ	ProlificSerial0	SUCCESS	Length 2: 00 80 	
53	0.00000910	PrecisionPower	IOCTL_SERIAL_SET_TIMEOUTS	ProlificSerial0	SUCCESS	RI:0 RM:0 RC:10000 WM:0 WC:1000	
54	0.00000630	PrecisionPower	IOCTL_SERIAL_PURGE	ProlificSerial0	SUCCESS	Purge: TXCLEAR RXCLEAR	
55	0.00189510	PrecisionPower	IRP_MJ_WRITE	ProlificSerial0	SUCCESS	Length 11: 01 02 BA 0B 01 01 00 54 00 F4 0A 	
56	0.00204020	PrecisionPower	IRP_MJ_WRITE	ProlificSerial0	SUCCESS	Length 84: 01 0B 43 4F 52 4E 49 4E 47 39 36 46 4C 41 54 00 00 00 00 00 00 00 00 00 00 00 00 00 00 00 01 01 EA 06 5E 01 FE 01 D6 01 00 00 00 00 08 0C C8 FB 38 04 00 00 01 10 06 06 68 01 63 01 00 00 00 00 00 00 00 00 00 00 00 00 00 00 00 00 00 00 00 00 00 00 00 00 	
57	0.14111460	PrecisionPower	IRP_MJ_READ	ProlificSerial0	SUCCESS	Length 12: 06 01 02 BA 0B 01 01 00 02 00 B4 FE 	
58	0.00237550	PrecisionPower	IRP_MJ_READ	ProlificSerial0	SUCCESS	Length 2: 00 80 	
59	0.00001000	PrecisionPower	IOCTL_SERIAL_SET_TIMEOUTS	ProlificSerial0	SUCCESS	RI:0 RM:0 RC:10000 WM:0 WC:1000	
60	0.00000700	PrecisionPower	IOCTL_SERIAL_PURGE	ProlificSerial0	SUCCESS	Purge: TXCLEAR RXCLEAR	
61	0.00169290	PrecisionPower	IRP_MJ_WRITE	ProlificSerial0	SUCCESS	Length 11: 01 02 BA 0B 01 01 00 54 00 AB 09 	
62	0.00198740	PrecisionPower	IRP_MJ_WRITE	ProlificSerial0	SUCCESS	Length 84: 01 0B 4E 46 5F 38 58 31 32 53 54 52 50 53 00 00 00 00 00 01 00 00 00 00 00 00 00 00 00 00 02 01 FE 06 5E 01 1C 02 7C 01 00 00 00 00 08 0C C5 FB 3B 04 00 00 01 10 06 06 68 01 63 01 00 00 00 00 00 00 00 00 00 00 00 00 00 00 00 00 00 00 00 00 00 00 00 00 	
63	0.14057560	PrecisionPower	IRP_MJ_READ	ProlificSerial0	SUCCESS	Length 12: 06 01 02 BA 0B 01 01 00 02 00 B4 FE 	
64	0.00199240	PrecisionPower	IRP_MJ_READ	ProlificSerial0	SUCCESS	Length 2: 00 80 	
65	0.00000790	PrecisionPower	IOCTL_SERIAL_SET_TIMEOUTS	ProlificSerial0	SUCCESS	RI:0 RM:0 RC:10000 WM:0 WC:1000	
66	0.00000570	PrecisionPower	IOCTL_SERIAL_PURGE	ProlificSerial0	SUCCESS	Purge: TXCLEAR RXCLEAR	
67	0.00204230	PrecisionPower	IRP_MJ_WRITE	ProlificSerial0	SUCCESS	Length 11: 01 02 BA 0B 01 01 00 54 00 7C 0A 	
68	0.00195200	PrecisionPower	IRP_MJ_WRITE	ProlificSerial0	SUCCESS	Length 84: 01 0B 52 45 41 47 5F 52 45 53 5F 55 4E 49 56 00 00 00 00 01 00 00 00 00 00 00 00 00 00 00 03 02 D4 12 32 00 F4 06 3C 05 00 00 00 00 01 04 CE FB 32 04 00 00 01 10 06 08 68 01 63 01 00 00 00 00 00 00 00 00 00 00 00 00 00 00 00 00 00 00 00 00 00 00 00 00 	
69	0.14082520	PrecisionPower	IRP_MJ_READ	ProlificSerial0	SUCCESS	Length 12: 06 01 02 BA 0B 01 01 00 02 00 B4 FE 	
70	0.00211830	PrecisionPower	IRP_MJ_READ	ProlificSerial0	SUCCESS	Length 2: 00 80 	
71	0.00000480	PrecisionPower	IOCTL_SERIAL_SET_TIMEOUTS	ProlificSerial0	SUCCESS	RI:0 RM:0 RC:10000 WM:0 WC:1000	
72	0.00000320	PrecisionPower	IOCTL_SERIAL_PURGE	ProlificSerial0	SUCCESS	Purge: TXCLEAR RXCLEAR	
73	0.00208880	PrecisionPower	IRP_MJ_WRITE	ProlificSerial0	SUCCESS	Length 11: 01 02 B9 0B 01 01 00 3B 00 EB 01 	
74	0.00214830	PrecisionPower	IRP_MJ_WRITE	ProlificSerial0	SUCCESS	Length 59: 01 07 54 44 44 00 00 00 00 00 00 00 00 00 00 00 00 00 00 01 00 00 00 00 00 00 00 00 00 00 00 01 01 00 00 00 00 00 00 00 00 00 00 00 00 00 00 00 00 00 00 00 00 00 00 00 00 00 00 	
75	0.09721110	PrecisionPower	IRP_MJ_READ	ProlificSerial0	SUCCESS	Length 12: 06 01 02 B9 0B 01 01 00 02 00 B5 FE 	
76	0.00196580	PrecisionPower	IRP_MJ_READ	ProlificSerial0	SUCCESS	Length 2: 00 80 	
77	0.00001430	PrecisionPower	IOCTL_SERIAL_SET_TIMEOUTS	ProlificSerial0	SUCCESS	RI:0 RM:0 RC:10000 WM:0 WC:1000	
78	0.00000910	PrecisionPower	IOCTL_SERIAL_PURGE	ProlificSerial0	SUCCESS	Purge: TXCLEAR RXCLEAR	
79	0.00187520	PrecisionPower	IRP_MJ_WRITE	ProlificSerial0	SUCCESS	Length 11: 01 02 B9 0B 01 01 00 3B 00 31 03 	
80	0.00190270	PrecisionPower	IRP_MJ_WRITE	ProlificSerial0	SUCCESS	Length 59: 01 08 41 30 30 30 4E 32 34 30 00 00 00 00 00 00 00 00 00 01 00 00 00 00 00 00 00 00 00 00 01 00 00 00 00 64 03 00 02 04 00 00 00 00 00 00 00 00 00 00 00 00 00 00 00 00 00 00 00 	
81	0.09900010	PrecisionPower	IRP_MJ_READ	ProlificSerial0	SUCCESS	Length 12: 06 01 02 B9 0B 01 01 00 02 00 B5 FE 	
82	0.00198240	PrecisionPower	IRP_MJ_READ	ProlificSerial0	SUCCESS	Length 2: 00 80 	
83	0.00001570	PrecisionPower	IOCTL_SERIAL_SET_TIMEOUTS	ProlificSerial0	SUCCESS	RI:0 RM:0 RC:10000 WM:0 WC:1000	
84	0.00001300	PrecisionPower	IOCTL_SERIAL_PURGE	ProlificSerial0	SUCCESS	Purge: TXCLEAR RXCLEAR	
85	0.00158920	PrecisionPower	IRP_MJ_WRITE	ProlificSerial0	SUCCESS	Length 11: 01 02 BB 0B 01 01 00 27 00 73 02 	
86	0.00203060	PrecisionPower	IRP_MJ_WRITE	ProlificSerial0	SUCCESS	Length 39: 01 04 66 6F 6F 32 00 00 00 00 00 00 00 00 00 00 00 00 00 00 00 00 00 00 00 00 00 00 00 00 06 00 00 00 00 00 00 00 00 	
87	0.08077920	PrecisionPower	IRP_MJ_READ	ProlificSerial0	SUCCESS	Length 12: 06 01 02 BB 0B 01 01 00 02 00 B3 FE 	
88	0.00198360	PrecisionPower	IRP_MJ_READ	ProlificSerial0	SUCCESS	Length 2: 00 80 	
89	0.00000940	PrecisionPower	IOCTL_SERIAL_SET_TIMEOUTS	ProlificSerial0	SUCCESS	RI:0 RM:0 RC:10000 WM:0 WC:1000	
90	0.00000690	PrecisionPower	IOCTL_SERIAL_PURGE	ProlificSerial0	SUCCESS	Purge: TXCLEAR RXCLEAR	
91	0.00200210	PrecisionPower	IRP_MJ_WRITE	ProlificSerial0	SUCCESS	Length 11: 01 02 BC 0B 01 01 00 34 00 4C 04 	
92	0.00184280	PrecisionPower	IRP_MJ_WRITE	ProlificSerial0	SUCCESS	Length 52: 01 04 41 0A 00 01 06 00 00 01 01 00 00 00 00 00 00 00 00 00 00 00 00 00 00 00 01 46 69 73 68 65 72 31 30 30 00 00 00 00 00 00 00 00 00 00 00 00 00 00 00 00 	
93	0.09464370	PrecisionPower	IRP_MJ_READ	ProlificSerial0	SUCCESS	Length 12: 06 01 02 BC 0B 01 01 00 02 00 B2 FE 	
94	0.00196610	PrecisionPower	IRP_MJ_READ	ProlificSerial0	SUCCESS	Length 2: 00 80 	
95	0.00000910	PrecisionPower	IOCTL_SERIAL_SET_TIMEOUTS	ProlificSerial0	SUCCESS	RI:0 RM:0 RC:10000 WM:0 WC:1000	
96	0.00000530	PrecisionPower	IOCTL_SERIAL_PURGE	ProlificSerial0	SUCCESS	Purge: TXCLEAR RXCLEAR	
97	0.00173050	PrecisionPower	IRP_MJ_WRITE	ProlificSerial0	SUCCESS	Length 11: 01 02 BC 0B 01 01 00 34 00 6F 05 	
98	0.00216760	PrecisionPower	IRP_MJ_WRITE	ProlificSerial0	SUCCESS	Length 52: 02 04 43 0B 01 01 0C 64 00 01 01 00 00 00 00 00 00 00 00 00 00 00 00 00 00 00 01 43 4F 52 4E 49 4E 47 39 36 46 4C 41 54 00 00 00 00 00 00 00 00 00 00 00 00 	
99	0.09935860	PrecisionPower	IRP_MJ_READ	ProlificSerial0	SUCCESS	Length 12: 06 01 02 BC 0B 01 01 00 02 00 B2 FE 	
100	0.00209270	PrecisionPower	IRP_MJ_READ	ProlificSerial0	SUCCESS	Length 2: 00 80 	
101	0.00000980	PrecisionPower	IOCTL_SERIAL_SET_TIMEOUTS	ProlificSerial0	SUCCESS	RI:0 RM:0 RC:10000 WM:0 WC:1000	
102	0.00000610	PrecisionPower	IOCTL_SERIAL_PURGE	ProlificSerial0	SUCCESS	Purge: TXCLEAR RXCLEAR	
103	0.00174230	PrecisionPower	IRP_MJ_WRITE	ProlificSerial0	SUCCESS	Length 11: 01 02 BC 0B 01 01 00 34 00 B2 05 	
104	0.00214890	PrecisionPower	IRP_MJ_WRITE	ProlificSerial0	SUCCESS	Length 52: 03 04 44 0B 02 01 0C C8 00 01 01 00 00 00 00 00 00 00 00 00 00 00 00 00 00 00 01 4E 46 5F 38 58 31 32 53 54 52 50 53 00 00 00 00 00 00 00 00 00 00 00 00 00 	
105	0.09893030	PrecisionPower	IRP_MJ_READ	ProlificSerial0	SUCCESS	Length 12: 06 01 02 BC 0B 01 01 00 02 00 B2 FE 	
106	0.00228660	PrecisionPower	IRP_MJ_READ	ProlificSerial0	SUCCESS	Length 2: 00 80 	
107	0.00000980	PrecisionPower	IOCTL_SERIAL_SET_TIMEOUTS	ProlificSerial0	SUCCESS	RI:0 RM:0 RC:10000 WM:0 WC:1000	
108	0.00000530	PrecisionPower	IOCTL_SERIAL_PURGE	ProlificSerial0	SUCCESS	Purge: TXCLEAR RXCLEAR	
109	0.00195350	PrecisionPower	IRP_MJ_WRITE	ProlificSerial0	SUCCESS	Length 11: 01 02 BC 0B 01 01 00 34 00 9F 05 	
110	0.00208860	PrecisionPower	IRP_MJ_WRITE	ProlificSerial0	SUCCESS	Length 52: 04 04 46 0B 03 01 04 32 00 01 01 00 00 00 00 00 00 00 00 00 00 00 00 00 00 00 01 52 45 41 47 5F 52 45 53 5F 55 4E 49 56 00 00 00 00 00 00 00 00 00 00 00 00 	
111	0.09736200	PrecisionPower	IRP_MJ_READ	ProlificSerial0	SUCCESS	Length 12: 06 01 02 BC 0B 01 01 00 02 00 B2 FE 	
112	0.00199300	PrecisionPower	IRP_MJ_READ	ProlificSerial0	SUCCESS	Length 2: 00 80 	
113	0.00001170	PrecisionPower	IOCTL_SERIAL_SET_TIMEOUTS	ProlificSerial0	SUCCESS	RI:0 RM:0 RC:10000 WM:0 WC:1000	
114	0.00000780	PrecisionPower	IOCTL_SERIAL_PURGE	ProlificSerial0	SUCCESS	Purge: TXCLEAR RXCLEAR	
115	0.00190700	PrecisionPower	IRP_MJ_WRITE	ProlificSerial0	SUCCESS	Length 11: 01 02 BC 0B 01 01 00 34 00 68 02 	
116	0.00190270	PrecisionPower	IRP_MJ_WRITE	ProlificSerial0	SUCCESS	Length 52: 05 01 00 00 41 01 00 00 00 00 00 00 41 00 01 00 00 01 00 00 00 00 00 00 00 00 01 54 44 44 00 00 00 00 00 00 00 00 00 00 00 00 00 00 00 00 00 00 00 00 00 00 	
117	0.09888850	PrecisionPower	IRP_MJ_READ	ProlificSerial0	SUCCESS	Length 12: 06 01 02 BC 0B 01 01 00 02 00 B2 FE 	
118	0.00206260	PrecisionPower	IRP_MJ_READ	ProlificSerial0	SUCCESS	Length 2: 00 80 	
119	0.00001860	PrecisionPower	IOCTL_SERIAL_SET_TIMEOUTS	ProlificSerial0	SUCCESS	RI:0 RM:0 RC:10000 WM:0 WC:1000	
120	0.00001650	PrecisionPower	IOCTL_SERIAL_PURGE	ProlificSerial0	SUCCESS	Purge: TXCLEAR RXCLEAR	
121	0.00183810	PrecisionPower	IRP_MJ_WRITE	ProlificSerial0	SUCCESS	Length 11: 01 02 BC 0B 01 01 00 34 00 50 03 	
122	0.00211710	PrecisionPower	IRP_MJ_WRITE	ProlificSerial0	SUCCESS	Length 52: 06 02 0A 00 43 01 00 01 00 00 00 00 41 00 01 00 00 01 00 00 00 00 00 00 00 00 01 41 30 30 30 4E 32 34 30 00 00 00 00 00 00 00 00 00 00 00 00 00 00 00 00 00 	
123	0.09933400	PrecisionPower	IRP_MJ_READ	ProlificSerial0	SUCCESS	Length 12: 06 01 02 BC 0B 01 01 00 02 00 B2 FE 	
124	0.00207970	PrecisionPower	IRP_MJ_READ	ProlificSerial0	SUCCESS	Length 2: 00 80 	
125	0.01984320	PrecisionPower	IRP_MJ_CLEANUP	ProlificSerial0	SUCCESS		
126	0.08965030	PrecisionPower	IRP_MJ_CLOSE	ProlificSerial0	SUCCESS		
127	0.22258990	PrecisionPower	IRP_MJ_CREATE	ProlificSerial0	SUCCESS	Options: Open 	
128	0.00001430	PrecisionPower	IOCTL_SERIAL_SET_TIMEOUTS	ProlificSerial0	SUCCESS	RI:0 RM:0 RC:10000 WM:0 WC:1000	
129	0.00000610	PrecisionPower	IOCTL_SERIAL_SET_QUEUE_SIZE	ProlificSerial0	SUCCESS	InSize: 2048 OutSize: 2048	
130	0.00000960	PrecisionPower	IOCTL_SERIAL_PURGE	ProlificSerial0	SUCCESS	Purge: TXCLEAR RXCLEAR	
131	0.00000640	PrecisionPower	IOCTL_SERIAL_GET_BAUD_RATE	ProlificSerial0	SUCCESS		
132	0.00000440	PrecisionPower	IOCTL_SERIAL_GET_LINE_CONTROL	ProlificSerial0	SUCCESS		
133	0.00000380	PrecisionPower	IOCTL_SERIAL_GET_CHARS	ProlificSerial0	SUCCESS		
134	0.00000250	PrecisionPower	IOCTL_SERIAL_GET_HANDFLOW	ProlificSerial0	SUCCESS		
135	0.03096860	PrecisionPower	IOCTL_SERIAL_SET_BAUD_RATE	ProlificSerial0	SUCCESS	Rate: 9600	
136	0.00009790	PrecisionPower	IOCTL_SERIAL_SET_RTS	ProlificSerial0	SUCCESS		
137	0.00005000	PrecisionPower	IOCTL_SERIAL_SET_DTR	ProlificSerial0	SUCCESS		
138	0.00000510	PrecisionPower	IOCTL_SERIAL_SET_LINE_CONTROL	ProlificSerial0	SUCCESS	StopBits: ERROR Parity: NONE WordLength: 8	
139	0.00004780	PrecisionPower	IOCTL_SERIAL_SET_CHAR	ProlificSerial0	SUCCESS	EOF:0 ERR:0 BRK:0 EVT:0 XON:0 XOFF:0	
140	0.00000440	PrecisionPower	IOCTL_SERIAL_SET_HANDFLOW	ProlificSerial0	SUCCESS	Shake:1 Replace:40 XonLimit:0 XoffLimit:0	
141	0.00000290	PrecisionPower	IOCTL_SERIAL_SET_TIMEOUTS	ProlificSerial0	SUCCESS	RI:0 RM:0 RC:1000 WM:0 WC:1000	
142	0.00000620	PrecisionPower	IOCTL_SERIAL_PURGE	ProlificSerial0	SUCCESS	Purge: TXCLEAR RXCLEAR	
143	0.00607390	PrecisionPower	IRP_MJ_WRITE	ProlificSerial0	SUCCESS	Length 11: 01 02 F5 0B 01 01 00 00 00 05 01 	
144	0.04687220	PrecisionPower	IRP_MJ_READ	ProlificSerial0	SUCCESS	Length 12: 06 01 02 F5 0B 01 01 00 10 00 77 FB 	
145	0.01890120	PrecisionPower	IRP_MJ_READ	ProlificSerial0	SUCCESS	Length 16: 00 80 00 00 00 00 00 00 93 04 2E 86 73 F6 40 00 	
146	0.00000960	PrecisionPower	IOCTL_SERIAL_SET_TIMEOUTS	ProlificSerial0	SUCCESS	RI:0 RM:0 RC:300000 WM:0 WC:1000	
147	0.00000540	PrecisionPower	IOCTL_SERIAL_PURGE	ProlificSerial0	SUCCESS	Purge: TXCLEAR RXCLEAR	
148	0.00188090	PrecisionPower	IRP_MJ_WRITE	ProlificSerial0	SUCCESS	Length 11: 01 02 BF 0B 01 01 00 00 00 CF 00 	
149	0.04008150	PrecisionPower	IRP_MJ_READ	ProlificSerial0	SUCCESS	Length 12: 06 01 02 BF 0B 01 01 00 0F 00 CB FB 	
150	0.01950320	PrecisionPower	IRP_MJ_READ	ProlificSerial0	SUCCESS	Length 15: 00 80 00 00 00 00 00 00 00 68 BC 00 67 CA 82 	
151	0.02197490	PrecisionPower	IRP_MJ_CLEANUP	ProlificSerial0	SUCCESS		
152	0.08827760	PrecisionPower	IRP_MJ_CLOSE	ProlificSerial0	SUCCESS		
153	0.21652760	PrecisionPower	IRP_MJ_CREATE	ProlificSerial0	SUCCESS	Options: Open 	
154	0.00000980	PrecisionPower	IOCTL_SERIAL_SET_TIMEOUTS	ProlificSerial0	SUCCESS	RI:0 RM:0 RC:10000 WM:0 WC:1000	
155	0.00000300	PrecisionPower	IOCTL_SERIAL_SET_QUEUE_SIZE	ProlificSerial0	SUCCESS	InSize: 2048 OutSize: 2048	
156	0.00000660	PrecisionPower	IOCTL_SERIAL_PURGE	ProlificSerial0	SUCCESS	Purge: TXCLEAR RXCLEAR	
157	0.00000320	PrecisionPower	IOCTL_SERIAL_GET_BAUD_RATE	ProlificSerial0	SUCCESS		
158	0.00000220	PrecisionPower	IOCTL_SERIAL_GET_LINE_CONTROL	ProlificSerial0	SUCCESS		
159	0.00000170	PrecisionPower	IOCTL_SERIAL_GET_CHARS	ProlificSerial0	SUCCESS		
160	0.00000180	PrecisionPower	IOCTL_SERIAL_GET_HANDFLOW	ProlificSerial0	SUCCESS		
161	0.02207770	PrecisionPower	IOCTL_SERIAL_SET_BAUD_RATE	ProlificSerial0	SUCCESS	Rate: 9600	
162	0.00008410	PrecisionPower	IOCTL_SERIAL_SET_RTS	ProlificSerial0	SUCCESS		
163	0.00005220	PrecisionPower	IOCTL_SERIAL_SET_DTR	ProlificSerial0	SUCCESS		
164	0.00000460	PrecisionPower	IOCTL_SERIAL_SET_LINE_CONTROL	ProlificSerial0	SUCCESS	StopBits: ERROR Parity: NONE WordLength: 8	
165	0.00004830	PrecisionPower	IOCTL_SERIAL_SET_CHAR	ProlificSerial0	SUCCESS	EOF:0 ERR:0 BRK:0 EVT:0 XON:0 XOFF:0	
166	0.00000410	PrecisionPower	IOCTL_SERIAL_SET_HANDFLOW	ProlificSerial0	SUCCESS	Shake:1 Replace:40 XonLimit:0 XoffLimit:0	
167	0.00000350	PrecisionPower	IOCTL_SERIAL_SET_TIMEOUTS	ProlificSerial0	SUCCESS	RI:0 RM:0 RC:1000 WM:0 WC:1000	
168	0.00000640	PrecisionPower	IOCTL_SERIAL_PURGE	ProlificSerial0	SUCCESS	Purge: TXCLEAR RXCLEAR	
169	0.00251280	PrecisionPower	IRP_MJ_WRITE	ProlificSerial0	SUCCESS	Length 11: 01 02 E0 0B 01 01 00 12 00 44 01 	
170	0.00200380	PrecisionPower	IRP_MJ_WRITE	ProlificSerial0	SUCCESS	Length 18: 19 00 00 00 00 00 00 00 08 00 00 00 02 00 00 00 10 0F 	
171	0.06817610	PrecisionPower	IRP_MJ_READ	ProlificSerial0	SUCCESS	Length 12: 06 01 02 E0 0B 01 01 00 1A 00 90 F5 	
172	0.03046660	PrecisionPower	IRP_MJ_READ	ProlificSerial0	SUCCESS	Length 26: 00 80 19 00 01 00 00 00 67 CA 82 90 46 0A BC 6A E5 AE E4 2B 1F 8F 38 89 1F E3 	
173	0.02145620	PrecisionPower	IRP_MJ_CLEANUP	ProlificSerial0	SUCCESS		
174	0.09918570	PrecisionPower	IRP_MJ_CLOSE	ProlificSerial0	SUCCESS		
175	0.20810390	PrecisionPower	IRP_MJ_CREATE	ProlificSerial0	SUCCESS	Options: Open 	
176	0.00001490	PrecisionPower	IOCTL_SERIAL_SET_TIMEOUTS	ProlificSerial0	SUCCESS	RI:0 RM:0 RC:10000 WM:0 WC:1000	
177	0.00000400	PrecisionPower	IOCTL_SERIAL_SET_QUEUE_SIZE	ProlificSerial0	SUCCESS	InSize: 2048 OutSize: 2048	
178	0.00000930	PrecisionPower	IOCTL_SERIAL_PURGE	ProlificSerial0	SUCCESS	Purge: TXCLEAR RXCLEAR	
179	0.00000470	PrecisionPower	IOCTL_SERIAL_GET_BAUD_RATE	ProlificSerial0	SUCCESS		
180	0.00000310	PrecisionPower	IOCTL_SERIAL_GET_LINE_CONTROL	ProlificSerial0	SUCCESS		
181	0.00000270	PrecisionPower	IOCTL_SERIAL_GET_CHARS	ProlificSerial0	SUCCESS		
182	0.00000300	PrecisionPower	IOCTL_SERIAL_GET_HANDFLOW	ProlificSerial0	SUCCESS		
183	0.01967080	PrecisionPower	IOCTL_SERIAL_SET_BAUD_RATE	ProlificSerial0	SUCCESS	Rate: 9600	
184	0.00007760	PrecisionPower	IOCTL_SERIAL_SET_RTS	ProlificSerial0	SUCCESS		
185	0.00003740	PrecisionPower	IOCTL_SERIAL_SET_DTR	ProlificSerial0	SUCCESS		
186	0.00000410	PrecisionPower	IOCTL_SERIAL_SET_LINE_CONTROL	ProlificSerial0	SUCCESS	StopBits: ERROR Parity: NONE WordLength: 8	
187	0.00003560	PrecisionPower	IOCTL_SERIAL_SET_CHAR	ProlificSerial0	SUCCESS	EOF:0 ERR:0 BRK:0 EVT:0 XON:0 XOFF:0	
188	0.00000370	PrecisionPower	IOCTL_SERIAL_SET_HANDFLOW	ProlificSerial0	SUCCESS	Shake:1 Replace:40 XonLimit:0 XoffLimit:0	
189	0.00000220	PrecisionPower	IOCTL_SERIAL_SET_TIMEOUTS	ProlificSerial0	SUCCESS	RI:0 RM:0 RC:1000 WM:0 WC:1000	
190	0.00000540	PrecisionPower	IOCTL_SERIAL_PURGE	ProlificSerial0	SUCCESS	Purge: TXCLEAR RXCLEAR	
191	0.00263280	PrecisionPower	IRP_MJ_WRITE	ProlificSerial0	SUCCESS	Length 11: 01 02 E0 0B 01 01 00 12 00 45 01 	
192	0.00117810	PrecisionPower	IRP_MJ_WRITE	ProlificSerial0	SUCCESS	Length 18: 1A 00 00 00 00 00 00 00 08 00 00 00 02 00 00 00 10 0F 	
193	0.05579930	PrecisionPower	IRP_MJ_READ	ProlificSerial0	SUCCESS	Length 12: 06 01 02 E0 0B 01 01 00 1A 00 8F F5 	
194	0.03175330	PrecisionPower	IRP_MJ_READ	ProlificSerial0	SUCCESS	Length 26: 00 80 1A 00 01 00 00 00 67 CA 82 90 46 0A BC 6A E5 AE E4 2B 1F 8F 38 89 1F E3 	
195	0.02774070	PrecisionPower	IRP_MJ_CLEANUP	ProlificSerial0	SUCCESS		
196	0.08726140	PrecisionPower	IRP_MJ_CLOSE	ProlificSerial0	SUCCESS		
197	0.21925270	PrecisionPower	IRP_MJ_CREATE	ProlificSerial0	SUCCESS	Options: Open 	
198	0.00000660	PrecisionPower	IOCTL_SERIAL_SET_TIMEOUTS	ProlificSerial0	SUCCESS	RI:0 RM:0 RC:10000 WM:0 WC:1000	
199	0.00000160	PrecisionPower	IOCTL_SERIAL_SET_QUEUE_SIZE	ProlificSerial0	SUCCESS	InSize: 2048 OutSize: 2048	
200	0.00000440	PrecisionPower	IOCTL_SERIAL_PURGE	ProlificSerial0	SUCCESS	Purge: TXCLEAR RXCLEAR	
201	0.00000170	PrecisionPower	IOCTL_SERIAL_GET_BAUD_RATE	ProlificSerial0	SUCCESS		
202	0.00000110	PrecisionPower	IOCTL_SERIAL_GET_LINE_CONTROL	ProlificSerial0	SUCCESS		
203	0.00000080	PrecisionPower	IOCTL_SERIAL_GET_CHARS	ProlificSerial0	SUCCESS		
204	0.00000100	PrecisionPower	IOCTL_SERIAL_GET_HANDFLOW	ProlificSerial0	SUCCESS		
205	0.02166780	PrecisionPower	IOCTL_SERIAL_SET_BAUD_RATE	ProlificSerial0	SUCCESS	Rate: 9600	
206	0.00012560	PrecisionPower	IOCTL_SERIAL_SET_RTS	ProlificSerial0	SUCCESS		
207	0.00012790	PrecisionPower	IOCTL_SERIAL_SET_DTR	ProlificSerial0	SUCCESS		
208	0.00000700	PrecisionPower	IOCTL_SERIAL_SET_LINE_CONTROL	ProlificSerial0	SUCCESS	StopBits: ERROR Parity: NONE WordLength: 8	
209	0.00006370	PrecisionPower	IOCTL_SERIAL_SET_CHAR	ProlificSerial0	SUCCESS	EOF:0 ERR:0 BRK:0 EVT:0 XON:0 XOFF:0	
210	0.00000590	PrecisionPower	IOCTL_SERIAL_SET_HANDFLOW	ProlificSerial0	SUCCESS	Shake:1 Replace:40 XonLimit:0 XoffLimit:0	
211	0.00000380	PrecisionPower	IOCTL_SERIAL_SET_TIMEOUTS	ProlificSerial0	SUCCESS	RI:0 RM:0 RC:4000 WM:0 WC:1000	
212	0.00000870	PrecisionPower	IOCTL_SERIAL_PURGE	ProlificSerial0	SUCCESS	Purge: TXCLEAR RXCLEAR	
213	0.00231730	PrecisionPower	IRP_MJ_WRITE	ProlificSerial0	SUCCESS	Length 11: 01 02 C2 0B 01 01 00 00 00 D2 00 	
214	0.04538770	PrecisionPower	IRP_MJ_READ	ProlificSerial0	SUCCESS	Length 12: 06 01 02 C2 0B 01 01 00 02 00 28 FF 	
215	0.00185480	PrecisionPower	IRP_MJ_READ	ProlificSerial0	SUCCESS	Length 2: 04 00 	
216	0.02705560	PrecisionPower	IRP_MJ_CLEANUP	ProlificSerial0	SUCCESS		
217	0.08728650	PrecisionPower	IRP_MJ_CLOSE	ProlificSerial0	SUCCESS		
218	0.20511610	PrecisionPower	IRP_MJ_CREATE	ProlificSerial0	SUCCESS	Options: Open 	
219	0.00001240	PrecisionPower	IOCTL_SERIAL_SET_TIMEOUTS	ProlificSerial0	SUCCESS	RI:0 RM:0 RC:10000 WM:0 WC:1000	
220	0.00000390	PrecisionPower	IOCTL_SERIAL_SET_QUEUE_SIZE	ProlificSerial0	SUCCESS	InSize: 2048 OutSize: 2048	
221	0.00000800	PrecisionPower	IOCTL_SERIAL_PURGE	ProlificSerial0	SUCCESS	Purge: TXCLEAR RXCLEAR	
222	0.00000400	PrecisionPower	IOCTL_SERIAL_GET_BAUD_RATE	ProlificSerial0	SUCCESS		
223	0.00000280	PrecisionPower	IOCTL_SERIAL_GET_LINE_CONTROL	ProlificSerial0	SUCCESS		
224	0.00000220	PrecisionPower	IOCTL_SERIAL_GET_CHARS	ProlificSerial0	SUCCESS		
225	0.00000280	PrecisionPower	IOCTL_SERIAL_GET_HANDFLOW	ProlificSerial0	SUCCESS		
226	0.02034340	PrecisionPower	IOCTL_SERIAL_SET_BAUD_RATE	ProlificSerial0	SUCCESS	Rate: 9600	
227	0.00010560	PrecisionPower	IOCTL_SERIAL_SET_RTS	ProlificSerial0	SUCCESS		
228	0.00005890	PrecisionPower	IOCTL_SERIAL_SET_DTR	ProlificSerial0	SUCCESS		
229	0.00000630	PrecisionPower	IOCTL_SERIAL_SET_LINE_CONTROL	ProlificSerial0	SUCCESS	StopBits: ERROR Parity: NONE WordLength: 8	
230	0.00005660	PrecisionPower	IOCTL_SERIAL_SET_CHAR	ProlificSerial0	SUCCESS	EOF:0 ERR:0 BRK:0 EVT:0 XON:0 XOFF:0	
231	0.00000510	PrecisionPower	IOCTL_SERIAL_SET_HANDFLOW	ProlificSerial0	SUCCESS	Shake:1 Replace:40 XonLimit:0 XoffLimit:0	
232	0.00000330	PrecisionPower	IOCTL_SERIAL_SET_TIMEOUTS	ProlificSerial0	SUCCESS	RI:0 RM:0 RC:4000 WM:0 WC:1000	
233	0.00000720	PrecisionPower	IOCTL_SERIAL_PURGE	ProlificSerial0	SUCCESS	Purge: TXCLEAR RXCLEAR	
234	0.00219620	PrecisionPower	IRP_MJ_WRITE	ProlificSerial0	SUCCESS	Length 11: 01 02 C3 0B 01 01 00 02 00 D6 00 	
235	0.00201940	PrecisionPower	IRP_MJ_WRITE	ProlificSerial0	SUCCESS	Length 2: 01 00 	
236	0.03106870	PrecisionPower	IRP_MJ_READ	ProlificSerial0	SUCCESS	Length 12: 06 01 02 C3 0B 01 01 00 22 00 AF F8 	
237	0.04090690	PrecisionPower	IRP_MJ_READ	ProlificSerial0	SUCCESS	Length 34: 00 80 41 0A 46 69 73 68 65 72 31 30 30 00 97 F2 E7 07 00 20 00 01 06 00 00 01 00 00 00 00 00 00 00 00 	
238	0.01600780	PrecisionPower	IRP_MJ_CLEANUP	ProlificSerial0	SUCCESS		
239	0.08679900	PrecisionPower	IRP_MJ_CLOSE	ProlificSerial0	SUCCESS		
240	0.22470300	PrecisionPower	IRP_MJ_CREATE	ProlificSerial0	SUCCESS	Options: Open 	
241	0.00001690	PrecisionPower	IOCTL_SERIAL_SET_TIMEOUTS	ProlificSerial0	SUCCESS	RI:0 RM:0 RC:10000 WM:0 WC:1000	
242	0.00000650	PrecisionPower	IOCTL_SERIAL_SET_QUEUE_SIZE	ProlificSerial0	SUCCESS	InSize: 2048 OutSize: 2048	
243	0.00000930	PrecisionPower	IOCTL_SERIAL_PURGE	ProlificSerial0	SUCCESS	Purge: TXCLEAR RXCLEAR	
244	0.00000490	PrecisionPower	IOCTL_SERIAL_GET_BAUD_RATE	ProlificSerial0	SUCCESS		
245	0.00000640	PrecisionPower	IOCTL_SERIAL_GET_LINE_CONTROL	ProlificSerial0	SUCCESS		
246	0.00000490	PrecisionPower	IOCTL_SERIAL_GET_CHARS	ProlificSerial0	SUCCESS		
247	0.00000550	PrecisionPower	IOCTL_SERIAL_GET_HANDFLOW	ProlificSerial0	SUCCESS		
248	0.01631120	PrecisionPower	IOCTL_SERIAL_SET_BAUD_RATE	ProlificSerial0	SUCCESS	Rate: 9600	
249	0.00006430	PrecisionPower	IOCTL_SERIAL_SET_RTS	ProlificSerial0	SUCCESS		
250	0.00002420	PrecisionPower	IOCTL_SERIAL_SET_DTR	ProlificSerial0	SUCCESS		
251	0.00000320	PrecisionPower	IOCTL_SERIAL_SET_LINE_CONTROL	ProlificSerial0	SUCCESS	StopBits: ERROR Parity: NONE WordLength: 8	
252	0.00002140	PrecisionPower	IOCTL_SERIAL_SET_CHAR	ProlificSerial0	SUCCESS	EOF:0 ERR:0 BRK:0 EVT:0 XON:0 XOFF:0	
253	0.00000230	PrecisionPower	IOCTL_SERIAL_SET_HANDFLOW	ProlificSerial0	SUCCESS	Shake:1 Replace:40 XonLimit:0 XoffLimit:0	
254	0.00000190	PrecisionPower	IOCTL_SERIAL_SET_TIMEOUTS	ProlificSerial0	SUCCESS	RI:0 RM:0 RC:4000 WM:0 WC:1000	
255	0.00000380	PrecisionPower	IOCTL_SERIAL_PURGE	ProlificSerial0	SUCCESS	Purge: TXCLEAR RXCLEAR	
256	0.00166300	PrecisionPower	IRP_MJ_WRITE	ProlificSerial0	SUCCESS	Length 11: 01 02 C3 0B 01 01 00 02 00 D7 00 	
257	0.00188820	PrecisionPower	IRP_MJ_WRITE	ProlificSerial0	SUCCESS	Length 2: 02 00 	
258	0.02860100	PrecisionPower	IRP_MJ_READ	ProlificSerial0	SUCCESS	Length 12: 06 01 02 C3 0B 01 01 00 22 00 E0 F9 	
259	0.04302380	PrecisionPower	IRP_MJ_READ	ProlificSerial0	SUCCESS	Length 34: 00 80 43 0B 43 4F 52 4E 49 4E 47 39 36 46 4C 41 54 00 3E 07 00 01 0C 64 00 01 00 00 00 00 00 00 00 00 	
260	0.01764840	PrecisionPower	IRP_MJ_CLEANUP	ProlificSerial0	SUCCESS		
261	0.08679490	PrecisionPower	IRP_MJ_CLOSE	ProlificSerial0	SUCCESS		
262	0.22470250	PrecisionPower	IRP_MJ_CREATE	ProlificSerial0	SUCCESS	Options: Open 	
263	0.00000890	PrecisionPower	IOCTL_SERIAL_SET_TIMEOUTS	ProlificSerial0	SUCCESS	RI:0 RM:0 RC:10000 WM:0 WC:1000	
264	0.00000240	PrecisionPower	IOCTL_SERIAL_SET_QUEUE_SIZE	ProlificSerial0	SUCCESS	InSize: 2048 OutSize: 2048	
265	0.00000490	PrecisionPower	IOCTL_SERIAL_PURGE	ProlificSerial0	SUCCESS	Purge: TXCLEAR RXCLEAR	
266	0.00000250	PrecisionPower	IOCTL_SERIAL_GET_BAUD_RATE	ProlificSerial0	SUCCESS		
267	0.00000170	PrecisionPower	IOCTL_SERIAL_GET_LINE_CONTROL	ProlificSerial0	SUCCESS		
268	0.00000140	PrecisionPower	IOCTL_SERIAL_GET_CHARS	ProlificSerial0	SUCCESS		
269	0.00000160	PrecisionPower	IOCTL_SERIAL_GET_HANDFLOW	ProlificSerial0	SUCCESS		
270	0.01659680	PrecisionPower	IOCTL_SERIAL_SET_BAUD_RATE	ProlificSerial0	SUCCESS	Rate: 9600	
271	0.00009910	PrecisionPower	IOCTL_SERIAL_SET_RTS	ProlificSerial0	SUCCESS		
272	0.00006170	PrecisionPower	IOCTL_SERIAL_SET_DTR	ProlificSerial0	SUCCESS		
273	0.00000750	PrecisionPower	IOCTL_SERIAL_SET_LINE_CONTROL	ProlificSerial0	SUCCESS	StopBits: ERROR Parity: NONE WordLength: 8	
274	0.00005960	PrecisionPower	IOCTL_SERIAL_SET_CHAR	ProlificSerial0	SUCCESS	EOF:0 ERR:0 BRK:0 EVT:0 XON:0 XOFF:0	
275	0.00000640	PrecisionPower	IOCTL_SERIAL_SET_HANDFLOW	ProlificSerial0	SUCCESS	Shake:1 Replace:40 XonLimit:0 XoffLimit:0	
276	0.00000490	PrecisionPower	IOCTL_SERIAL_SET_TIMEOUTS	ProlificSerial0	SUCCESS	RI:0 RM:0 RC:4000 WM:0 WC:1000	
277	0.00000800	PrecisionPower	IOCTL_SERIAL_PURGE	ProlificSerial0	SUCCESS	Purge: TXCLEAR RXCLEAR	
278	0.00160340	PrecisionPower	IRP_MJ_WRITE	ProlificSerial0	SUCCESS	Length 11: 01 02 C3 0B 01 01 00 02 00 D8 00 	
279	0.00105150	PrecisionPower	IRP_MJ_WRITE	ProlificSerial0	SUCCESS	Length 2: 03 00 	
280	0.05018310	PrecisionPower	IRP_MJ_READ	ProlificSerial0	SUCCESS	Length 12: 06 01 02 C3 0B 01 01 00 22 00 BD F9 	
281	0.04039020	PrecisionPower	IRP_MJ_READ	ProlificSerial0	SUCCESS	Length 34: 00 80 44 0B 4E 46 5F 38 58 31 32 53 54 52 50 53 00 07 00 20 00 01 0C C8 00 01 00 00 00 00 00 00 00 00 	
282	0.03061030	PrecisionPower	IRP_MJ_CLEANUP	ProlificSerial0	SUCCESS		
283	0.08737130	PrecisionPower	IRP_MJ_CLOSE	ProlificSerial0	SUCCESS		
284	0.22656160	PrecisionPower	IRP_MJ_CREATE	ProlificSerial0	SUCCESS	Options: Open 	
285	0.00001710	PrecisionPower	IOCTL_SERIAL_SET_TIMEOUTS	ProlificSerial0	SUCCESS	RI:0 RM:0 RC:10000 WM:0 WC:1000	
286	0.00000630	PrecisionPower	IOCTL_SERIAL_SET_QUEUE_SIZE	ProlificSerial0	SUCCESS	InSize: 2048 OutSize: 2048	
287	0.00001000	PrecisionPower	IOCTL_SERIAL_PURGE	ProlificSerial0	SUCCESS	Purge: TXCLEAR RXCLEAR	
288	0.00000750	PrecisionPower	IOCTL_SERIAL_GET_BAUD_RATE	ProlificSerial0	SUCCESS		
289	0.00000540	PrecisionPower	IOCTL_SERIAL_GET_LINE_CONTROL	ProlificSerial0	SUCCESS		
290	0.00000490	PrecisionPower	IOCTL_SERIAL_GET_CHARS	ProlificSerial0	SUCCESS		
291	0.00000540	PrecisionPower	IOCTL_SERIAL_GET_HANDFLOW	ProlificSerial0	SUCCESS		
292	0.02950440	PrecisionPower	IOCTL_SERIAL_SET_BAUD_RATE	ProlificSerial0	SUCCESS	Rate: 9600	
293	0.00008200	PrecisionPower	IOCTL_SERIAL_SET_RTS	ProlificSerial0	SUCCESS		
294	0.00004460	PrecisionPower	IOCTL_SERIAL_SET_DTR	ProlificSerial0	SUCCESS		
295	0.00000520	PrecisionPower	IOCTL_SERIAL_SET_LINE_CONTROL	ProlificSerial0	SUCCESS	StopBits: ERROR Parity: NONE WordLength: 8	
296	0.00007970	PrecisionPower	IOCTL_SERIAL_SET_CHAR	ProlificSerial0	SUCCESS	EOF:0 ERR:0 BRK:0 EVT:0 XON:0 XOFF:0	
297	0.00000510	PrecisionPower	IOCTL_SERIAL_SET_HANDFLOW	ProlificSerial0	SUCCESS	Shake:1 Replace:40 XonLimit:0 XoffLimit:0	
298	0.00000270	PrecisionPower	IOCTL_SERIAL_SET_TIMEOUTS	ProlificSerial0	SUCCESS	RI:0 RM:0 RC:4000 WM:0 WC:1000	
299	0.00000580	PrecisionPower	IOCTL_SERIAL_PURGE	ProlificSerial0	SUCCESS	Purge: TXCLEAR RXCLEAR	
300	0.00706740	PrecisionPower	IRP_MJ_WRITE	ProlificSerial0	SUCCESS	Length 11: 01 02 C3 0B 01 01 00 02 00 D9 00 	
301	0.00194340	PrecisionPower	IRP_MJ_WRITE	ProlificSerial0	SUCCESS	Length 2: 04 00 	
302	0.03526820	PrecisionPower	IRP_MJ_READ	ProlificSerial0	SUCCESS	Length 12: 06 01 02 C3 0B 01 01 00 22 00 B3 F9 	
303	0.03828600	PrecisionPower	IRP_MJ_READ	ProlificSerial0	SUCCESS	Length 34: 00 80 46 0B 52 45 41 47 5F 52 45 53 5F 55 4E 49 56 00 3E 07 00 01 04 32 00 02 00 00 00 00 00 00 00 00 	
