0	0.23888170	PrecisionPower	IRP_MJ_CREATE	ProlificSerial0	SUCCESS	Options: Open 	
1	0.00001610	PrecisionPower	IOCTL_SERIAL_SET_TIMEOUTS	ProlificSerial0	SUCCESS	RI:0 RM:0 RC:10000 WM:0 WC:1000	
2	0.00000520	PrecisionPower	IOCTL_SERIAL_SET_QUEUE_SIZE	ProlificSerial0	SUCCESS	InSize: 2048 OutSize: 2048	
3	0.00000940	PrecisionPower	IOCTL_SERIAL_PURGE	ProlificSerial0	SUCCESS	Purge: TXCLEAR RXCLEAR	
4	0.00000620	PrecisionPower	IOCTL_SERIAL_GET_BAUD_RATE	ProlificSerial0	SUCCESS		
5	0.00000530	PrecisionPower	IOCTL_SERIAL_GET_LINE_CONTROL	ProlificSerial0	SUCCESS		
6	0.00000420	PrecisionPower	IOCTL_SERIAL_GET_CHARS	ProlificSerial0	SUCCESS		
7	0.00000450	PrecisionPower	IOCTL_SERIAL_GET_HANDFLOW	ProlificSerial0	SUCCESS		
8	0.03073560	PrecisionPower	IOCTL_SERIAL_SET_BAUD_RATE	ProlificSerial0	SUCCESS	Rate: 9600	
9	0.00006610	PrecisionPower	IOCTL_SERIAL_SET_RTS	ProlificSerial0	SUCCESS		
10	0.00003230	PrecisionPower	IOCTL_SERIAL_SET_DTR	ProlificSerial0	SUCCESS		
11	0.00000320	PrecisionPower	IOCTL_SERIAL_SET_LINE_CONTROL	ProlificSerial0	SUCCESS	StopBits: ERROR Parity: NONE WordLength: 8	
12	0.00003110	PrecisionPower	IOCTL_SERIAL_SET_CHAR	ProlificSerial0	SUCCESS	EOF:0 ERR:0 BRK:0 EVT:0 XON:0 XOFF:0	
13	0.00000340	PrecisionPower	IOCTL_SERIAL_SET_HANDFLOW	ProlificSerial0	SUCCESS	Shake:1 Replace:40 XonLimit:0 XoffLimit:0	
14	0.00000200	PrecisionPower	IOCTL_SERIAL_SET_TIMEOUTS	ProlificSerial0	SUCCESS	RI:0 RM:0 RC:1000 WM:0 WC:1000	
15	0.00000500	PrecisionPower	IOCTL_SERIAL_PURGE	ProlificSerial0	SUCCESS	Purge: TXCLEAR RXCLEAR	
16	0.00641260	PrecisionPower	IRP_MJ_WRITE	ProlificSerial0	SUCCESS	Length 11: 01 02 DF 0B 01 01 00 14 00 F0 04 	
17	0.00176230	PrecisionPower	IRP_MJ_WRITE	ProlificSerial0	SUCCESS	Length 20: 66 66 06 40 08 00 00 00 02 00 00 00 B0 1C BA 00 65 1F C5 02 	
18	0.05571020	PrecisionPower	IRP_MJ_READ	ProlificSerial0	SUCCESS	Length 12: 06 01 02 DF 0B 01 01 00 25 00 BC F8 	
19	0.04484580	PrecisionPower	IRP_MJ_READ	ProlificSerial0	SUCCESS	Length 37: 00 80 48 E1 0A 40 5C 8F 82 3F 03 FF 00 0A 00 28 00 FA 00 63 00 	
20	0.02271170	PrecisionPower	IRP_MJ_CLEANUP	ProlificSerial0	SUCCESS		
21	0.08894210	PrecisionPower	IRP_MJ_CLOSE	ProlificSerial0	SUCCESS		
22	0.22318100	PrecisionPower	IRP_MJ_CREATE	ProlificSerial0	SUCCESS	Options: Open 	
23	0.00001740	PrecisionPower	IOCTL_SERIAL_SET_TIMEOUTS	ProlificSerial0	SUCCESS	RI:0 RM:0 RC:10000 WM:0 WC:1000	
24	0.00000840	PrecisionPower	IOCTL_SERIAL_SET_QUEUE_SIZE	ProlificSerial0	SUCCESS	InSize: 2048 OutSize: 2048	
25	0.00000900	PrecisionPower	IOCTL_SERIAL_PURGE	ProlificSerial0	SUCCESS	Purge: TXCLEAR RXCLEAR	
26	0.00000360	PrecisionPower	IOCTL_SERIAL_GET_BAUD_RATE	ProlificSerial0	SUCCESS		
27	0.00000220	PrecisionPower	IOCTL_SERIAL_GET_LINE_CONTROL	ProlificSerial0	SUCCESS		
28	0.00000180	PrecisionPower	IOCTL_SERIAL_GET_CHARS	ProlificSerial0	SUCCESS		
29	0.00000200	PrecisionPower	IOCTL_SERIAL_GET_HANDFLOW	ProlificSerial0	SUCCESS		
30	0.03109470	PrecisionPower	IOCTL_SERIAL_SET_BAUD_RATE	ProlificSerial0	SUCCESS	Rate: 9600	
31	0.00014870	PrecisionPower	IOCTL_SERIAL_SET_RTS	ProlificSerial0	SUCCESS		
32	0.00008320	PrecisionPower	IOCTL_SERIAL_SET_DTR	ProlificSerial0	SUCCESS		
33	0.00000800	PrecisionPower	IOCTL_SERIAL_SET_LINE_CONTROL	ProlificSerial0	SUCCESS	StopBits: ERROR Parity: NONE WordLength: 8	
34	0.00007790	PrecisionPower	IOCTL_SERIAL_SET_CHAR	ProlificSerial0	SUCCESS	EOF:0 ERR:0 BRK:0 EVT:0 XON:0 XOFF:0	
35	0.00000820	PrecisionPower	IOCTL_SERIAL_SET_HANDFLOW	ProlificSerial0	SUCCESS	Shake:1 Replace:40 XonLimit:0 XoffLimit:0	
36	0.00000460	PrecisionPower	IOCTL_SERIAL_SET_TIMEOUTS	ProlificSerial0	SUCCESS	RI:0 RM:0 RC:4000 WM:0 WC:1000	
37	0.00001060	PrecisionPower	IOCTL_SERIAL_PURGE	ProlificSerial0	SUCCESS	Purge: TXCLEAR RXCLEAR	
38	0.00602510	PrecisionPower	IRP_MJ_WRITE	ProlificSerial0	SUCCESS	Length 11: 01 02 BD 0B 01 01 00 00 00 CD 00 	
39	0.15437060	PrecisionPower	IRP_MJ_READ	ProlificSerial0	SUCCESS	Length 12: 06 01 02 BD 0B 01 01 00 02 00 B1 FE 	
40	0.00002820	PrecisionPower	IRP_MJ_READ	ProlificSerial0	SUCCESS	Length 2: 00 80 	
41	0.00000990	PrecisionPower	IOCTL_SERIAL_SET_TIMEOUTS	ProlificSerial0	SUCCESS	RI:0 RM:0 RC:1000 WM:0 WC:1000	
42	0.00000640	PrecisionPower	IOCTL_SERIAL_PURGE	ProlificSerial0	SUCCESS	Purge: TXCLEAR RXCLEAR	
43	0.00239440	PrecisionPower	IRP_MJ_WRITE	ProlificSerial0	SUCCESS	Length 11: 01 02 DF 0B 01 01 00 14 00 1E 08 	
44	0.00200290	PrecisionPower	IRP_MJ_WRITE	ProlificSerial0	SUCCESS	Length 20: 66 66 06 40 00 80 BA 00 B0 1C BA 00 00 80 BA 00 67 E1 C5 02 	
45	0.05413510	PrecisionPower	IRP_MJ_READ	ProlificSerial0	SUCCESS	Length 12: 06 01 02 DF 0B 01 01 00 25 00 BC F8 	
46	0.04389180	PrecisionPower	IRP_MJ_READ	ProlificSerial0	SUCCESS	Length 37: 00 80 48 E1 0A 40 5C 8F 82 3F 03 FF 00 0A 00 28 00 FA 00 63 00 	
47	0.00003330	PrecisionPower	IOCTL_SERIAL_SET_TIMEOUTS	ProlificSerial0	SUCCESS	RI:0 RM:0 RC:10000 WM:0 WC:1000	
48	0.00001080	PrecisionPower	IOCTL_SERIAL_PURGE	ProlificSerial0	SUCCESS	Purge: TXCLEAR RXCLEAR	
49	0.00309180	PrecisionPower	IRP_MJ_WRITE	ProlificSerial0	SUCCESS	Length 11: 01 02 BA 0B 01 01 00 54 00 37 0B 	
50	0.00194500	PrecisionPower	IRP_MJ_WRITE	ProlificSerial0	SUCCESS	Length 84: 01 0A 46 69 73 68 65 72 31 30 30 00 00 00 00 00 00 00 00 01 00 	
51	0.13493100	PrecisionPower	IRP_MJ_READ	ProlificSerial0	SUCCESS	Length 12: 06 01 02 BA 0B 01 01 00 02 00 B4 FE 	
52	0.00181090	PrecisionPower	IRP_MJ_READ	ProlificSerial0	SUCCESS	Length 2: 00 80 	
53	0.00001400	PrecisionPower	IOCTL_SERIAL_SET_TIMEOUTS	ProlificSerial0	SUCCESS	RI:0 RM:0 RC:10000 WM:0 WC:1000	
54	0.00000770	PrecisionPower	IOCTL_SERIAL_PURGE	ProlificSerial0	SUCCESS	Purge: TXCLEAR RXCLEAR	
55	0.00187160	PrecisionPower	IRP_MJ_WRITE	ProlificSerial0	SUCCESS	Length 11: 01 02 BA 0B 01 01 00 54 00 F4 0A 	
56	0.00180030	PrecisionPower	IRP_MJ_WRITE	ProlificSerial0	SUCCESS	Length 84: 01 0B 43 4F 52 4E 49 4E 47 39 36 46 4C 41 54 00 00 00 00 00 00 	
57	0.14080200	PrecisionPower	IRP_MJ_READ	ProlificSerial0	SUCCESS	Length 12: 06 01 02 BA 0B 01 01 00 02 00 B4 FE 	
58	0.00199820	PrecisionPower	IRP_MJ_READ	ProlificSerial0	SUCCESS	Length 2: 00 80 	
59	0.00000850	PrecisionPower	IOCTL_SERIAL_SET_TIMEOUTS	ProlificSerial0	SUCCESS	RI:0 RM:0 RC:10000 WM:0 WC:1000	
60	0.00000540	PrecisionPower	IOCTL_SERIAL_PURGE	ProlificSerial0	SUCCESS	Purge: TXCLEAR RXCLEAR	
61	0.00193720	PrecisionPower	IRP_MJ_WRITE	ProlificSerial0	SUCCESS	Length 11: 01 02 BA 0B 01 01 00 54 00 AB 09 	
62	0.00208740	PrecisionPower	IRP_MJ_WRITE	ProlificSerial0	SUCCESS	Length 84: 01 0B 4E 46 5F 38 58 31 32 53 54 52 50 53 00 00 00 00 00 01 00 	
63	0.14122650	PrecisionPower	IRP_MJ_READ	ProlificSerial0	SUCCESS	Length 12: 06 01 02 BA 0B 01 01 00 02 00 B4 FE 	
64	0.00180300	PrecisionPower	IRP_MJ_READ	ProlificSerial0	SUCCESS	Length 2: 00 80 	
65	0.00002390	PrecisionPower	IOCTL_SERIAL_SET_TIMEOUTS	ProlificSerial0	SUCCESS	RI:0 RM:0 RC:10000 WM:0 WC:1000	
66	0.00001160	PrecisionPower	IOCTL_SERIAL_PURGE	ProlificSerial0	SUCCESS	Purge: TXCLEAR RXCLEAR	
67	0.00159920	PrecisionPower	IRP_MJ_WRITE	ProlificSerial0	SUCCESS	Length 11: 01 02 BA 0B 01 01 00 54 00 7C 0A 	
68	0.00181710	PrecisionPower	IRP_MJ_WRITE	ProlificSerial0	SUCCESS	Length 84: 01 0B 52 45 41 47 5F 52 45 53 5F 55 4E 49 56 00 00 00 00 01 00 	
69	0.14166150	PrecisionPower	IRP_MJ_READ	ProlificSerial0	SUCCESS	Length 12: 06 01 02 BA 0B 01 01 00 02 00 B4 FE 	
70	0.00198740	PrecisionPower	IRP_MJ_READ	ProlificSerial0	SUCCESS	Length 2: 00 80 	
71	0.00001790	PrecisionPower	IOCTL_SERIAL_SET_TIMEOUTS	ProlificSerial0	SUCCESS	RI:0 RM:0 RC:10000 WM:0 WC:1000	
72	0.00001030	PrecisionPower	IOCTL_SERIAL_PURGE	ProlificSerial0	SUCCESS	Purge: TXCLEAR RXCLEAR	
73	0.00174710	PrecisionPower	IRP_MJ_WRITE	ProlificSerial0	SUCCESS	Length 11: 01 02 B9 0B 01 01 00 3B 00 EB 01 	
74	0.00204680	PrecisionPower	IRP_MJ_WRITE	ProlificSerial0	SUCCESS	Length 59: 01 07 54 44 44 00 00 00 00 00 00 00 00 00 00 00 00 00 00 01 00 	
75	0.09714660	PrecisionPower	IRP_MJ_READ	ProlificSerial0	SUCCESS	Length 12: 06 01 02 B9 0B 01 01 00 02 00 B5 FE 	
76	0.00191040	PrecisionPower	IRP_MJ_READ	ProlificSerial0	SUCCESS	Length 2: 00 80 	
77	0.00001220	PrecisionPower	IOCTL_SERIAL_SET_TIMEOUTS	ProlificSerial0	SUCCESS	RI:0 RM:0 RC:10000 WM:0 WC:1000	
78	0.00000660	PrecisionPower	IOCTL_SERIAL_PURGE	ProlificSerial0	SUCCESS	Purge: TXCLEAR RXCLEAR	
79	0.00181550	PrecisionPower	IRP_MJ_WRITE	ProlificSerial0	SUCCESS	Length 11: 01 02 B9 0B 01 01 00 3B 00 31 03 	
80	0.00199210	PrecisionPower	IRP_MJ_WRITE	ProlificSerial0	SUCCESS	Length 59: 01 08 41 30 30 30 4E 32 34 30 00 00 00 00 00 00 00 00 00 01 00 	
81	0.09739020	PrecisionPower	IRP_MJ_READ	ProlificSerial0	SUCCESS	Length 12: 06 01 02 B9 0B 01 01 00 02 00 B5 FE 	
82	0.00172550	PrecisionPower	IRP_MJ_READ	ProlificSerial0	SUCCESS	Length 2: 00 80 	
83	0.00001260	PrecisionPower	IOCTL_SERIAL_SET_TIMEOUTS	ProlificSerial0	SUCCESS	RI:0 RM:0 RC:10000 WM:0 WC:1000	
84	0.00000850	PrecisionPower	IOCTL_SERIAL_PURGE	ProlificSerial0	SUCCESS	Purge: TXCLEAR RXCLEAR	
85	0.00191020	PrecisionPower	IRP_MJ_WRITE	ProlificSerial0	SUCCESS	Length 11: 01 02 BB 0B 01 01 00 27 00 73 02 	
86	0.00193430	PrecisionPower	IRP_MJ_WRITE	ProlificSerial0	SUCCESS	Length 39: 01 04 66 6F 6F 32 00 00 00 00 00 00 00 00 00 00 00 00 00 00 00 	
87	0.07913940	PrecisionPower	IRP_MJ_READ	ProlificSerial0	SUCCESS	Length 12: 06 01 02 BB 0B 01 01 00 02 00 B3 FE 	
88	0.00400480	PrecisionPower	IRP_MJ_READ	ProlificSerial0	SUCCESS	Length 2: 00 80 	
89	0.00001960	PrecisionPower	IOCTL_SERIAL_SET_TIMEOUTS	ProlificSerial0	SUCCESS	RI:0 RM:0 RC:10000 WM:0 WC:1000	
90	0.00001090	PrecisionPower	IOCTL_SERIAL_PURGE	ProlificSerial0	SUCCESS	Purge: TXCLEAR RXCLEAR	
91	0.00152260	PrecisionPower	IRP_MJ_WRITE	ProlificSerial0	SUCCESS	Length 11: 01 02 BC 0B 01 01 00 34 00 4C 04 	
92	0.00194740	PrecisionPower	IRP_MJ_WRITE	ProlificSerial0	SUCCESS	Length 52: 01 04 41 0A 00 01 06 00 00 01 01 00 00 00 00 00 00 00 00 00 00 	
93	0.09514480	PrecisionPower	IRP_MJ_READ	ProlificSerial0	SUCCESS	Length 12: 06 01 02 BC 0B 01 01 00 02 00 B2 FE 	
94	0.00190380	PrecisionPower	IRP_MJ_READ	ProlificSerial0	SUCCESS	Length 2: 00 80 	
95	0.00001110	PrecisionPower	IOCTL_SERIAL_SET_TIMEOUTS	ProlificSerial0	SUCCESS	RI:0 RM:0 RC:10000 WM:0 WC:1000	
96	0.00000600	PrecisionPower	IOCTL_SERIAL_PURGE	ProlificSerial0	SUCCESS	Purge: TXCLEAR RXCLEAR	
97	0.00187590	PrecisionPower	IRP_MJ_WRITE	ProlificSerial0	SUCCESS	Length 11: 01 02 BC 0B 01 01 00 34 00 6F 05 	
98	0.00201510	PrecisionPower	IRP_MJ_WRITE	ProlificSerial0	SUCCESS	Length 52: 02 04 43 0B 01 01 0C 64 00 01 01 00 00 00 00 00 00 00 00 00 00 	
99	0.09717650	PrecisionPower	IRP_MJ_READ	ProlificSerial0	SUCCESS	Length 12: 06 01 02 BC 0B 01 01 00 02 00 B2 FE 	
100	0.00168220	PrecisionPower	IRP_MJ_READ	ProlificSerial0	SUCCESS	Length 2: 00 80 	
101	0.00000850	PrecisionPower	IOCTL_SERIAL_SET_TIMEOUTS	ProlificSerial0	SUCCESS	RI:0 RM:0 RC:10000 WM:0 WC:1000	
102	0.00000450	PrecisionPower	IOCTL_SERIAL_PURGE	ProlificSerial0	SUCCESS	Purge: TXCLEAR RXCLEAR	
103	0.00204280	PrecisionPower	IRP_MJ_WRITE	ProlificSerial0	SUCCESS	Length 11: 01 02 BC 0B 01 01 00 34 00 B2 05 	
104	0.00204370	PrecisionPower	IRP_MJ_WRITE	ProlificSerial0	SUCCESS	Length 52: 03 04 44 0B 02 01 0C C8 00 01 01 00 00 00 00 00 00 00 00 00 00 	
105	0.09959440	PrecisionPower	IRP_MJ_READ	ProlificSerial0	SUCCESS	Length 12: 06 01 02 BC 0B 01 01 00 02 00 B2 FE 	
106	0.00194790	PrecisionPower	IRP_MJ_READ	ProlificSerial0	SUCCESS	Length 2: 00 80 	
107	0.00001770	PrecisionPower	IOCTL_SERIAL_SET_TIMEOUTS	ProlificSerial0	SUCCESS	RI:0 RM:0 RC:10000 WM:0 WC:1000	
108	0.00000940	PrecisionPower	IOCTL_SERIAL_PURGE	ProlificSerial0	SUCCESS	Purge: TXCLEAR RXCLEAR	
109	0.00170170	PrecisionPower	IRP_MJ_WRITE	ProlificSerial0	SUCCESS	Length 11: 01 02 BC 0B 01 01 00 34 00 9F 05 	
110	0.00200860	PrecisionPower	IRP_MJ_WRITE	ProlificSerial0	SUCCESS	Length 52: 04 04 46 0B 03 01 04 32 00 01 01 00 00 00 00 00 00 00 00 00 00 	
111	0.09801960	PrecisionPower	IRP_MJ_READ	ProlificSerial0	SUCCESS	Length 12: 06 01 02 BC 0B 01 01 00 02 00 B2 FE 	
112	0.00196490	PrecisionPower	IRP_MJ_READ	ProlificSerial0	SUCCESS	Length 2: 00 80 	
113	0.00001520	PrecisionPower	IOCTL_SERIAL_SET_TIMEOUTS	ProlificSerial0	SUCCESS	RI:0 RM:0 RC:10000 WM:0 WC:1000	
114	0.00000840	PrecisionPower	IOCTL_SERIAL_PURGE	ProlificSerial0	SUCCESS	Purge: TXCLEAR RXCLEAR	
115	0.00169940	PrecisionPower	IRP_MJ_WRITE	ProlificSerial0	SUCCESS	Length 11: 01 02 BC 0B 01 01 00 34 00 68 02 	
116	0.00201490	PrecisionPower	IRP_MJ_WRITE	ProlificSerial0	SUCCESS	Length 52: 05 01 00 00 41 01 00 00 00 00 00 00 41 00 01 00 00 01 00 00 00 	
117	0.09788320	PrecisionPower	IRP_MJ_READ	ProlificSerial0	SUCCESS	Length 12: 06 01 02 BC 0B 01 01 00 02 00 B2 FE 	
118	0.00198870	PrecisionPower	IRP_MJ_READ	ProlificSerial0	SUCCESS	Length 2: 00 80 	
119	0.00002950	PrecisionPower	IOCTL_SERIAL_SET_TIMEOUTS	ProlificSerial0	SUCCESS	RI:0 RM:0 RC:10000 WM:0 WC:1000	
120	0.00000570	PrecisionPower	IOCTL_SERIAL_PURGE	ProlificSerial0	SUCCESS	Purge: TXCLEAR RXCLEAR	
121	0.00192920	PrecisionPower	IRP_MJ_WRITE	ProlificSerial0	SUCCESS	Length 11: 01 02 BC 0B 01 01 00 34 00 50 03 	
122	0.00205860	PrecisionPower	IRP_MJ_WRITE	ProlificSerial0	SUCCESS	Length 52: 06 02 0A 00 43 01 00 01 00 00 00 00 41 00 01 00 00 01 00 00 00 	
123	0.09785360	PrecisionPower	IRP_MJ_READ	ProlificSerial0	SUCCESS	Length 12: 06 01 02 BC 0B 01 01 00 02 00 B2 FE 	
124	0.00198930	PrecisionPower	IRP_MJ_READ	ProlificSerial0	SUCCESS	Length 2: 00 80 	
125	0.01995510	PrecisionPower	IRP_MJ_CLEANUP	ProlificSerial0	SUCCESS		
126	0.08698070	PrecisionPower	IRP_MJ_CLOSE	ProlificSerial0	SUCCESS		
127	0.22703490	PrecisionPower	IRP_MJ_CREATE	ProlificSerial0	SUCCESS	Options: Open 	
128	0.00002070	PrecisionPower	IOCTL_SERIAL_SET_TIMEOUTS	ProlificSerial0	SUCCESS	RI:0 RM:0 RC:10000 WM:0 WC:1000	
129	0.00000470	PrecisionPower	IOCTL_SERIAL_SET_QUEUE_SIZE	ProlificSerial0	SUCCESS	InSize: 2048 OutSize: 2048	
130	0.00000790	PrecisionPower	IOCTL_SERIAL_PURGE	ProlificSerial0	SUCCESS	Purge: TXCLEAR RXCLEAR	
131	0.00000950	PrecisionPower	IOCTL_SERIAL_GET_BAUD_RATE	ProlificSerial0	SUCCESS		
132	0.00000360	PrecisionPower	IOCTL_SERIAL_GET_LINE_CONTROL	ProlificSerial0	SUCCESS		
133	0.00000320	PrecisionPower	IOCTL_SERIAL_GET_CHARS	ProlificSerial0	SUCCESS		
134	0.00000530	PrecisionPower	IOCTL_SERIAL_GET_HANDFLOW	ProlificSerial0	SUCCESS		
135	0.02698610	PrecisionPower	IOCTL_SERIAL_SET_BAUD_RATE	ProlificSerial0	SUCCESS	Rate: 9600	
136	0.00012900	PrecisionPower	IOCTL_SERIAL_SET_RTS	ProlificSerial0	SUCCESS		
137	0.00006680	PrecisionPower	IOCTL_SERIAL_SET_DTR	ProlificSerial0	SUCCESS		
138	0.00000670	PrecisionPower	IOCTL_SERIAL_SET_LINE_CONTROL	ProlificSerial0	SUCCESS	StopBits: ERROR Parity: NONE WordLength: 8	
139	0.00006380	PrecisionPower	IOCTL_SERIAL_SET_CHAR	ProlificSerial0	SUCCESS	EOF:0 ERR:0 BRK:0 EVT:0 XON:0 XOFF:0	
140	0.00000640	PrecisionPower	IOCTL_SERIAL_SET_HANDFLOW	ProlificSerial0	SUCCESS	Shake:1 Replace:40 XonLimit:0 XoffLimit:0	
141	0.00000370	PrecisionPower	IOCTL_SERIAL_SET_TIMEOUTS	ProlificSerial0	SUCCESS	RI:0 RM:0 RC:1000 WM:0 WC:1000	
142	0.00000900	PrecisionPower	IOCTL_SERIAL_PURGE	ProlificSerial0	SUCCESS	Purge: TXCLEAR RXCLEAR	
143	0.00797590	PrecisionPower	IRP_MJ_WRITE	ProlificSerial0	SUCCESS	Length 11: 01 02 F5 0B 01 01 00 00 00 05 01 	
144	0.04473190	PrecisionPower	IRP_MJ_READ	ProlificSerial0	SUCCESS	Length 12: 06 01 02 F5 0B 01 01 00 10 00 77 FB 	
145	0.01973010	PrecisionPower	IRP_MJ_READ	ProlificSerial0	SUCCESS	Length 16: 00 80 00 00 00 00 00 00 93 04 2E 86 73 F6 40 00 	
146	0.00001930	PrecisionPower	IOCTL_SERIAL_SET_TIMEOUTS	ProlificSerial0	SUCCESS	RI:0 RM:0 RC:300000 WM:0 WC:1000	
147	0.00001030	PrecisionPower	IOCTL_SERIAL_PURGE	ProlificSerial0	SUCCESS	Purge: TXCLEAR RXCLEAR	
148	0.00171540	PrecisionPower	IRP_MJ_WRITE	ProlificSerial0	SUCCESS	Length 11: 01 02 BF 0B 01 01 00 00 00 CF 00 	
149	0.04196000	PrecisionPower	IRP_MJ_READ	ProlificSerial0	SUCCESS	Length 12: 06 01 02 BF 0B 01 01 00 0F 00 CB FB 	
150	0.01718110	PrecisionPower	IRP_MJ_READ	ProlificSerial0	SUCCESS	Length 15: 00 80 00 00 00 00 00 00 00 68 BC 00 67 CA 82 	
151	0.02032490	PrecisionPower	IRP_MJ_CLEANUP	ProlificSerial0	SUCCESS		
152	0.09270440	PrecisionPower	IRP_MJ_CLOSE	ProlificSerial0	SUCCESS		
153	0.21397700	PrecisionPower	IRP_MJ_CREATE	ProlificSerial0	SUCCESS	Options: Open 	
154	0.00001160	PrecisionPower	IOCTL_SERIAL_SET_TIMEOUTS	ProlificSerial0	SUCCESS	RI:0 RM:0 RC:10000 WM:0 WC:1000	
155	0.00000340	PrecisionPower	IOCTL_SERIAL_SET_QUEUE_SIZE	ProlificSerial0	SUCCESS	InSize: 2048 OutSize: 2048	
156	0.00000720	PrecisionPower	IOCTL_SERIAL_PURGE	ProlificSerial0	SUCCESS	Purge: TXCLEAR RXCLEAR	
157	0.00000360	PrecisionPower	IOCTL_SERIAL_GET_BAUD_RATE	ProlificSerial0	SUCCESS		
158	0.00000250	PrecisionPower	IOCTL_SERIAL_GET_LINE_CONTROL	ProlificSerial0	SUCCESS		
159	0.00000220	PrecisionPower	IOCTL_SERIAL_GET_CHARS	ProlificSerial0	SUCCESS		
160	0.00000250	PrecisionPower	IOCTL_SERIAL_GET_HANDFLOW	ProlificSerial0	SUCCESS		
161	0.02175490	PrecisionPower	IOCTL_SERIAL_SET_BAUD_RATE	ProlificSerial0	SUCCESS	Rate: 9600	
162	0.00011980	PrecisionPower	IOCTL_SERIAL_SET_RTS	ProlificSerial0	SUCCESS		
163	0.00008900	PrecisionPower	IOCTL_SERIAL_SET_DTR	ProlificSerial0	SUCCESS		
164	0.00000830	PrecisionPower	IOCTL_SERIAL_SET_LINE_CONTROL	ProlificSerial0	SUCCESS	StopBits: ERROR Parity: NONE WordLength: 8	
165	0.00009480	PrecisionPower	IOCTL_SERIAL_SET_CHAR	ProlificSerial0	SUCCESS	EOF:0 ERR:0 BRK:0 EVT:0 XON:0 XOFF:0	
166	0.00000780	PrecisionPower	IOCTL_SERIAL_SET_HANDFLOW	ProlificSerial0	SUCCESS	Shake:1 Replace:40 XonLimit:0 XoffLimit:0	
167	0.00000710	PrecisionPower	IOCTL_SERIAL_SET_TIMEOUTS	ProlificSerial0	SUCCESS	RI:0 RM:0 RC:1000 WM:0 WC:1000	
168	0.00001180	PrecisionPower	IOCTL_SERIAL_PURGE	ProlificSerial0	SUCCESS	Purge: TXCLEAR RXCLEAR	
169	0.00260080	PrecisionPower	IRP_MJ_WRITE	ProlificSerial0	SUCCESS	Length 11: 01 02 E0 0B 01 01 00 12 00 F1 01 	
170	0.00195350	PrecisionPower	IRP_MJ_WRITE	ProlificSerial0	SUCCESS	Length 18: 19 00 00 00 00 00 00 00 08 00 00 00 02 00 00 00 B0 1C 	
171	0.06816520	PrecisionPower	IRP_MJ_READ	ProlificSerial0	SUCCESS	Length 12: 06 01 02 E0 0B 01 01 00 1A 00 8A F8 	
172	0.03228530	PrecisionPower	IRP_MJ_READ	ProlificSerial0	SUCCESS	Length 26: 00 80 19 00 01 00 00 00 67 CA 82 98 48 E1 0A 40 5C 8F 82 3F 00 	
173	0.01772890	PrecisionPower	IRP_MJ_CLEANUP	ProlificSerial0	SUCCESS		
174	0.09008540	PrecisionPower	IRP_MJ_CLOSE	ProlificSerial0	SUCCESS		
175	0.21758050	PrecisionPower	IRP_MJ_CREATE	ProlificSerial0	SUCCESS	Options: Open 	
176	0.00001720	PrecisionPower	IOCTL_SERIAL_SET_TIMEOUTS	ProlificSerial0	SUCCESS	RI:0 RM:0 RC:10000 WM:0 WC:1000	
177	0.00000500	PrecisionPower	IOCTL_SERIAL_SET_QUEUE_SIZE	ProlificSerial0	SUCCESS	InSize: 2048 OutSize: 2048	
178	0.00001030	PrecisionPower	IOCTL_SERIAL_PURGE	ProlificSerial0	SUCCESS	Purge: TXCLEAR RXCLEAR	
179	0.00000560	PrecisionPower	IOCTL_SERIAL_GET_BAUD_RATE	ProlificSerial0	SUCCESS		
180	0.00000420	PrecisionPower	IOCTL_SERIAL_GET_LINE_CONTROL	ProlificSerial0	SUCCESS		
181	0.00000340	PrecisionPower	IOCTL_SERIAL_GET_CHARS	ProlificSerial0	SUCCESS		
182	0.00000380	PrecisionPower	IOCTL_SERIAL_GET_HANDFLOW	ProlificSerial0	SUCCESS		
183	0.02027100	PrecisionPower	IOCTL_SERIAL_SET_BAUD_RATE	ProlificSerial0	SUCCESS	Rate: 9600	
184	0.00010480	PrecisionPower	IOCTL_SERIAL_SET_RTS	ProlificSerial0	SUCCESS		
185	0.00005550	PrecisionPower	IOCTL_SERIAL_SET_DTR	ProlificSerial0	SUCCESS		
186	0.00000550	PrecisionPower	IOCTL_SERIAL_SET_LINE_CONTROL	ProlificSerial0	SUCCESS	StopBits: ERROR Parity: NONE WordLength: 8	
187	0.00005330	PrecisionPower	IOCTL_SERIAL_SET_CHAR	ProlificSerial0	SUCCESS	EOF:0 ERR:0 BRK:0 EVT:0 XON:0 XOFF:0	
188	0.00000530	PrecisionPower	IOCTL_SERIAL_SET_HANDFLOW	ProlificSerial0	SUCCESS	Shake:1 Replace:40 XonLimit:0 XoffLimit:0	
189	0.00000300	PrecisionPower	IOCTL_SERIAL_SET_TIMEOUTS	ProlificSerial0	SUCCESS	RI:0 RM:0 RC:1000 WM:0 WC:1000	
190	0.00000710	PrecisionPower	IOCTL_SERIAL_PURGE	ProlificSerial0	SUCCESS	Purge: TXCLEAR RXCLEAR	
191	0.00233720	PrecisionPower	IRP_MJ_WRITE	ProlificSerial0	SUCCESS	Length 11: 01 02 E0 0B 01 01 00 12 00 F2 01 	
192	0.00185550	PrecisionPower	IRP_MJ_WRITE	ProlificSerial0	SUCCESS	Length 18: 1A 00 00 00 00 00 00 00 08 00 00 00 02 00 00 00 B0 1C 	
193	0.05587810	PrecisionPower	IRP_MJ_READ	ProlificSerial0	SUCCESS	Length 12: 06 01 02 E0 0B 01 01 00 1A 00 89 F8 	
194	0.03241040	PrecisionPower	IRP_MJ_READ	ProlificSerial0	SUCCESS	Length 26: 00 80 1A 00 01 00 00 00 67 CA 82 98 48 E1 0A 40 5C 8F 82 3F 00 	
195	0.03091010	PrecisionPower	IRP_MJ_CLEANUP	ProlificSerial0	SUCCESS		
196	0.08966180	PrecisionPower	IRP_MJ_CLOSE	ProlificSerial0	SUCCESS		
197	0.21798770	PrecisionPower	IRP_MJ_CREATE	ProlificSerial0	SUCCESS	Options: Open 	
198	0.00000840	PrecisionPower	IOCTL_SERIAL_SET_TIMEOUTS	ProlificSerial0	SUCCESS	RI:0 RM:0 RC:10000 WM:0 WC:1000	
199	0.00000240	PrecisionPower	IOCTL_SERIAL_SET_QUEUE_SIZE	ProlificSerial0	SUCCESS	InSize: 2048 OutSize: 2048	
200	0.00000500	PrecisionPower	IOCTL_SERIAL_PURGE	ProlificSerial0	SUCCESS	Purge: TXCLEAR RXCLEAR	
201	0.00000250	PrecisionPower	IOCTL_SERIAL_GET_BAUD_RATE	ProlificSerial0	SUCCESS		
202	0.00000200	PrecisionPower	IOCTL_SERIAL_GET_LINE_CONTROL	ProlificSerial0	SUCCESS		
203	0.00000190	PrecisionPower	IOCTL_SERIAL_GET_CHARS	ProlificSerial0	SUCCESS		
204	0.00000180	PrecisionPower	IOCTL_SERIAL_GET_HANDFLOW	ProlificSerial0	SUCCESS		
205	0.01982510	PrecisionPower	IOCTL_SERIAL_SET_BAUD_RATE	ProlificSerial0	SUCCESS	Rate: 9600	
206	0.00010040	PrecisionPower	IOCTL_SERIAL_SET_RTS	ProlificSerial0	SUCCESS		
207	0.00005250	PrecisionPower	IOCTL_SERIAL_SET_DTR	ProlificSerial0	SUCCESS		
208	0.00000520	PrecisionPower	IOCTL_SERIAL_SET_LINE_CONTROL	ProlificSerial0	SUCCESS	StopBits: ERROR Parity: NONE WordLength: 8	
209	0.00005030	PrecisionPower	IOCTL_SERIAL_SET_CHAR	ProlificSerial0	SUCCESS	EOF:0 ERR:0 BRK:0 EVT:0 XON:0 XOFF:0	
210	0.00000510	PrecisionPower	IOCTL_SERIAL_SET_HANDFLOW	ProlificSerial0	SUCCESS	Shake:1 Replace:40 XonLimit:0 XoffLimit:0	
211	0.00000280	PrecisionPower	IOCTL_SERIAL_SET_TIMEOUTS	ProlificSerial0	SUCCESS	RI:0 RM:0 RC:4000 WM:0 WC:1000	
212	0.00000670	PrecisionPower	IOCTL_SERIAL_PURGE	ProlificSerial0	SUCCESS	Purge: TXCLEAR RXCLEAR	
213	0.00286790	PrecisionPower	IRP_MJ_WRITE	ProlificSerial0	SUCCESS	Length 11: 01 02 C2 0B 01 01 00 00 00 D2 00 	
214	0.04730550	PrecisionPower	IRP_MJ_READ	ProlificSerial0	SUCCESS	Length 12: 06 01 02 C2 0B 01 01 00 02 00 28 FF 	
215	0.00198110	PrecisionPower	IRP_MJ_READ	ProlificSerial0	SUCCESS	Length 2: 04 00 	
216	0.02488000	PrecisionPower	IRP_MJ_CLEANUP	ProlificSerial0	SUCCESS		
217	0.08926020	PrecisionPower	IRP_MJ_CLOSE	ProlificSerial0	SUCCESS		
218	0.21701050	PrecisionPower	IRP_MJ_CREATE	ProlificSerial0	SUCCESS	Options: Open 	
219	0.00001010	PrecisionPower	IOCTL_SERIAL_SET_TIMEOUTS	ProlificSerial0	SUCCESS	RI:0 RM:0 RC:10000 WM:0 WC:1000	
220	0.00000270	PrecisionPower	IOCTL_SERIAL_SET_QUEUE_SIZE	ProlificSerial0	SUCCESS	InSize: 2048 OutSize: 2048	
221	0.00000590	PrecisionPower	IOCTL_SERIAL_PURGE	ProlificSerial0	SUCCESS	Purge: TXCLEAR RXCLEAR	
222	0.00000290	PrecisionPower	IOCTL_SERIAL_GET_BAUD_RATE	ProlificSerial0	SUCCESS		
223	0.00000200	PrecisionPower	IOCTL_SERIAL_GET_LINE_CONTROL	ProlificSerial0	SUCCESS		
224	0.00000170	PrecisionPower	IOCTL_SERIAL_GET_CHARS	ProlificSerial0	SUCCESS		
225	0.00000190	PrecisionPower	IOCTL_SERIAL_GET_HANDFLOW	ProlificSerial0	SUCCESS		
226	0.02124480	PrecisionPower	IOCTL_SERIAL_SET_BAUD_RATE	ProlificSerial0	SUCCESS	Rate: 9600	
227	0.00018020	PrecisionPower	IOCTL_SERIAL_SET_RTS	ProlificSerial0	SUCCESS		
228	0.00009300	PrecisionPower	IOCTL_SERIAL_SET_DTR	ProlificSerial0	SUCCESS		
229	0.00000750	PrecisionPower	IOCTL_SERIAL_SET_LINE_CONTROL	ProlificSerial0	SUCCESS	StopBits: ERROR Parity: NONE WordLength: 8	
230	0.00134230	PrecisionPower	IOCTL_SERIAL_SET_CHAR	ProlificSerial0	SUCCESS	EOF:0 ERR:0 BRK:0 EVT:0 XON:0 XOFF:0	
231	0.00000910	PrecisionPower	IOCTL_SERIAL_SET_HANDFLOW	ProlificSerial0	SUCCESS	Shake:1 Replace:40 XonLimit:0 XoffLimit:0	
232	0.00000440	PrecisionPower	IOCTL_SERIAL_SET_TIMEOUTS	ProlificSerial0	SUCCESS	RI:0 RM:0 RC:4000 WM:0 WC:1000	
233	0.00000920	PrecisionPower	IOCTL_SERIAL_PURGE	ProlificSerial0	SUCCESS	Purge: TXCLEAR RXCLEAR	
234	0.00116600	PrecisionPower	IRP_MJ_WRITE	ProlificSerial0	SUCCESS	Length 11: 01 02 C3 0B 01 01 00 02 00 D6 00 	
235	0.00186960	PrecisionPower	IRP_MJ_WRITE	ProlificSerial0	SUCCESS	Length 2: 01 00 	
236	0.03648880	PrecisionPower	IRP_MJ_READ	ProlificSerial0	SUCCESS	Length 12: 06 01 02 C3 0B 01 01 00 22 00 9C FA 	
237	0.04175590	PrecisionPower	IRP_MJ_READ	ProlificSerial0	SUCCESS	Length 34: 00 80 41 0A 46 69 73 68 65 72 31 30 30 00 40 00 40 07 00 07 00 	
238	0.02481520	PrecisionPower	IRP_MJ_CLEANUP	ProlificSerial0	SUCCESS		
239	0.08723100	PrecisionPower	IRP_MJ_CLOSE	ProlificSerial0	SUCCESS		
240	0.22636800	PrecisionPower	IRP_MJ_CREATE	ProlificSerial0	SUCCESS	Options: Open 	
241	0.00005430	PrecisionPower	IOCTL_SERIAL_SET_TIMEOUTS	ProlificSerial0	SUCCESS	RI:0 RM:0 RC:10000 WM:0 WC:1000	
242	0.00000450	PrecisionPower	IOCTL_SERIAL_SET_QUEUE_SIZE	ProlificSerial0	SUCCESS	InSize: 2048 OutSize: 2048	
243	0.00000760	PrecisionPower	IOCTL_SERIAL_PURGE	ProlificSerial0	SUCCESS	Purge: TXCLEAR RXCLEAR	
244	0.00000400	PrecisionPower	IOCTL_SERIAL_GET_BAUD_RATE	ProlificSerial0	SUCCESS		
245	0.00000290	PrecisionPower	IOCTL_SERIAL_GET_LINE_CONTROL	ProlificSerial0	SUCCESS		
246	0.00000270	PrecisionPower	IOCTL_SERIAL_GET_CHARS	ProlificSerial0	SUCCESS		
247	0.00000290	PrecisionPower	IOCTL_SERIAL_GET_HANDFLOW	ProlificSerial0	SUCCESS		
248	0.02946790	PrecisionPower	IOCTL_SERIAL_SET_BAUD_RATE	ProlificSerial0	SUCCESS	Rate: 9600	
249	0.00005080	PrecisionPower	IOCTL_SERIAL_SET_RTS	ProlificSerial0	SUCCESS		
250	0.00002410	PrecisionPower	IOCTL_SERIAL_SET_DTR	ProlificSerial0	SUCCESS		
251	0.00000270	PrecisionPower	IOCTL_SERIAL_SET_LINE_CONTROL	ProlificSerial0	SUCCESS	StopBits: ERROR Parity: NONE WordLength: 8	
252	0.00002310	PrecisionPower	IOCTL_SERIAL_SET_CHAR	ProlificSerial0	SUCCESS	EOF:0 ERR:0 BRK:0 EVT:0 XON:0 XOFF:0	
253	0.00000250	PrecisionPower	IOCTL_SERIAL_SET_HANDFLOW	ProlificSerial0	SUCCESS	Shake:1 Replace:40 XonLimit:0 XoffLimit:0	
254	0.00001610	PrecisionPower	IOCTL_SERIAL_SET_TIMEOUTS	ProlificSerial0	SUCCESS	RI:0 RM:0 RC:4000 WM:0 WC:1000	
255	0.00000410	PrecisionPower	IOCTL_SERIAL_PURGE	ProlificSerial0	SUCCESS	Purge: TXCLEAR RXCLEAR	
256	0.00907010	PrecisionPower	IRP_MJ_WRITE	ProlificSerial0	SUCCESS	Length 11: 01 02 C3 0B 01 01 00 02 00 D7 00 	
257	0.00187350	PrecisionPower	IRP_MJ_WRITE	ProlificSerial0	SUCCESS	Length 2: 02 00 	
258	0.03942730	PrecisionPower	IRP_MJ_READ	ProlificSerial0	SUCCESS	Length 12: 06 01 02 C3 0B 01 01 00 22 00 E0 F9 	
259	0.04078260	PrecisionPower	IRP_MJ_READ	ProlificSerial0	SUCCESS	Length 34: 00 80 43 0B 43 4F 52 4E 49 4E 47 39 36 46 4C 41 54 00 3E 07 00 	
260	0.01703560	PrecisionPower	IRP_MJ_CLEANUP	ProlificSerial0	SUCCESS		
261	0.09011910	PrecisionPower	IRP_MJ_CLOSE	ProlificSerial0	SUCCESS		
262	0.22744220	PrecisionPower	IRP_MJ_CREATE	ProlificSerial0	SUCCESS	Options: Open 	
263	0.00002180	PrecisionPower	IOCTL_SERIAL_SET_TIMEOUTS	ProlificSerial0	SUCCESS	RI:0 RM:0 RC:10000 WM:0 WC:1000	
264	0.00000750	PrecisionPower	IOCTL_SERIAL_SET_QUEUE_SIZE	ProlificSerial0	SUCCESS	InSize: 2048 OutSize: 2048	
265	0.00001060	PrecisionPower	IOCTL_SERIAL_PURGE	ProlificSerial0	SUCCESS	Purge: TXCLEAR RXCLEAR	
266	0.00000450	PrecisionPower	IOCTL_SERIAL_GET_BAUD_RATE	ProlificSerial0	SUCCESS		
267	0.00000300	PrecisionPower	IOCTL_SERIAL_GET_LINE_CONTROL	ProlificSerial0	SUCCESS		
268	0.00000250	PrecisionPower	IOCTL_SERIAL_GET_CHARS	ProlificSerial0	SUCCESS		
269	0.00000310	PrecisionPower	IOCTL_SERIAL_GET_HANDFLOW	ProlificSerial0	SUCCESS		
270	0.02526850	PrecisionPower	IOCTL_SERIAL_SET_BAUD_RATE	ProlificSerial0	SUCCESS	Rate: 9600	
271	0.00008560	PrecisionPower	IOCTL_SERIAL_SET_RTS	ProlificSerial0	SUCCESS		
272	0.00004040	PrecisionPower	IOCTL_SERIAL_SET_DTR	ProlificSerial0	SUCCESS		
273	0.00000410	PrecisionPower	IOCTL_SERIAL_SET_LINE_CONTROL	ProlificSerial0	SUCCESS	StopBits: ERROR Parity: NONE WordLength: 8	
274	0.00003910	PrecisionPower	IOCTL_SERIAL_SET_CHAR	ProlificSerial0	SUCCESS	EOF:0 ERR:0 BRK:0 EVT:0 XON:0 XOFF:0	
275	0.00000380	PrecisionPower	IOCTL_SERIAL_SET_HANDFLOW	ProlificSerial0	SUCCESS	Shake:1 Replace:40 XonLimit:0 XoffLimit:0	
276	0.00000240	PrecisionPower	IOCTL_SERIAL_SET_TIMEOUTS	ProlificSerial0	SUCCESS	RI:0 RM:0 RC:4000 WM:0 WC:1000	
277	0.00000540	PrecisionPower	IOCTL_SERIAL_PURGE	ProlificSerial0	SUCCESS	Purge: TXCLEAR RXCLEAR	
278	0.00795950	PrecisionPower	IRP_MJ_WRITE	ProlificSerial0	SUCCESS	Length 11: 01 02 C3 0B 01 01 00 02 00 D8 00 	
279	0.00199750	PrecisionPower	IRP_MJ_WRITE	ProlificSerial0	SUCCESS	Length 2: 03 00 	
280	0.05008640	PrecisionPower	IRP_MJ_READ	ProlificSerial0	SUCCESS	Length 12: 06 01 02 C3 0B 01 01 00 22 00 D6 F9 	
281	0.04010840	PrecisionPower	IRP_MJ_READ	ProlificSerial0	SUCCESS	Length 34: 00 80 44 0B 4E 46 5F 38 58 31 32 53 54 52 50 53 00 07 00 07 00 	
282	0.02399550	PrecisionPower	IRP_MJ_CLEANUP	ProlificSerial0	SUCCESS		
283	0.08814800	PrecisionPower	IRP_MJ_CLOSE	ProlificSerial0	SUCCESS		
284	0.21854870	PrecisionPower	IRP_MJ_CREATE	ProlificSerial0	SUCCESS	Options: Open 	
285	0.00001310	PrecisionPower	IOCTL_SERIAL_SET_TIMEOUTS	ProlificSerial0	SUCCESS	RI:0 RM:0 RC:10000 WM:0 WC:1000	
286	0.00000400	PrecisionPower	IOCTL_SERIAL_SET_QUEUE_SIZE	ProlificSerial0	SUCCESS	InSize: 2048 OutSize: 2048	
287	0.00001750	PrecisionPower	IOCTL_SERIAL_PURGE	ProlificSerial0	SUCCESS	Purge: TXCLEAR RXCLEAR	
288	0.00000350	PrecisionPower	IOCTL_SERIAL_GET_BAUD_RATE	ProlificSerial0	SUCCESS		
289	0.00000420	PrecisionPower	IOCTL_SERIAL_GET_LINE_CONTROL	ProlificSerial0	SUCCESS		
290	0.00000290	PrecisionPower	IOCTL_SERIAL_GET_CHARS	ProlificSerial0	SUCCESS		
291	0.00000310	PrecisionPower	IOCTL_SERIAL_GET_HANDFLOW	ProlificSerial0	SUCCESS		
292	0.02121790	PrecisionPower	IOCTL_SERIAL_SET_BAUD_RATE	ProlificSerial0	SUCCESS	Rate: 9600	
293	0.00011690	PrecisionPower	IOCTL_SERIAL_SET_RTS	ProlificSerial0	SUCCESS		
294	0.00006410	PrecisionPower	IOCTL_SERIAL_SET_DTR	ProlificSerial0	SUCCESS		
295	0.00000600	PrecisionPower	IOCTL_SERIAL_SET_LINE_CONTROL	ProlificSerial0	SUCCESS	StopBits: ERROR Parity: NONE WordLength: 8	
296	0.00005820	PrecisionPower	IOCTL_SERIAL_SET_CHAR	ProlificSerial0	SUCCESS	EOF:0 ERR:0 BRK:0 EVT:0 XON:0 XOFF:0	
297	0.00000610	PrecisionPower	IOCTL_SERIAL_SET_HANDFLOW	ProlificSerial0	SUCCESS	Shake:1 Replace:40 XonLimit:0 XoffLimit:0	
298	0.00000310	PrecisionPower	IOCTL_SERIAL_SET_TIMEOUTS	ProlificSerial0	SUCCESS	RI:0 RM:0 RC:4000 WM:0 WC:1000	
299	0.00000800	PrecisionPower	IOCTL_SERIAL_PURGE	ProlificSerial0	SUCCESS	Purge: TXCLEAR RXCLEAR	
300	0.00300840	PrecisionPower	IRP_MJ_WRITE	ProlificSerial0	SUCCESS	Length 11: 01 02 C3 0B 01 01 00 02 00 D9 00 	
301	0.00157290	PrecisionPower	IRP_MJ_WRITE	ProlificSerial0	SUCCESS	Length 2: 04 00 	
302	0.04110610	PrecisionPower	IRP_MJ_READ	ProlificSerial0	SUCCESS	Length 12: 06 01 02 C3 0B 01 01 00 22 00 B3 F9 	
303	0.04097150	PrecisionPower	IRP_MJ_READ	ProlificSerial0	SUCCESS	Length 34: 00 80 46 0B 52 45 41 47 5F 52 45 53 5F 55 4E 49 56 00 3E 07 00 	
