[\\FOOPUTER]
0  0.00000000  PrecisionPower  IRP_MJ_CLEANUP  ProlificSerial0  
0  0.01772420  SUCCESS  
1  0.00000000  PrecisionPower  IRP_MJ_CLOSE  ProlificSerial0  
1  0.08876350  SUCCESS  
2  0.00000000  PrecisionPower  IRP_MJ_CREATE  ProlificSerial0  Options: Open 
2  0.21799750  SUCCESS  
3  0.00000000  PrecisionPower  IOCTL_SERIAL_SET_TIMEOUTS  ProlificSerial0  RI:0 RM:0 RC:10000 WM:0 WC:1000
3  0.00001500  SUCCESS  
4  0.00000000  PrecisionPower  IOCTL_SERIAL_SET_QUEUE_SIZE  ProlificSerial0  InSize: 2048 OutSize: 2048
4  0.00000390  SUCCESS  
5  0.00000000  PrecisionPower  IOCTL_SERIAL_PURGE  ProlificSerial0  Purge: TXCLEAR RXCLEAR
5  0.00000840  SUCCESS  
6  0.00000000  PrecisionPower  IOCTL_SERIAL_GET_BAUD_RATE  ProlificSerial0  
6  0.00000410  SUCCESS  
7  0.00000000  PrecisionPower  IOCTL_SERIAL_GET_LINE_CONTROL  ProlificSerial0  
7  0.00000320  SUCCESS  
8  0.00000000  PrecisionPower  IOCTL_SERIAL_GET_CHARS  ProlificSerial0  
8  0.00000280  SUCCESS  
9  0.00000000  PrecisionPower  IOCTL_SERIAL_GET_HANDFLOW  ProlificSerial0  
9  0.00000280  SUCCESS  
10  0.00000000  PrecisionPower  IOCTL_SERIAL_SET_BAUD_RATE  ProlificSerial0  Rate: 9600
10  0.02148080  SUCCESS  
11  0.00000000  PrecisionPower  IOCTL_SERIAL_SET_RTS  ProlificSerial0  
11  0.00029110  SUCCESS  
12  0.00000000  PrecisionPower  IOCTL_SERIAL_SET_DTR  ProlificSerial0  
12  0.00010520  SUCCESS  
13  0.00000000  PrecisionPower  IOCTL_SERIAL_SET_LINE_CONTROL  ProlificSerial0  StopBits: ERROR Parity: NONE WordLength: 8
13  0.00001010  SUCCESS  
14  0.00000000  PrecisionPower  IOCTL_SERIAL_SET_CHAR  ProlificSerial0  EOF:0 ERR:0 BRK:0 EVT:0 XON:0 XOFF:0
14  0.00009930  SUCCESS  
15  0.00000000  PrecisionPower  IOCTL_SERIAL_SET_HANDFLOW  ProlificSerial0  Shake:1 Replace:40 XonLimit:0 XoffLimit:0
15  0.00001000  SUCCESS  
16  0.00000000  PrecisionPower  IOCTL_SERIAL_SET_TIMEOUTS  ProlificSerial0  RI:0 RM:0 RC:4000 WM:0 WC:1000
16  0.00000750  SUCCESS  
17  0.00000000  PrecisionPower  IOCTL_SERIAL_PURGE  ProlificSerial0  Purge: TXCLEAR RXCLEAR
17  0.00001360  SUCCESS  
18  0.00000000  PrecisionPower  IRP_MJ_WRITE  ProlificSerial0  Length 11: 01 02 C4 0B 01 01 00 00 00 D4 00 
18  0.00289410  SUCCESS  
19  0.00000000  PrecisionPower  IRP_MJ_READ  ProlificSerial0  Length 12
19  0.03120230  SUCCESS  Length 12: 06 01 02 C4 0B 01 01 00 02 00 AA FE 
20  0.00000000  PrecisionPower  IRP_MJ_READ  ProlificSerial0  Length 2
20  0.00193030  SUCCESS  Length 2: 00 80 
21  0.00000000  PrecisionPower  IRP_MJ_CLEANUP  ProlificSerial0  
21  0.03139440  SUCCESS  
22  0.00000000  PrecisionPower  IRP_MJ_CLOSE  ProlificSerial0  
22  0.08721620  SUCCESS  
23  0.00000000  PrecisionPower  IRP_MJ_CREATE  ProlificSerial0  Options: Open 
23  0.22329950  SUCCESS  
24  0.00000000  PrecisionPower  IOCTL_SERIAL_SET_TIMEOUTS  ProlificSerial0  RI:0 RM:0 RC:10000 WM:0 WC:1000
24  0.00001720  SUCCESS  
25  0.00000000  PrecisionPower  IOCTL_SERIAL_SET_QUEUE_SIZE  ProlificSerial0  InSize: 2048 OutSize: 2048
25  0.00000500  SUCCESS  
26  0.00000000  PrecisionPower  IOCTL_SERIAL_PURGE  ProlificSerial0  Purge: TXCLEAR RXCLEAR
26  0.00001060  SUCCESS  
27  0.00000000  PrecisionPower  IOCTL_SERIAL_GET_BAUD_RATE  ProlificSerial0  
27  0.00000480  SUCCESS  
28  0.00000000  PrecisionPower  IOCTL_SERIAL_GET_LINE_CONTROL  ProlificSerial0  
28  0.00000400  SUCCESS  
29  0.00000000  PrecisionPower  IOCTL_SERIAL_GET_CHARS  ProlificSerial0  
29  0.00000330  SUCCESS  
30  0.00000000  PrecisionPower  IOCTL_SERIAL_GET_HANDFLOW  ProlificSerial0  
30  0.00000350  SUCCESS  
31  0.00000000  PrecisionPower  IOCTL_SERIAL_SET_BAUD_RATE  ProlificSerial0  Rate: 9600
31  0.01663080  SUCCESS  
32  0.00000000  PrecisionPower  IOCTL_SERIAL_SET_RTS  ProlificSerial0  
32  0.00013960  SUCCESS  
33  0.00000000  PrecisionPower  IOCTL_SERIAL_SET_DTR  ProlificSerial0  
33  0.00008370  SUCCESS  
34  0.00000000  PrecisionPower  IOCTL_SERIAL_SET_LINE_CONTROL  ProlificSerial0  StopBits: ERROR Parity: NONE WordLength: 8
34  0.00000830  SUCCESS  
35  0.00000000  PrecisionPower  IOCTL_SERIAL_SET_CHAR  ProlificSerial0  EOF:0 ERR:0 BRK:0 EVT:0 XON:0 XOFF:0
35  0.00007810  SUCCESS  
36  0.00000000  PrecisionPower  IOCTL_SERIAL_SET_HANDFLOW  ProlificSerial0  Shake:1 Replace:40 XonLimit:0 XoffLimit:0
36  0.00000830  SUCCESS  
37  0.00000000  PrecisionPower  IOCTL_SERIAL_SET_TIMEOUTS  ProlificSerial0  RI:0 RM:0 RC:15000 WM:0 WC:1000
37  0.00000500  SUCCESS  
38  0.00000000  PrecisionPower  IOCTL_SERIAL_PURGE  ProlificSerial0  Purge: TXCLEAR RXCLEAR
38  0.00001020  SUCCESS  
39  0.00000000  PrecisionPower  IRP_MJ_WRITE  ProlificSerial0  Length 11: 01 02 FB 0B 01 01 00 00 00 0B 01 
39  0.00159450  SUCCESS  
40  0.00000000  PrecisionPower  IRP_MJ_READ  ProlificSerial0  Length 12
40  0.06136310  SUCCESS  Length 12: 06 01 02 FB 0B 01 01 00 33 00 3A FE 
41  0.00000000  PrecisionPower  IRP_MJ_READ  ProlificSerial0  Length 51
41  0.06391290  SUCCESS  Length 51: 00 80 02 00 01 00 01 04 00 00 00 00 00 00 00 00 00 00 00 00 00 
42  0.00000000  PrecisionPower  IRP_MJ_CLEANUP  ProlificSerial0  
42  0.03061600  SUCCESS  
43  0.00000000  PrecisionPower  IRP_MJ_CLOSE  ProlificSerial0  
43  0.08798620  SUCCESS  
44  0.00000000  PrecisionPower  IRP_MJ_CREATE  ProlificSerial0  Options: Open 
44  0.21833930  SUCCESS  
45  0.00000000  PrecisionPower  IOCTL_SERIAL_SET_TIMEOUTS  ProlificSerial0  RI:0 RM:0 RC:10000 WM:0 WC:1000
45  0.00001810  SUCCESS  
46  0.00000000  PrecisionPower  IOCTL_SERIAL_SET_QUEUE_SIZE  ProlificSerial0  InSize: 2048 OutSize: 2048
46  0.00000510  SUCCESS  
47  0.00000000  PrecisionPower  IOCTL_SERIAL_PURGE  ProlificSerial0  Purge: TXCLEAR RXCLEAR
47  0.00001320  SUCCESS  
48  0.00000000  PrecisionPower  IOCTL_SERIAL_GET_BAUD_RATE  ProlificSerial0  
48  0.00000520  SUCCESS  
49  0.00000000  PrecisionPower  IOCTL_SERIAL_GET_LINE_CONTROL  ProlificSerial0  
49  0.00000410  SUCCESS  
50  0.00000000  PrecisionPower  IOCTL_SERIAL_GET_CHARS  ProlificSerial0  
50  0.00000340  SUCCESS  
51  0.00000000  PrecisionPower  IOCTL_SERIAL_GET_HANDFLOW  ProlificSerial0  
51  0.00000350  SUCCESS  
52  0.00000000  PrecisionPower  IOCTL_SERIAL_SET_BAUD_RATE  ProlificSerial0  Rate: 9600
52  0.02082960  SUCCESS  
53  0.00000000  PrecisionPower  IOCTL_SERIAL_SET_RTS  ProlificSerial0  
53  0.00014680  SUCCESS  
54  0.00000000  PrecisionPower  IOCTL_SERIAL_SET_DTR  ProlificSerial0  
54  0.00008700  SUCCESS  
55  0.00000000  PrecisionPower  IOCTL_SERIAL_SET_LINE_CONTROL  ProlificSerial0  StopBits: ERROR Parity: NONE WordLength: 8
55  0.00000680  SUCCESS  
56  0.00000000  PrecisionPower  IOCTL_SERIAL_SET_CHAR  ProlificSerial0  EOF:0 ERR:0 BRK:0 EVT:0 XON:0 XOFF:0
56  0.00006330  SUCCESS  
57  0.00000000  PrecisionPower  IOCTL_SERIAL_SET_HANDFLOW  ProlificSerial0  Shake:1 Replace:40 XonLimit:0 XoffLimit:0
57  0.00000590  SUCCESS  
58  0.00000000  PrecisionPower  IOCTL_SERIAL_SET_TIMEOUTS  ProlificSerial0  RI:0 RM:0 RC:15000 WM:0 WC:1000
58  0.00000420  SUCCESS  
59  0.00000000  PrecisionPower  IOCTL_SERIAL_PURGE  ProlificSerial0  Purge: TXCLEAR RXCLEAR
59  0.00001110  SUCCESS  
60  0.00000000  PrecisionPower  IRP_MJ_WRITE  ProlificSerial0  Length 11: 01 02 FB 0B 01 01 00 00 00 0B 01 
60  0.00163210  SUCCESS  
61  0.00000000  PrecisionPower  IRP_MJ_READ  ProlificSerial0  Length 12
61  0.09655110  SUCCESS  Length 12: 06 01 02 FB 0B 01 01 00 33 00 3A FE 
62  0.00000000  PrecisionPower  IRP_MJ_READ  ProlificSerial0  Length 51
62  0.06250300  SUCCESS  Length 51: 00 80 02 00 01 00 01 04 00 00 00 00 00 00 00 00 00 00 00 00 00 
63  0.00000000  PrecisionPower  IRP_MJ_CLEANUP  ProlificSerial0  
63  0.03100820  SUCCESS  
64  0.00000000  PrecisionPower  IRP_MJ_CLOSE  ProlificSerial0  
64  0.10226150  SUCCESS  
65  0.00000000  PrecisionPower  IRP_MJ_CREATE  ProlificSerial0  Options: Open 
65  0.21964480  SUCCESS  
66  0.00000000  PrecisionPower  IOCTL_SERIAL_SET_TIMEOUTS  ProlificSerial0  RI:0 RM:0 RC:10000 WM:0 WC:1000
66  0.00001410  SUCCESS  
67  0.00000000  PrecisionPower  IOCTL_SERIAL_SET_QUEUE_SIZE  ProlificSerial0  InSize: 2048 OutSize: 2048
67  0.00000620  SUCCESS  
68  0.00000000  PrecisionPower  IOCTL_SERIAL_PURGE  ProlificSerial0  Purge: TXCLEAR RXCLEAR
68  0.00001100  SUCCESS  
69  0.00000000  PrecisionPower  IOCTL_SERIAL_GET_BAUD_RATE  ProlificSerial0  
69  0.00000660  SUCCESS  
70  0.00000000  PrecisionPower  IOCTL_SERIAL_GET_LINE_CONTROL  ProlificSerial0  
70  0.00000430  SUCCESS  
71  0.00000000  PrecisionPower  IOCTL_SERIAL_GET_CHARS  ProlificSerial0  
71  0.00000460  SUCCESS  
72  0.00000000  PrecisionPower  IOCTL_SERIAL_GET_HANDFLOW  ProlificSerial0  
72  0.00000490  SUCCESS  
73  0.00000000  PrecisionPower  IOCTL_SERIAL_SET_BAUD_RATE  ProlificSerial0  Rate: 9600
73  0.02165560  SUCCESS  
74  0.00000000  PrecisionPower  IOCTL_SERIAL_SET_RTS  ProlificSerial0  
74  0.00013110  SUCCESS  
75  0.00000000  PrecisionPower  IOCTL_SERIAL_SET_DTR  ProlificSerial0  
75  0.00007320  SUCCESS  
76  0.00000000  PrecisionPower  IOCTL_SERIAL_SET_LINE_CONTROL  ProlificSerial0  StopBits: ERROR Parity: NONE WordLength: 8
76  0.00000740  SUCCESS  
77  0.00000000  PrecisionPower  IOCTL_SERIAL_SET_CHAR  ProlificSerial0  EOF:0 ERR:0 BRK:0 EVT:0 XON:0 XOFF:0
77  0.00006970  SUCCESS  
78  0.00000000  PrecisionPower  IOCTL_SERIAL_SET_HANDFLOW  ProlificSerial0  Shake:1 Replace:40 XonLimit:0 XoffLimit:0
78  0.00000660  SUCCESS  
79  0.00000000  PrecisionPower  IOCTL_SERIAL_SET_TIMEOUTS  ProlificSerial0  RI:0 RM:0 RC:15000 WM:0 WC:1000
79  0.00000430  SUCCESS  
80  0.00000000  PrecisionPower  IOCTL_SERIAL_PURGE  ProlificSerial0  Purge: TXCLEAR RXCLEAR
80  0.00000950  SUCCESS  
81  0.00000000  PrecisionPower  IRP_MJ_WRITE  ProlificSerial0  Length 11: 01 02 FB 0B 01 01 00 00 00 0B 01 
81  0.00326740  SUCCESS  
82  0.00000000  PrecisionPower  IRP_MJ_READ  ProlificSerial0  Length 12
82  0.07780870  SUCCESS  Length 12: 06 01 02 FB 0B 01 01 00 33 00 3A FE 
83  0.00000000  PrecisionPower  IRP_MJ_READ  ProlificSerial0  Length 51
83  0.06319810  SUCCESS  Length 51: 00 80 02 00 01 00 01 04 00 00 00 00 00 00 00 00 00 00 00 00 00 
84  0.00000000  PrecisionPower  IRP_MJ_CLEANUP  ProlificSerial0  
84  0.03085990  SUCCESS  
85  0.00000000  PrecisionPower  IRP_MJ_CLOSE  ProlificSerial0  
85  0.10473510  SUCCESS  
86  0.00000000  PrecisionPower  IRP_MJ_CREATE  ProlificSerial0  Options: Open 
86  0.21763550  SUCCESS  
87  0.00000000  PrecisionPower  IOCTL_SERIAL_SET_TIMEOUTS  ProlificSerial0  RI:0 RM:0 RC:10000 WM:0 WC:1000
87  0.00002430  SUCCESS  
88  0.00000000  PrecisionPower  IOCTL_SERIAL_SET_QUEUE_SIZE  ProlificSerial0  InSize: 2048 OutSize: 2048
88  0.00000690  SUCCESS  
89  0.00000000  PrecisionPower  IOCTL_SERIAL_PURGE  ProlificSerial0  Purge: TXCLEAR RXCLEAR
89  0.00001900  SUCCESS  
90  0.00000000  PrecisionPower  IOCTL_SERIAL_GET_BAUD_RATE  ProlificSerial0  
90  0.00000430  SUCCESS  
91  0.00000000  PrecisionPower  IOCTL_SERIAL_GET_LINE_CONTROL  ProlificSerial0  
91  0.00000320  SUCCESS  
92  0.00000000  PrecisionPower  IOCTL_SERIAL_GET_CHARS  ProlificSerial0  
92  0.00000250  SUCCESS  
93  0.00000000  PrecisionPower  IOCTL_SERIAL_GET_HANDFLOW  ProlificSerial0  
93  0.00000260  SUCCESS  
94  0.00000000  PrecisionPower  IOCTL_SERIAL_SET_BAUD_RATE  ProlificSerial0  Rate: 9600
94  0.02053760  SUCCESS  
95  0.00000000  PrecisionPower  IOCTL_SERIAL_SET_RTS  ProlificSerial0  
95  0.00011400  SUCCESS  
96  0.00000000  PrecisionPower  IOCTL_SERIAL_SET_DTR  ProlificSerial0  
96  0.00012040  SUCCESS  
97  0.00000000  PrecisionPower  IOCTL_SERIAL_SET_LINE_CONTROL  ProlificSerial0  StopBits: ERROR Parity: NONE WordLength: 8
97  0.00001160  SUCCESS  
98  0.00000000  PrecisionPower  IOCTL_SERIAL_SET_CHAR  ProlificSerial0  EOF:0 ERR:0 BRK:0 EVT:0 XON:0 XOFF:0
98  0.00016880  SUCCESS  
99  0.00000000  PrecisionPower  IOCTL_SERIAL_SET_HANDFLOW  ProlificSerial0  Shake:1 Replace:40 XonLimit:0 XoffLimit:0
99  0.00001110  SUCCESS  
100  0.00000000  PrecisionPower  IOCTL_SERIAL_SET_TIMEOUTS  ProlificSerial0  RI:0 RM:0 RC:15000 WM:0 WC:1000
100  0.00000790  SUCCESS  
101  0.00000000  PrecisionPower  IOCTL_SERIAL_PURGE  ProlificSerial0  Purge: TXCLEAR RXCLEAR
101  0.00001200  SUCCESS  
102  0.00000000  PrecisionPower  IRP_MJ_WRITE  ProlificSerial0  Length 11: 01 02 FB 0B 01 01 00 00 00 0B 01 
102  0.00197240  SUCCESS  
103  0.00000000  PrecisionPower  IRP_MJ_READ  ProlificSerial0  Length 12
103  0.08663670  SUCCESS  Length 12: 06 01 02 FB 0B 01 01 00 33 00 3A FE 
104  0.00000000  PrecisionPower  IRP_MJ_READ  ProlificSerial0  Length 51
104  0.06125730  SUCCESS  Length 51: 00 80 02 00 01 00 01 04 00 00 00 00 00 00 00 00 00 00 00 00 00 
105  0.00000000  PrecisionPower  IRP_MJ_CLEANUP  ProlificSerial0  
105  0.03050030  SUCCESS  
106  0.00000000  PrecisionPower  IRP_MJ_CLOSE  ProlificSerial0  
106  0.08548220  SUCCESS  
107  0.00000000  PrecisionPower  IRP_MJ_CREATE  ProlificSerial0  Options: Open 
107  0.22187740  SUCCESS  
108  0.00000000  PrecisionPower  IOCTL_SERIAL_SET_TIMEOUTS  ProlificSerial0  RI:0 RM:0 RC:10000 WM:0 WC:1000
108  0.00001930  SUCCESS  
109  0.00000000  PrecisionPower  IOCTL_SERIAL_SET_QUEUE_SIZE  ProlificSerial0  InSize: 2048 OutSize: 2048
109  0.00000880  SUCCESS  
110  0.00000000  PrecisionPower  IOCTL_SERIAL_PURGE  ProlificSerial0  Purge: TXCLEAR RXCLEAR
110  0.00001610  SUCCESS  
111  0.00000000  PrecisionPower  IOCTL_SERIAL_GET_BAUD_RATE  ProlificSerial0  
111  0.00001500  SUCCESS  
112  0.00000000  PrecisionPower  IOCTL_SERIAL_GET_LINE_CONTROL  ProlificSerial0  
112  0.00000860  SUCCESS  
113  0.00000000  PrecisionPower  IOCTL_SERIAL_GET_CHARS  ProlificSerial0  
113  0.00000280  SUCCESS  
114  0.00000000  PrecisionPower  IOCTL_SERIAL_GET_HANDFLOW  ProlificSerial0  
114  0.00000300  SUCCESS  
115  0.00000000  PrecisionPower  IOCTL_SERIAL_SET_BAUD_RATE  ProlificSerial0  Rate: 9600
115  0.02028350  SUCCESS  
116  0.00000000  PrecisionPower  IOCTL_SERIAL_SET_RTS  ProlificSerial0  
116  0.00013560  SUCCESS  
117  0.00000000  PrecisionPower  IOCTL_SERIAL_SET_DTR  ProlificSerial0  
117  0.00007310  SUCCESS  
118  0.00000000  PrecisionPower  IOCTL_SERIAL_SET_LINE_CONTROL  ProlificSerial0  StopBits: ERROR Parity: NONE WordLength: 8
118  0.00000770  SUCCESS  
119  0.00000000  PrecisionPower  IOCTL_SERIAL_SET_CHAR  ProlificSerial0  EOF:0 ERR:0 BRK:0 EVT:0 XON:0 XOFF:0
119  0.00006950  SUCCESS  
120  0.00000000  PrecisionPower  IOCTL_SERIAL_SET_HANDFLOW  ProlificSerial0  Shake:1 Replace:40 XonLimit:0 XoffLimit:0
120  0.00000700  SUCCESS  
121  0.00000000  PrecisionPower  IOCTL_SERIAL_SET_TIMEOUTS  ProlificSerial0  RI:0 RM:0 RC:15000 WM:0 WC:1000
121  0.00000420  SUCCESS  
122  0.00000000  PrecisionPower  IOCTL_SERIAL_PURGE  ProlificSerial0  Purge: TXCLEAR RXCLEAR
122  0.00001020  SUCCESS  
123  0.00000000  PrecisionPower  IRP_MJ_WRITE  ProlificSerial0  Length 11: 01 02 FB 0B 01 01 00 00 00 0B 01 
123  0.00196970  SUCCESS  
124  0.00000000  PrecisionPower  IRP_MJ_READ  ProlificSerial0  Length 12
124  0.15515930  SUCCESS  Length 12: 06 01 02 FB 0B 01 01 00 33 00 39 FE 
125  0.00000000  PrecisionPower  IRP_MJ_READ  ProlificSerial0  Length 51
125  0.06320770  SUCCESS  Length 51: 00 80 02 00 01 00 05 01 00 00 00 00 00 00 00 00 00 00 00 00 00 
126  0.00000000  PrecisionPower  IRP_MJ_CLEANUP  ProlificSerial0  
126  0.03111530  SUCCESS  
127  0.00000000  PrecisionPower  IRP_MJ_CLOSE  ProlificSerial0  
127  0.10472180  SUCCESS  
128  0.00000000  PrecisionPower  IRP_MJ_CREATE  ProlificSerial0  Options: Open 
128  0.22347810  SUCCESS  
129  0.00000000  PrecisionPower  IOCTL_SERIAL_SET_TIMEOUTS  ProlificSerial0  RI:0 RM:0 RC:10000 WM:0 WC:1000
129  0.00001120  SUCCESS  
130  0.00000000  PrecisionPower  IOCTL_SERIAL_SET_QUEUE_SIZE  ProlificSerial0  InSize: 2048 OutSize: 2048
130  0.00000330  SUCCESS  
131  0.00000000  PrecisionPower  IOCTL_SERIAL_PURGE  ProlificSerial0  Purge: TXCLEAR RXCLEAR
131  0.00000660  SUCCESS  
132  0.00000000  PrecisionPower  IOCTL_SERIAL_GET_BAUD_RATE  ProlificSerial0  
132  0.00000290  SUCCESS  
133  0.00000000  PrecisionPower  IOCTL_SERIAL_GET_LINE_CONTROL  ProlificSerial0  
133  0.00000240  SUCCESS  
134  0.00000000  PrecisionPower  IOCTL_SERIAL_GET_CHARS  ProlificSerial0  
134  0.00000200  SUCCESS  
135  0.00000000  PrecisionPower  IOCTL_SERIAL_GET_HANDFLOW  ProlificSerial0  
135  0.00000210  SUCCESS  
136  0.00000000  PrecisionPower  IOCTL_SERIAL_SET_BAUD_RATE  ProlificSerial0  Rate: 9600
136  0.03080720  SUCCESS  
137  0.00000000  PrecisionPower  IOCTL_SERIAL_SET_RTS  ProlificSerial0  
137  0.00010830  SUCCESS  
138  0.00000000  PrecisionPower  IOCTL_SERIAL_SET_DTR  ProlificSerial0  
138  0.00004960  SUCCESS  
139  0.00000000  PrecisionPower  IOCTL_SERIAL_SET_LINE_CONTROL  ProlificSerial0  StopBits: ERROR Parity: NONE WordLength: 8
139  0.00000590  SUCCESS  
140  0.00000000  PrecisionPower  IOCTL_SERIAL_SET_CHAR  ProlificSerial0  EOF:0 ERR:0 BRK:0 EVT:0 XON:0 XOFF:0
140  0.00005040  SUCCESS  
141  0.00000000  PrecisionPower  IOCTL_SERIAL_SET_HANDFLOW  ProlificSerial0  Shake:1 Replace:40 XonLimit:0 XoffLimit:0
141  0.00000440  SUCCESS  
142  0.00000000  PrecisionPower  IOCTL_SERIAL_SET_TIMEOUTS  ProlificSerial0  RI:0 RM:0 RC:15000 WM:0 WC:1000
142  0.00000280  SUCCESS  
143  0.00000000  PrecisionPower  IOCTL_SERIAL_PURGE  ProlificSerial0  Purge: TXCLEAR RXCLEAR
143  0.00000780  SUCCESS  
144  0.00000000  PrecisionPower  IRP_MJ_WRITE  ProlificSerial0  Length 11: 01 02 FB 0B 01 01 00 00 00 0B 01 
144  0.00624930  SUCCESS  
145  0.00000000  PrecisionPower  IRP_MJ_READ  ProlificSerial0  Length 12
145  0.13460090  SUCCESS  Length 12: 06 01 02 FB 0B 01 01 00 33 00 39 FE 
146  0.00000000  PrecisionPower  IRP_MJ_READ  ProlificSerial0  Length 51
146  0.06282200  SUCCESS  Length 51: 00 80 02 00 01 00 05 01 00 00 00 00 00 00 00 00 00 00 00 00 00 
147  0.00000000  PrecisionPower  IRP_MJ_CLEANUP  ProlificSerial0  
147  0.03122890  SUCCESS  
148  0.00000000  PrecisionPower  IRP_MJ_CLOSE  ProlificSerial0  
148  0.08666640  SUCCESS  
149  0.00000000  PrecisionPower  IRP_MJ_CREATE  ProlificSerial0  Options: Open 
149  0.22616460  SUCCESS  
150  0.00000000  PrecisionPower  IOCTL_SERIAL_SET_TIMEOUTS  ProlificSerial0  RI:0 RM:0 RC:10000 WM:0 WC:1000
150  0.00001690  SUCCESS  
151  0.00000000  PrecisionPower  IOCTL_SERIAL_SET_QUEUE_SIZE  ProlificSerial0  InSize: 2048 OutSize: 2048
151  0.00000560  SUCCESS  
152  0.00000000  PrecisionPower  IOCTL_SERIAL_PURGE  ProlificSerial0  Purge: TXCLEAR RXCLEAR
152  0.00001080  SUCCESS  
153  0.00000000  PrecisionPower  IOCTL_SERIAL_GET_BAUD_RATE  ProlificSerial0  
153  0.00000490  SUCCESS  
154  0.00000000  PrecisionPower  IOCTL_SERIAL_GET_LINE_CONTROL  ProlificSerial0  
154  0.00000380  SUCCESS  
155  0.00000000  PrecisionPower  IOCTL_SERIAL_GET_CHARS  ProlificSerial0  
155  0.00000360  SUCCESS  
156  0.00000000  PrecisionPower  IOCTL_SERIAL_GET_HANDFLOW  ProlificSerial0  
156  0.00000330  SUCCESS  
157  0.00000000  PrecisionPower  IOCTL_SERIAL_SET_BAUD_RATE  ProlificSerial0  Rate: 9600
157  0.03020830  SUCCESS  
158  0.00000000  PrecisionPower  IOCTL_SERIAL_SET_RTS  ProlificSerial0  
158  0.00014500  SUCCESS  
159  0.00000000  PrecisionPower  IOCTL_SERIAL_SET_DTR  ProlificSerial0  
159  0.00007330  SUCCESS  
160  0.00000000  PrecisionPower  IOCTL_SERIAL_SET_LINE_CONTROL  ProlificSerial0  StopBits: ERROR Parity: NONE WordLength: 8
160  0.00000750  SUCCESS  
161  0.00000000  PrecisionPower  IOCTL_SERIAL_SET_CHAR  ProlificSerial0  EOF:0 ERR:0 BRK:0 EVT:0 XON:0 XOFF:0
161  0.00007030  SUCCESS  
162  0.00000000  PrecisionPower  IOCTL_SERIAL_SET_HANDFLOW  ProlificSerial0  Shake:1 Replace:40 XonLimit:0 XoffLimit:0
162  0.00000630  SUCCESS  
163  0.00000000  PrecisionPower  IOCTL_SERIAL_SET_TIMEOUTS  ProlificSerial0  RI:0 RM:0 RC:15000 WM:0 WC:1000
163  0.00000440  SUCCESS  
164  0.00000000  PrecisionPower  IOCTL_SERIAL_PURGE  ProlificSerial0  Purge: TXCLEAR RXCLEAR
164  0.00000960  SUCCESS  
165  0.00000000  PrecisionPower  IRP_MJ_WRITE  ProlificSerial0  Length 11: 01 02 FB 0B 01 01 00 00 00 0B 01 
165  0.00662080  SUCCESS  
166  0.00000000  PrecisionPower  IRP_MJ_READ  ProlificSerial0  Length 12
166  0.04284790  SUCCESS  Length 12: 06 01 02 FB 0B 01 01 00 33 00 39 FE 
167  0.00000000  PrecisionPower  IRP_MJ_READ  ProlificSerial0  Length 51
167  0.06567870  SUCCESS  Length 51: 00 80 02 00 01 00 05 01 00 00 00 00 00 00 00 00 00 00 00 00 00 
168  0.00000000  PrecisionPower  IRP_MJ_CLEANUP  ProlificSerial0  
168  0.03024270  SUCCESS  
169  0.00000000  PrecisionPower  IRP_MJ_CLOSE  ProlificSerial0  
169  0.10387820  SUCCESS  
170  0.00000000  PrecisionPower  IRP_MJ_CREATE  ProlificSerial0  Options: Open 
170  0.22605130  SUCCESS  
171  0.00000000  PrecisionPower  IOCTL_SERIAL_SET_TIMEOUTS  ProlificSerial0  RI:0 RM:0 RC:10000 WM:0 WC:1000
171  0.00001100  SUCCESS  
172  0.00000000  PrecisionPower  IOCTL_SERIAL_SET_QUEUE_SIZE  ProlificSerial0  InSize: 2048 OutSize: 2048
172  0.00000290  SUCCESS  
173  0.00000000  PrecisionPower  IOCTL_SERIAL_PURGE  ProlificSerial0  Purge: TXCLEAR RXCLEAR
173  0.00000660  SUCCESS  
174  0.00000000  PrecisionPower  IOCTL_SERIAL_GET_BAUD_RATE  ProlificSerial0  
174  0.00000280  SUCCESS  
175  0.00000000  PrecisionPower  IOCTL_SERIAL_GET_LINE_CONTROL  ProlificSerial0  
175  0.00000230  SUCCESS  
176  0.00000000  PrecisionPower  IOCTL_SERIAL_GET_CHARS  ProlificSerial0  
176  0.00000200  SUCCESS  
177  0.00000000  PrecisionPower  IOCTL_SERIAL_GET_HANDFLOW  ProlificSerial0  
177  0.00000200  SUCCESS  
178  0.00000000  PrecisionPower  IOCTL_SERIAL_SET_BAUD_RATE  ProlificSerial0  Rate: 9600
178  0.02953410  SUCCESS  
179  0.00000000  PrecisionPower  IOCTL_SERIAL_SET_RTS  ProlificSerial0  
179  0.00013140  SUCCESS  
180  0.00000000  PrecisionPower  IOCTL_SERIAL_SET_DTR  ProlificSerial0  
180  0.00007270  SUCCESS  
181  0.00000000  PrecisionPower  IOCTL_SERIAL_SET_LINE_CONTROL  ProlificSerial0  StopBits: ERROR Parity: NONE WordLength: 8
181  0.00000720  SUCCESS  
182  0.00000000  PrecisionPower  IOCTL_SERIAL_SET_CHAR  ProlificSerial0  EOF:0 ERR:0 BRK:0 EVT:0 XON:0 XOFF:0
182  0.00006990  SUCCESS  
183  0.00000000  PrecisionPower  IOCTL_SERIAL_SET_HANDFLOW  ProlificSerial0  Shake:1 Replace:40 XonLimit:0 XoffLimit:0
183  0.00000670  SUCCESS  
184  0.00000000  PrecisionPower  IOCTL_SERIAL_SET_TIMEOUTS  ProlificSerial0  RI:0 RM:0 RC:15000 WM:0 WC:1000
184  0.00000420  SUCCESS  
185  0.00000000  PrecisionPower  IOCTL_SERIAL_PURGE  ProlificSerial0  Purge: TXCLEAR RXCLEAR
185  0.00000960  SUCCESS  
186  0.00000000  PrecisionPower  IRP_MJ_WRITE  ProlificSerial0  Length 11: 01 02 FB 0B 01 01 00 00 00 0B 01 
186  0.00744590  SUCCESS  
187  0.00000000  PrecisionPower  IRP_MJ_READ  ProlificSerial0  Length 12
187  0.07014260  SUCCESS  Length 12: 06 01 02 FB 0B 01 01 00 33 00 39 FE 
188  0.00000000  PrecisionPower  IRP_MJ_READ  ProlificSerial0  Length 51
188  0.06467800  SUCCESS  Length 51: 00 80 02 00 01 00 05 01 00 00 00 00 00 00 00 00 00 00 00 00 00 
189  0.00000000  PrecisionPower  IRP_MJ_CLEANUP  ProlificSerial0  
189  0.03068080  SUCCESS  
190  0.00000000  PrecisionPower  IRP_MJ_CLOSE  ProlificSerial0  
190  0.08921490  SUCCESS  
191  0.00000000  PrecisionPower  IRP_MJ_CREATE  ProlificSerial0  Options: Open 
191  0.21844300  SUCCESS  
192  0.00000000  PrecisionPower  IOCTL_SERIAL_SET_TIMEOUTS  ProlificSerial0  RI:0 RM:0 RC:10000 WM:0 WC:1000
192  0.00001420  SUCCESS  
193  0.00000000  PrecisionPower  IOCTL_SERIAL_SET_QUEUE_SIZE  ProlificSerial0  InSize: 2048 OutSize: 2048
193  0.00000780  SUCCESS  
194  0.00000000  PrecisionPower  IOCTL_SERIAL_PURGE  ProlificSerial0  Purge: TXCLEAR RXCLEAR
194  0.00000790  SUCCESS  
195  0.00000000  PrecisionPower  IOCTL_SERIAL_GET_BAUD_RATE  ProlificSerial0  
195  0.00000730  SUCCESS  
196  0.00000000  PrecisionPower  IOCTL_SERIAL_GET_LINE_CONTROL  ProlificSerial0  
196  0.00000450  SUCCESS  
197  0.00000000  PrecisionPower  IOCTL_SERIAL_GET_CHARS  ProlificSerial0  
197  0.00000350  SUCCESS  
198  0.00000000  PrecisionPower  IOCTL_SERIAL_GET_HANDFLOW  ProlificSerial0  
198  0.00000410  SUCCESS  
199  0.00000000  PrecisionPower  IOCTL_SERIAL_SET_BAUD_RATE  ProlificSerial0  Rate: 9600
199  0.02001910  SUCCESS  
200  0.00000000  PrecisionPower  IOCTL_SERIAL_SET_RTS  ProlificSerial0  
200  0.00012270  SUCCESS  
201  0.00000000  PrecisionPower  IOCTL_SERIAL_SET_DTR  ProlificSerial0  
201  0.00006720  SUCCESS  
202  0.00000000  PrecisionPower  IOCTL_SERIAL_SET_LINE_CONTROL  ProlificSerial0  StopBits: ERROR Parity: NONE WordLength: 8
202  0.00000730  SUCCESS  
203  0.00000000  PrecisionPower  IOCTL_SERIAL_SET_CHAR  ProlificSerial0  EOF:0 ERR:0 BRK:0 EVT:0 XON:0 XOFF:0
203  0.00006390  SUCCESS  
204  0.00000000  PrecisionPower  IOCTL_SERIAL_SET_HANDFLOW  ProlificSerial0  Shake:1 Replace:40 XonLimit:0 XoffLimit:0
204  0.00000610  SUCCESS  
205  0.00000000  PrecisionPower  IOCTL_SERIAL_SET_TIMEOUTS  ProlificSerial0  RI:0 RM:0 RC:15000 WM:0 WC:1000
205  0.00000360  SUCCESS  
206  0.00000000  PrecisionPower  IOCTL_SERIAL_PURGE  ProlificSerial0  Purge: TXCLEAR RXCLEAR
206  0.00000810  SUCCESS  
207  0.00000000  PrecisionPower  IRP_MJ_WRITE  ProlificSerial0  Length 11: 01 02 FB 0B 01 01 00 00 00 0B 01 
207  0.00233920  SUCCESS  
208  0.00000000  PrecisionPower  IRP_MJ_READ  ProlificSerial0  Length 12
208  0.11122980  SUCCESS  Length 12: 06 01 02 FB 0B 01 01 00 33 00 39 FE 
209  0.00000000  PrecisionPower  IRP_MJ_READ  ProlificSerial0  Length 51
209  0.06161650  SUCCESS  Length 51: 00 80 02 00 01 00 05 01 00 00 00 00 00 00 00 00 00 00 00 00 00 
210  0.00000000  PrecisionPower  IRP_MJ_CLEANUP  ProlificSerial0  
210  0.03135350  SUCCESS  
211  0.00000000  PrecisionPower  IRP_MJ_CLOSE  ProlificSerial0  
211  0.08475210  SUCCESS  
212  0.00000000  PrecisionPower  IRP_MJ_CREATE  ProlificSerial0  Options: Open 
212  0.22111960  SUCCESS  
213  0.00000000  PrecisionPower  IOCTL_SERIAL_SET_TIMEOUTS  ProlificSerial0  RI:0 RM:0 RC:10000 WM:0 WC:1000
213  0.00001560  SUCCESS  
214  0.00000000  PrecisionPower  IOCTL_SERIAL_SET_QUEUE_SIZE  ProlificSerial0  InSize: 2048 OutSize: 2048
214  0.00000410  SUCCESS  
215  0.00000000  PrecisionPower  IOCTL_SERIAL_PURGE  ProlificSerial0  Purge: TXCLEAR RXCLEAR
215  0.00000910  SUCCESS  
216  0.00000000  PrecisionPower  IOCTL_SERIAL_GET_BAUD_RATE  ProlificSerial0  
216  0.00000440  SUCCESS  
217  0.00000000  PrecisionPower  IOCTL_SERIAL_GET_LINE_CONTROL  ProlificSerial0  
217  0.00000310  SUCCESS  
218  0.00000000  PrecisionPower  IOCTL_SERIAL_GET_CHARS  ProlificSerial0  
218  0.00000280  SUCCESS  
219  0.00000000  PrecisionPower  IOCTL_SERIAL_GET_HANDFLOW  ProlificSerial0  
219  0.00000290  SUCCESS  
220  0.00000000  PrecisionPower  IOCTL_SERIAL_SET_BAUD_RATE  ProlificSerial0  Rate: 9600
220  0.02140310  SUCCESS  
221  0.00000000  PrecisionPower  IOCTL_SERIAL_SET_RTS  ProlificSerial0  
221  0.00049850  SUCCESS  
222  0.00000000  PrecisionPower  IOCTL_SERIAL_SET_DTR  ProlificSerial0  
222  0.00004010  SUCCESS  
223  0.00000000  PrecisionPower  IOCTL_SERIAL_SET_LINE_CONTROL  ProlificSerial0  StopBits: ERROR Parity: NONE WordLength: 8
223  0.00000430  SUCCESS  
224  0.00000000  PrecisionPower  IOCTL_SERIAL_SET_CHAR  ProlificSerial0  EOF:0 ERR:0 BRK:0 EVT:0 XON:0 XOFF:0
224  0.00003700  SUCCESS  
225  0.00000000  PrecisionPower  IOCTL_SERIAL_SET_HANDFLOW  ProlificSerial0  Shake:1 Replace:40 XonLimit:0 XoffLimit:0
225  0.00000420  SUCCESS  
226  0.00000000  PrecisionPower  IOCTL_SERIAL_SET_TIMEOUTS  ProlificSerial0  RI:0 RM:0 RC:15000 WM:0 WC:1000
226  0.00000240  SUCCESS  
227  0.00000000  PrecisionPower  IOCTL_SERIAL_PURGE  ProlificSerial0  Purge: TXCLEAR RXCLEAR
227  0.00001050  SUCCESS  
228  0.00000000  PrecisionPower  IRP_MJ_WRITE  ProlificSerial0  Length 11: 01 02 FB 0B 01 01 00 00 00 0B 01 
228  0.00290790  SUCCESS  
229  0.00000000  PrecisionPower  IRP_MJ_READ  ProlificSerial0  Length 12
229  0.11181520  SUCCESS  Length 12: 06 01 02 FB 0B 01 01 00 33 00 39 FE 
230  0.00000000  PrecisionPower  IRP_MJ_READ  ProlificSerial0  Length 51
230  0.06504400  SUCCESS  Length 51: 00 80 02 00 01 00 05 01 00 00 00 00 00 00 00 00 00 00 00 00 00 
231  0.00000000  PrecisionPower  IRP_MJ_CLEANUP  ProlificSerial0  
231  0.03079240  SUCCESS  
232  0.00000000  PrecisionPower  IRP_MJ_CLOSE  ProlificSerial0  
232  0.10339790  SUCCESS  
233  0.00000000  PrecisionPower  IRP_MJ_CREATE  ProlificSerial0  Options: Open 
233  0.22528770  SUCCESS  
234  0.00000000  PrecisionPower  IOCTL_SERIAL_SET_TIMEOUTS  ProlificSerial0  RI:0 RM:0 RC:10000 WM:0 WC:1000
234  0.00001630  SUCCESS  
235  0.00000000  PrecisionPower  IOCTL_SERIAL_SET_QUEUE_SIZE  ProlificSerial0  InSize: 2048 OutSize: 2048
235  0.00000450  SUCCESS  
236  0.00000000  PrecisionPower  IOCTL_SERIAL_PURGE  ProlificSerial0  Purge: TXCLEAR RXCLEAR
236  0.00001000  SUCCESS  
237  0.00000000  PrecisionPower  IOCTL_SERIAL_GET_BAUD_RATE  ProlificSerial0  
237  0.00000440  SUCCESS  
238  0.00000000  PrecisionPower  IOCTL_SERIAL_GET_LINE_CONTROL  ProlificSerial0  
238  0.00000350  SUCCESS  
239  0.00000000  PrecisionPower  IOCTL_SERIAL_GET_CHARS  ProlificSerial0  
239  0.00000300  SUCCESS  
240  0.00000000  PrecisionPower  IOCTL_SERIAL_GET_HANDFLOW  ProlificSerial0  
240  0.00000340  SUCCESS  
241  0.00000000  PrecisionPower  IOCTL_SERIAL_SET_BAUD_RATE  ProlificSerial0  Rate: 9600
241  0.02992700  SUCCESS  
242  0.00000000  PrecisionPower  IOCTL_SERIAL_SET_RTS  ProlificSerial0  
242  0.00007350  SUCCESS  
243  0.00000000  PrecisionPower  IOCTL_SERIAL_SET_DTR  ProlificSerial0  
243  0.00008510  SUCCESS  
244  0.00000000  PrecisionPower  IOCTL_SERIAL_SET_LINE_CONTROL  ProlificSerial0  StopBits: ERROR Parity: NONE WordLength: 8
244  0.00000490  SUCCESS  
245  0.00000000  PrecisionPower  IOCTL_SERIAL_SET_CHAR  ProlificSerial0  EOF:0 ERR:0 BRK:0 EVT:0 XON:0 XOFF:0
245  0.00004550  SUCCESS  
246  0.00000000  PrecisionPower  IOCTL_SERIAL_SET_HANDFLOW  ProlificSerial0  Shake:1 Replace:40 XonLimit:0 XoffLimit:0
246  0.00000380  SUCCESS  
247  0.00000000  PrecisionPower  IOCTL_SERIAL_SET_TIMEOUTS  ProlificSerial0  RI:0 RM:0 RC:15000 WM:0 WC:1000
247  0.00000260  SUCCESS  
248  0.00000000  PrecisionPower  IOCTL_SERIAL_PURGE  ProlificSerial0  Purge: TXCLEAR RXCLEAR
248  0.00000460  SUCCESS  
249  0.00000000  PrecisionPower  IRP_MJ_WRITE  ProlificSerial0  Length 11: 01 02 FB 0B 01 01 00 00 00 0B 01 
249  0.00683750  SUCCESS  
250  0.00000000  PrecisionPower  IRP_MJ_READ  ProlificSerial0  Length 12
250  0.08484210  SUCCESS  Length 12: 06 01 02 FB 0B 01 01 00 33 00 39 FE 
251  0.00000000  PrecisionPower  IRP_MJ_READ  ProlificSerial0  Length 51
251  0.06235970  SUCCESS  Length 51: 00 80 02 00 01 00 05 01 00 00 00 00 00 00 00 00 00 00 00 00 00 
252  0.00000000  PrecisionPower  IRP_MJ_CLEANUP  ProlificSerial0  
252  0.03096130  SUCCESS  
253  0.00000000  PrecisionPower  IRP_MJ_CLOSE  ProlificSerial0  
253  0.08851420  SUCCESS  
254  0.00000000  PrecisionPower  IRP_MJ_CREATE  ProlificSerial0  Options: Open 
254  0.22615290  SUCCESS  
255  0.00000000  PrecisionPower  IOCTL_SERIAL_SET_TIMEOUTS  ProlificSerial0  RI:0 RM:0 RC:10000 WM:0 WC:1000
255  0.00001360  SUCCESS  
256  0.00000000  PrecisionPower  IOCTL_SERIAL_SET_QUEUE_SIZE  ProlificSerial0  InSize: 2048 OutSize: 2048
256  0.00000380  SUCCESS  
257  0.00000000  PrecisionPower  IOCTL_SERIAL_PURGE  ProlificSerial0  Purge: TXCLEAR RXCLEAR
257  0.00000740  SUCCESS  
258  0.00000000  PrecisionPower  IOCTL_SERIAL_GET_BAUD_RATE  ProlificSerial0  
258  0.00000360  SUCCESS  
259  0.00000000  PrecisionPower  IOCTL_SERIAL_GET_LINE_CONTROL  ProlificSerial0  
259  0.00000280  SUCCESS  
260  0.00000000  PrecisionPower  IOCTL_SERIAL_GET_CHARS  ProlificSerial0  
260  0.00000700  SUCCESS  
261  0.00000000  PrecisionPower  IOCTL_SERIAL_GET_HANDFLOW  ProlificSerial0  
261  0.00000280  SUCCESS  
262  0.00000000  PrecisionPower  IOCTL_SERIAL_SET_BAUD_RATE  ProlificSerial0  Rate: 9600
262  0.02858820  SUCCESS  
263  0.00000000  PrecisionPower  IOCTL_SERIAL_SET_RTS  ProlificSerial0  
263  0.00014470  SUCCESS  
264  0.00000000  PrecisionPower  IOCTL_SERIAL_SET_DTR  ProlificSerial0  
264  0.00006830  SUCCESS  
265  0.00000000  PrecisionPower  IOCTL_SERIAL_SET_LINE_CONTROL  ProlificSerial0  StopBits: ERROR Parity: NONE WordLength: 8
265  0.00000700  SUCCESS  
266  0.00000000  PrecisionPower  IOCTL_SERIAL_SET_CHAR  ProlificSerial0  EOF:0 ERR:0 BRK:0 EVT:0 XON:0 XOFF:0
266  0.00006330  SUCCESS  
267  0.00000000  PrecisionPower  IOCTL_SERIAL_SET_HANDFLOW  ProlificSerial0  Shake:1 Replace:40 XonLimit:0 XoffLimit:0
267  0.00000600  SUCCESS  
268  0.00000000  PrecisionPower  IOCTL_SERIAL_SET_TIMEOUTS  ProlificSerial0  RI:0 RM:0 RC:15000 WM:0 WC:1000
268  0.00000360  SUCCESS  
269  0.00000000  PrecisionPower  IOCTL_SERIAL_PURGE  ProlificSerial0  Purge: TXCLEAR RXCLEAR
269  0.00000930  SUCCESS  
270  0.00000000  PrecisionPower  IRP_MJ_WRITE  ProlificSerial0  Length 11: 01 02 FB 0B 01 01 00 00 00 0B 01 
270  0.00834540  SUCCESS  
271  0.00000000  PrecisionPower  IRP_MJ_READ  ProlificSerial0  Length 12
271  0.11153850  SUCCESS  Length 12: 06 01 02 FB 0B 01 01 00 33 00 35 FE 
272  0.00000000  PrecisionPower  IRP_MJ_READ  ProlificSerial0  Length 51
272  0.06465620  SUCCESS  Length 51: 00 80 02 00 01 00 06 02 00 00 00 00 00 00 00 00 00 00 00 00 00 
273  0.00000000  PrecisionPower  IRP_MJ_CLEANUP  ProlificSerial0  
273  0.03164390  SUCCESS  
274  0.00000000  PrecisionPower  IRP_MJ_CLOSE  ProlificSerial0  
274  0.10513860  SUCCESS  
275  0.00000000  PrecisionPower  IRP_MJ_CREATE  ProlificSerial0  Options: Open 
275  0.22222470  SUCCESS  
276  0.00000000  PrecisionPower  IOCTL_SERIAL_SET_TIMEOUTS  ProlificSerial0  RI:0 RM:0 RC:10000 WM:0 WC:1000
276  0.00000930  SUCCESS  
277  0.00000000  PrecisionPower  IOCTL_SERIAL_SET_QUEUE_SIZE  ProlificSerial0  InSize: 2048 OutSize: 2048
277  0.00000230  SUCCESS  
278  0.00000000  PrecisionPower  IOCTL_SERIAL_PURGE  ProlificSerial0  Purge: TXCLEAR RXCLEAR
278  0.00000540  SUCCESS  
279  0.00000000  PrecisionPower  IOCTL_SERIAL_GET_BAUD_RATE  ProlificSerial0  
279  0.00000230  SUCCESS  
280  0.00000000  PrecisionPower  IOCTL_SERIAL_GET_LINE_CONTROL  ProlificSerial0  
280  0.00000170  SUCCESS  
281  0.00000000  PrecisionPower  IOCTL_SERIAL_GET_CHARS  ProlificSerial0  
281  0.00000140  SUCCESS  
282  0.00000000  PrecisionPower  IOCTL_SERIAL_GET_HANDFLOW  ProlificSerial0  
282  0.00000150  SUCCESS  
283  0.00000000  PrecisionPower  IOCTL_SERIAL_SET_BAUD_RATE  ProlificSerial0  Rate: 9600
283  0.03095170  SUCCESS  
284  0.00000000  PrecisionPower  IOCTL_SERIAL_SET_RTS  ProlificSerial0  
284  0.00005610  SUCCESS  
285  0.00000000  PrecisionPower  IOCTL_SERIAL_SET_DTR  ProlificSerial0  
285  0.00002280  SUCCESS  
286  0.00000000  PrecisionPower  IOCTL_SERIAL_SET_LINE_CONTROL  ProlificSerial0  StopBits: ERROR Parity: NONE WordLength: 8
286  0.00000310  SUCCESS  
287  0.00000000  PrecisionPower  IOCTL_SERIAL_SET_CHAR  ProlificSerial0  EOF:0 ERR:0 BRK:0 EVT:0 XON:0 XOFF:0
287  0.00002210  SUCCESS  
288  0.00000000  PrecisionPower  IOCTL_SERIAL_SET_HANDFLOW  ProlificSerial0  Shake:1 Replace:40 XonLimit:0 XoffLimit:0
288  0.00000260  SUCCESS  
289  0.00000000  PrecisionPower  IOCTL_SERIAL_SET_TIMEOUTS  ProlificSerial0  RI:0 RM:0 RC:15000 WM:0 WC:1000
289  0.00000120  SUCCESS  
290  0.00000000  PrecisionPower  IOCTL_SERIAL_PURGE  ProlificSerial0  Purge: TXCLEAR RXCLEAR
290  0.00000370  SUCCESS  
291  0.00000000  PrecisionPower  IRP_MJ_WRITE  ProlificSerial0  Length 11: 01 02 FB 0B 01 01 00 00 00 0B 01 
291  0.00627920  SUCCESS  
292  0.00000000  PrecisionPower  IRP_MJ_READ  ProlificSerial0  Length 12
292  0.11827630  SUCCESS  Length 12: 06 01 02 FB 0B 01 01 00 33 00 35 FE 
293  0.00000000  PrecisionPower  IRP_MJ_READ  ProlificSerial0  Length 51
293  0.06379320  SUCCESS  Length 51: 00 80 02 00 01 00 06 02 00 00 00 00 00 00 00 00 00 00 00 00 00 
294  0.00000000  PrecisionPower  IRP_MJ_CLEANUP  ProlificSerial0  
294  0.03133380  SUCCESS  
295  0.00000000  PrecisionPower  IRP_MJ_CLOSE  ProlificSerial0  
295  0.10359860  SUCCESS  
296  0.00000000  PrecisionPower  IRP_MJ_CREATE  ProlificSerial0  Options: Open 
296  0.22546220  SUCCESS  
297  0.00000000  PrecisionPower  IOCTL_SERIAL_SET_TIMEOUTS  ProlificSerial0  RI:0 RM:0 RC:10000 WM:0 WC:1000
297  0.00001620  SUCCESS  
298  0.00000000  PrecisionPower  IOCTL_SERIAL_SET_QUEUE_SIZE  ProlificSerial0  InSize: 2048 OutSize: 2048
298  0.00000470  SUCCESS  
299  0.00000000  PrecisionPower  IOCTL_SERIAL_PURGE  ProlificSerial0  Purge: TXCLEAR RXCLEAR
299  0.00000920  SUCCESS  
300  0.00000000  PrecisionPower  IOCTL_SERIAL_GET_BAUD_RATE  ProlificSerial0  
300  0.00000440  SUCCESS  
301  0.00000000  PrecisionPower  IOCTL_SERIAL_GET_LINE_CONTROL  ProlificSerial0  
301  0.00000370  SUCCESS  
302  0.00000000  PrecisionPower  IOCTL_SERIAL_GET_CHARS  ProlificSerial0  
302  0.00000310  SUCCESS  
303  0.00000000  PrecisionPower  IOCTL_SERIAL_GET_HANDFLOW  ProlificSerial0  
303  0.00000300  SUCCESS  
304  0.00000000  PrecisionPower  IOCTL_SERIAL_SET_BAUD_RATE  ProlificSerial0  Rate: 9600
304  0.02940140  SUCCESS  
305  0.00000000  PrecisionPower  IOCTL_SERIAL_SET_RTS  ProlificSerial0  
305  0.00016170  SUCCESS  
306  0.00000000  PrecisionPower  IOCTL_SERIAL_SET_DTR  ProlificSerial0  
306  0.00007440  SUCCESS  
307  0.00000000  PrecisionPower  IOCTL_SERIAL_SET_LINE_CONTROL  ProlificSerial0  StopBits: ERROR Parity: NONE WordLength: 8
307  0.00000840  SUCCESS  
308  0.00000000  PrecisionPower  IOCTL_SERIAL_SET_CHAR  ProlificSerial0  EOF:0 ERR:0 BRK:0 EVT:0 XON:0 XOFF:0
308  0.00006940  SUCCESS  
309  0.00000000  PrecisionPower  IOCTL_SERIAL_SET_HANDFLOW  ProlificSerial0  Shake:1 Replace:40 XonLimit:0 XoffLimit:0
309  0.00000670  SUCCESS  
310  0.00000000  PrecisionPower  IOCTL_SERIAL_SET_TIMEOUTS  ProlificSerial0  RI:0 RM:0 RC:15000 WM:0 WC:1000
310  0.00000410  SUCCESS  
311  0.00000000  PrecisionPower  IOCTL_SERIAL_PURGE  ProlificSerial0  Purge: TXCLEAR RXCLEAR
311  0.00000950  SUCCESS  
312  0.00000000  PrecisionPower  IRP_MJ_WRITE  ProlificSerial0  Length 11: 01 02 FB 0B 01 01 00 00 00 0B 01 
312  0.00771980  SUCCESS  
313  0.00000000  PrecisionPower  IRP_MJ_READ  ProlificSerial0  Length 12
313  0.13206550  SUCCESS  Length 12: 06 01 02 FB 0B 01 01 00 33 00 35 FE 
314  0.00000000  PrecisionPower  IRP_MJ_READ  ProlificSerial0  Length 51
314  0.06329360  SUCCESS  Length 51: 00 80 02 00 01 00 06 02 00 00 00 00 00 00 00 00 00 00 00 00 00 
315  0.00000000  PrecisionPower  IRP_MJ_CLEANUP  ProlificSerial0  
315  0.03148540  SUCCESS  
316  0.00000000  PrecisionPower  IRP_MJ_CLOSE  ProlificSerial0  
316  0.08586820  SUCCESS  
317  0.00000000  PrecisionPower  IRP_MJ_CREATE  ProlificSerial0  Options: Open 
317  0.22037860  SUCCESS  
318  0.00000000  PrecisionPower  IOCTL_SERIAL_SET_TIMEOUTS  ProlificSerial0  RI:0 RM:0 RC:10000 WM:0 WC:1000
318  0.00001770  SUCCESS  
319  0.00000000  PrecisionPower  IOCTL_SERIAL_SET_QUEUE_SIZE  ProlificSerial0  InSize: 2048 OutSize: 2048
319  0.00000560  SUCCESS  
320  0.00000000  PrecisionPower  IOCTL_SERIAL_PURGE  ProlificSerial0  Purge: TXCLEAR RXCLEAR
320  0.00001140  SUCCESS  
321  0.00000000  PrecisionPower  IOCTL_SERIAL_GET_BAUD_RATE  ProlificSerial0  
321  0.00000490  SUCCESS  
322  0.00000000  PrecisionPower  IOCTL_SERIAL_GET_LINE_CONTROL  ProlificSerial0  
322  0.00000400  SUCCESS  
323  0.00000000  PrecisionPower  IOCTL_SERIAL_GET_CHARS  ProlificSerial0  
323  0.00000330  SUCCESS  
324  0.00000000  PrecisionPower  IOCTL_SERIAL_GET_HANDFLOW  ProlificSerial0  
324  0.00000390  SUCCESS  
325  0.00000000  PrecisionPower  IOCTL_SERIAL_SET_BAUD_RATE  ProlificSerial0  Rate: 9600
325  0.02074310  SUCCESS  
326  0.00000000  PrecisionPower  IOCTL_SERIAL_SET_RTS  ProlificSerial0  
326  0.00012180  SUCCESS  
327  0.00000000  PrecisionPower  IOCTL_SERIAL_SET_DTR  ProlificSerial0  
327  0.00006490  SUCCESS  
328  0.00000000  PrecisionPower  IOCTL_SERIAL_SET_LINE_CONTROL  ProlificSerial0  StopBits: ERROR Parity: NONE WordLength: 8
328  0.00000660  SUCCESS  
329  0.00000000  PrecisionPower  IOCTL_SERIAL_SET_CHAR  ProlificSerial0  EOF:0 ERR:0 BRK:0 EVT:0 XON:0 XOFF:0
329  0.00006280  SUCCESS  
330  0.00000000  PrecisionPower  IOCTL_SERIAL_SET_HANDFLOW  ProlificSerial0  Shake:1 Replace:40 XonLimit:0 XoffLimit:0
330  0.00000590  SUCCESS  
331  0.00000000  PrecisionPower  IOCTL_SERIAL_SET_TIMEOUTS  ProlificSerial0  RI:0 RM:0 RC:15000 WM:0 WC:1000
331  0.00000390  SUCCESS  
332  0.00000000  PrecisionPower  IOCTL_SERIAL_PURGE  ProlificSerial0  Purge: TXCLEAR RXCLEAR
332  0.00000890  SUCCESS  
333  0.00000000  PrecisionPower  IRP_MJ_WRITE  ProlificSerial0  Length 11: 01 02 FB 0B 01 01 00 00 00 0B 01 
333  0.00217120  SUCCESS  
334  0.00000000  PrecisionPower  IRP_MJ_READ  ProlificSerial0  Length 12
334  0.07053580  SUCCESS  Length 12: 06 01 02 FB 0B 01 01 00 33 00 36 FE 
335  0.00000000  PrecisionPower  IRP_MJ_READ  ProlificSerial0  Length 51
335  0.06110820  SUCCESS  Length 51: 00 80 02 00 01 00 07 00 00 00 00 00 00 00 00 00 00 00 00 00 00 
336  0.00000000  PrecisionPower  IRP_MJ_CLEANUP  ProlificSerial0  
336  0.03126960  SUCCESS  
337  0.00000000  PrecisionPower  IRP_MJ_CLOSE  ProlificSerial0  
337  0.08765370  SUCCESS  
338  0.00000000  PrecisionPower  IRP_MJ_CREATE  ProlificSerial0  Options: Open 
338  0.22464060  SUCCESS  
339  0.00000000  PrecisionPower  IOCTL_SERIAL_SET_TIMEOUTS  ProlificSerial0  RI:0 RM:0 RC:10000 WM:0 WC:1000
339  0.00001770  SUCCESS  
340  0.00000000  PrecisionPower  IOCTL_SERIAL_SET_QUEUE_SIZE  ProlificSerial0  InSize: 2048 OutSize: 2048
340  0.00000500  SUCCESS  
341  0.00000000  PrecisionPower  IOCTL_SERIAL_PURGE  ProlificSerial0  Purge: TXCLEAR RXCLEAR
341  0.00001070  SUCCESS  
342  0.00000000  PrecisionPower  IOCTL_SERIAL_GET_BAUD_RATE  ProlificSerial0  
342  0.00000460  SUCCESS  
343  0.00000000  PrecisionPower  IOCTL_SERIAL_GET_LINE_CONTROL  ProlificSerial0  
343  0.00000360  SUCCESS  
344  0.00000000  PrecisionPower  IOCTL_SERIAL_GET_CHARS  ProlificSerial0  
344  0.00000310  SUCCESS  
345  0.00000000  PrecisionPower  IOCTL_SERIAL_GET_HANDFLOW  ProlificSerial0  
345  0.00000360  SUCCESS  
346  0.00000000  PrecisionPower  IOCTL_SERIAL_SET_BAUD_RATE  ProlificSerial0  Rate: 9600
346  0.03000080  SUCCESS  
347  0.00000000  PrecisionPower  IOCTL_SERIAL_SET_RTS  ProlificSerial0  
347  0.00012820  SUCCESS  
348  0.00000000  PrecisionPower  IOCTL_SERIAL_SET_DTR  ProlificSerial0  
348  0.00007420  SUCCESS  
349  0.00000000  PrecisionPower  IOCTL_SERIAL_SET_LINE_CONTROL  ProlificSerial0  StopBits: ERROR Parity: NONE WordLength: 8
349  0.00000730  SUCCESS  
350  0.00000000  PrecisionPower  IOCTL_SERIAL_SET_CHAR  ProlificSerial0  EOF:0 ERR:0 BRK:0 EVT:0 XON:0 XOFF:0
350  0.00006980  SUCCESS  
351  0.00000000  PrecisionPower  IOCTL_SERIAL_SET_HANDFLOW  ProlificSerial0  Shake:1 Replace:40 XonLimit:0 XoffLimit:0
351  0.00000610  SUCCESS  
352  0.00000000  PrecisionPower  IOCTL_SERIAL_SET_TIMEOUTS  ProlificSerial0  RI:0 RM:0 RC:15000 WM:0 WC:1000
352  0.00000440  SUCCESS  
353  0.00000000  PrecisionPower  IOCTL_SERIAL_PURGE  ProlificSerial0  Purge: TXCLEAR RXCLEAR
353  0.00001070  SUCCESS  
354  0.00000000  PrecisionPower  IRP_MJ_WRITE  ProlificSerial0  Length 11: 01 02 FB 0B 01 01 00 00 00 0B 01 
354  0.00680910  SUCCESS  
355  0.00000000  PrecisionPower  IRP_MJ_READ  ProlificSerial0  Length 12
355  0.09346140  SUCCESS  Length 12: 06 01 02 FB 0B 01 01 00 33 00 36 FE 
356  0.00000000  PrecisionPower  IRP_MJ_READ  ProlificSerial0  Length 51
356  0.06325100  SUCCESS  Length 51: 00 80 02 00 01 00 07 00 00 00 00 00 00 00 00 00 00 00 00 00 00 
357  0.00000000  PrecisionPower  IRP_MJ_CLEANUP  ProlificSerial0  
357  0.03078850  SUCCESS  
358  0.00000000  PrecisionPower  IRP_MJ_CLOSE  ProlificSerial0  
358  0.08584370  SUCCESS  
359  0.00000000  PrecisionPower  IRP_MJ_CREATE  ProlificSerial0  Options: Open 
359  0.22759550  SUCCESS  
360  0.00000000  PrecisionPower  IOCTL_SERIAL_SET_TIMEOUTS  ProlificSerial0  RI:0 RM:0 RC:10000 WM:0 WC:1000
360  0.00001500  SUCCESS  
361  0.00000000  PrecisionPower  IOCTL_SERIAL_SET_QUEUE_SIZE  ProlificSerial0  InSize: 2048 OutSize: 2048
361  0.00000390  SUCCESS  
362  0.00000000  PrecisionPower  IOCTL_SERIAL_PURGE  ProlificSerial0  Purge: TXCLEAR RXCLEAR
362  0.00000890  SUCCESS  
363  0.00000000  PrecisionPower  IOCTL_SERIAL_GET_BAUD_RATE  ProlificSerial0  
363  0.00000450  SUCCESS  
364  0.00000000  PrecisionPower  IOCTL_SERIAL_GET_LINE_CONTROL  ProlificSerial0  
364  0.00000310  SUCCESS  
365  0.00000000  PrecisionPower  IOCTL_SERIAL_GET_CHARS  ProlificSerial0  
365  0.00000260  SUCCESS  
366  0.00000000  PrecisionPower  IOCTL_SERIAL_GET_HANDFLOW  ProlificSerial0  
366  0.00000270  SUCCESS  
367  0.00000000  PrecisionPower  IOCTL_SERIAL_SET_BAUD_RATE  ProlificSerial0  Rate: 9600
367  0.02978930  SUCCESS  
368  0.00000000  PrecisionPower  IOCTL_SERIAL_SET_RTS  ProlificSerial0  
368  0.00012450  SUCCESS  
369  0.00000000  PrecisionPower  IOCTL_SERIAL_SET_DTR  ProlificSerial0  
369  0.00006590  SUCCESS  
370  0.00000000  PrecisionPower  IOCTL_SERIAL_SET_LINE_CONTROL  ProlificSerial0  StopBits: ERROR Parity: NONE WordLength: 8
370  0.00000690  SUCCESS  
371  0.00000000  PrecisionPower  IOCTL_SERIAL_SET_CHAR  ProlificSerial0  EOF:0 ERR:0 BRK:0 EVT:0 XON:0 XOFF:0
371  0.00006210  SUCCESS  
372  0.00000000  PrecisionPower  IOCTL_SERIAL_SET_HANDFLOW  ProlificSerial0  Shake:1 Replace:40 XonLimit:0 XoffLimit:0
372  0.00000620  SUCCESS  
373  0.00000000  PrecisionPower  IOCTL_SERIAL_SET_TIMEOUTS  ProlificSerial0  RI:0 RM:0 RC:15000 WM:0 WC:1000
373  0.00000410  SUCCESS  
374  0.00000000  PrecisionPower  IOCTL_SERIAL_PURGE  ProlificSerial0  Purge: TXCLEAR RXCLEAR
374  0.00000870  SUCCESS  
375  0.00000000  PrecisionPower  IRP_MJ_WRITE  ProlificSerial0  Length 11: 01 02 FB 0B 01 01 00 00 00 0B 01 
375  0.00767940  SUCCESS  
376  0.00000000  PrecisionPower  IRP_MJ_READ  ProlificSerial0  Length 12
376  0.10242750  SUCCESS  Length 12: 06 01 02 FB 0B 01 01 00 33 00 36 FE 
377  0.00000000  PrecisionPower  IRP_MJ_READ  ProlificSerial0  Length 51
377  0.06274910  SUCCESS  Length 51: 00 80 02 00 01 00 07 00 00 00 00 00 00 00 00 00 00 00 00 00 00 
378  0.00000000  PrecisionPower  IRP_MJ_CLEANUP  ProlificSerial0  
378  0.03092600  SUCCESS  
379  0.00000000  PrecisionPower  IRP_MJ_CLOSE  ProlificSerial0  
379  0.08699430  SUCCESS  
380  0.00000000  PrecisionPower  IRP_MJ_CREATE  ProlificSerial0  Options: Open 
380  0.21987330  SUCCESS  
381  0.00000000  PrecisionPower  IOCTL_SERIAL_SET_TIMEOUTS  ProlificSerial0  RI:0 RM:0 RC:10000 WM:0 WC:1000
381  0.00001260  SUCCESS  
382  0.00000000  PrecisionPower  IOCTL_SERIAL_SET_QUEUE_SIZE  ProlificSerial0  InSize: 2048 OutSize: 2048
382  0.00000340  SUCCESS  
383  0.00000000  PrecisionPower  IOCTL_SERIAL_PURGE  ProlificSerial0  Purge: TXCLEAR RXCLEAR
383  0.00000750  SUCCESS  
384  0.00000000  PrecisionPower  IOCTL_SERIAL_GET_BAUD_RATE  ProlificSerial0  
384  0.00000340  SUCCESS  
385  0.00000000  PrecisionPower  IOCTL_SERIAL_GET_LINE_CONTROL  ProlificSerial0  
385  0.00000270  SUCCESS  
386  0.00000000  PrecisionPower  IOCTL_SERIAL_GET_CHARS  ProlificSerial0  
386  0.00000220  SUCCESS  
387  0.00000000  PrecisionPower  IOCTL_SERIAL_GET_HANDFLOW  ProlificSerial0  
387  0.00000250  SUCCESS  
388  0.00000000  PrecisionPower  IOCTL_SERIAL_SET_BAUD_RATE  ProlificSerial0  Rate: 9600
388  0.02013870  SUCCESS  
389  0.00000000  PrecisionPower  IOCTL_SERIAL_SET_RTS  ProlificSerial0  
389  0.00014040  SUCCESS  
390  0.00000000  PrecisionPower  IOCTL_SERIAL_SET_DTR  ProlificSerial0  
390  0.00007200  SUCCESS  
391  0.00000000  PrecisionPower  IOCTL_SERIAL_SET_LINE_CONTROL  ProlificSerial0  StopBits: ERROR Parity: NONE WordLength: 8
391  0.00000790  SUCCESS  
392  0.00000000  PrecisionPower  IOCTL_SERIAL_SET_CHAR  ProlificSerial0  EOF:0 ERR:0 BRK:0 EVT:0 XON:0 XOFF:0
392  0.00006840  SUCCESS  
393  0.00000000  PrecisionPower  IOCTL_SERIAL_SET_HANDFLOW  ProlificSerial0  Shake:1 Replace:40 XonLimit:0 XoffLimit:0
393  0.00000690  SUCCESS  
394  0.00000000  PrecisionPower  IOCTL_SERIAL_SET_TIMEOUTS  ProlificSerial0  RI:0 RM:0 RC:15000 WM:0 WC:1000
394  0.00000460  SUCCESS  
395  0.00000000  PrecisionPower  IOCTL_SERIAL_PURGE  ProlificSerial0  Purge: TXCLEAR RXCLEAR
395  0.00000980  SUCCESS  
396  0.00000000  PrecisionPower  IRP_MJ_WRITE  ProlificSerial0  Length 11: 01 02 FB 0B 01 01 00 00 00 0B 01 
396  0.00275520  SUCCESS  
397  0.00000000  PrecisionPower  IRP_MJ_READ  ProlificSerial0  Length 12
397  0.12979550  SUCCESS  Length 12: 06 01 02 FB 0B 01 01 00 33 00 36 FE 
398  0.00000000  PrecisionPower  IRP_MJ_READ  ProlificSerial0  Length 51
398  0.06233520  SUCCESS  Length 51: 00 80 02 00 01 00 07 00 00 00 00 00 00 00 00 00 00 00 00 00 00 
399  0.00000000  PrecisionPower  IRP_MJ_CLEANUP  ProlificSerial0  
399  0.02880670  SUCCESS  
400  0.00000000  PrecisionPower  IRP_MJ_CLOSE  ProlificSerial0  
400  0.08623790  SUCCESS  
401  0.00000000  PrecisionPower  IRP_MJ_CREATE  ProlificSerial0  Options: Open 
401  0.22708910  SUCCESS  
402  0.00000000  PrecisionPower  IOCTL_SERIAL_SET_TIMEOUTS  ProlificSerial0  RI:0 RM:0 RC:10000 WM:0 WC:1000
402  0.00001600  SUCCESS  
403  0.00000000  PrecisionPower  IOCTL_SERIAL_SET_QUEUE_SIZE  ProlificSerial0  InSize: 2048 OutSize: 2048
403  0.00000460  SUCCESS  
404  0.00000000  PrecisionPower  IOCTL_SERIAL_PURGE  ProlificSerial0  Purge: TXCLEAR RXCLEAR
404  0.00000900  SUCCESS  
405  0.00000000  PrecisionPower  IOCTL_SERIAL_GET_BAUD_RATE  ProlificSerial0  
405  0.00000450  SUCCESS  
406  0.00000000  PrecisionPower  IOCTL_SERIAL_GET_LINE_CONTROL  ProlificSerial0  
406  0.00000360  SUCCESS  
407  0.00000000  PrecisionPower  IOCTL_SERIAL_GET_CHARS  ProlificSerial0  
407  0.00000310  SUCCESS  
408  0.00000000  PrecisionPower  IOCTL_SERIAL_GET_HANDFLOW  ProlificSerial0  
408  0.00001210  SUCCESS  
409  0.00000000  PrecisionPower  IOCTL_SERIAL_SET_BAUD_RATE  ProlificSerial0  Rate: 9600
409  0.02954070  SUCCESS  
410  0.00000000  PrecisionPower  IOCTL_SERIAL_SET_RTS  ProlificSerial0  
410  0.00013940  SUCCESS  
411  0.00000000  PrecisionPower  IOCTL_SERIAL_SET_DTR  ProlificSerial0  
411  0.00008110  SUCCESS  
412  0.00000000  PrecisionPower  IOCTL_SERIAL_SET_LINE_CONTROL  ProlificSerial0  StopBits: ERROR Parity: NONE WordLength: 8
412  0.00000830  SUCCESS  
413  0.00000000  PrecisionPower  IOCTL_SERIAL_SET_CHAR  ProlificSerial0  EOF:0 ERR:0 BRK:0 EVT:0 XON:0 XOFF:0
413  0.00007790  SUCCESS  
414  0.00000000  PrecisionPower  IOCTL_SERIAL_SET_HANDFLOW  ProlificSerial0  Shake:1 Replace:40 XonLimit:0 XoffLimit:0
414  0.00000720  SUCCESS  
415  0.00000000  PrecisionPower  IOCTL_SERIAL_SET_TIMEOUTS  ProlificSerial0  RI:0 RM:0 RC:15000 WM:0 WC:1000
415  0.00000460  SUCCESS  
416  0.00000000  PrecisionPower  IOCTL_SERIAL_PURGE  ProlificSerial0  Purge: TXCLEAR RXCLEAR
416  0.00001000  SUCCESS  
417  0.00000000  PrecisionPower  IRP_MJ_WRITE  ProlificSerial0  Length 11: 01 02 FB 0B 01 01 00 00 00 0B 01 
417  0.00736390  SUCCESS  
418  0.00000000  PrecisionPower  IRP_MJ_READ  ProlificSerial0  Length 12
418  0.11819180  SUCCESS  Length 12: 06 01 02 FB 0B 01 01 00 33 00 36 FE 
419  0.00000000  PrecisionPower  IRP_MJ_READ  ProlificSerial0  Length 51
419  0.06253000  SUCCESS  Length 51: 00 80 02 00 01 00 07 00 00 00 00 00 00 00 00 00 00 00 00 00 00 
420  0.00000000  PrecisionPower  IRP_MJ_CLEANUP  ProlificSerial0  
420  0.03131650  SUCCESS  
421  0.00000000  PrecisionPower  IRP_MJ_CLOSE  ProlificSerial0  
421  0.08724880  SUCCESS  
422  0.00000000  PrecisionPower  IRP_MJ_CREATE  ProlificSerial0  Options: Open 
422  0.22527690  SUCCESS  
423  0.00000000  PrecisionPower  IOCTL_SERIAL_SET_TIMEOUTS  ProlificSerial0  RI:0 RM:0 RC:10000 WM:0 WC:1000
423  0.00001200  SUCCESS  
424  0.00000000  PrecisionPower  IOCTL_SERIAL_SET_QUEUE_SIZE  ProlificSerial0  InSize: 2048 OutSize: 2048
424  0.00000320  SUCCESS  
425  0.00000000  PrecisionPower  IOCTL_SERIAL_PURGE  ProlificSerial0  Purge: TXCLEAR RXCLEAR
425  0.00000730  SUCCESS  
426  0.00000000  PrecisionPower  IOCTL_SERIAL_GET_BAUD_RATE  ProlificSerial0  
426  0.00000310  SUCCESS  
427  0.00000000  PrecisionPower  IOCTL_SERIAL_GET_LINE_CONTROL  ProlificSerial0  
427  0.00000240  SUCCESS  
428  0.00000000  PrecisionPower  IOCTL_SERIAL_GET_CHARS  ProlificSerial0  
428  0.00000200  SUCCESS  
429  0.00000000  PrecisionPower  IOCTL_SERIAL_GET_HANDFLOW  ProlificSerial0  
429  0.00000230  SUCCESS  
430  0.00000000  PrecisionPower  IOCTL_SERIAL_SET_BAUD_RATE  ProlificSerial0  Rate: 9600
430  0.03072510  SUCCESS  
431  0.00000000  PrecisionPower  IOCTL_SERIAL_SET_RTS  ProlificSerial0  
431  0.00016670  SUCCESS  
432  0.00000000  PrecisionPower  IOCTL_SERIAL_SET_DTR  ProlificSerial0  
432  0.00012270  SUCCESS  
433  0.00000000  PrecisionPower  IOCTL_SERIAL_SET_LINE_CONTROL  ProlificSerial0  StopBits: ERROR Parity: NONE WordLength: 8
433  0.00001120  SUCCESS  
434  0.00000000  PrecisionPower  IOCTL_SERIAL_SET_CHAR  ProlificSerial0  EOF:0 ERR:0 BRK:0 EVT:0 XON:0 XOFF:0
434  0.00011530  SUCCESS  
435  0.00000000  PrecisionPower  IOCTL_SERIAL_SET_HANDFLOW  ProlificSerial0  Shake:1 Replace:40 XonLimit:0 XoffLimit:0
435  0.00001280  SUCCESS  
436  0.00000000  PrecisionPower  IOCTL_SERIAL_SET_TIMEOUTS  ProlificSerial0  RI:0 RM:0 RC:15000 WM:0 WC:1000
436  0.00000830  SUCCESS  
437  0.00000000  PrecisionPower  IOCTL_SERIAL_PURGE  ProlificSerial0  Purge: TXCLEAR RXCLEAR
437  0.00001420  SUCCESS  
438  0.00000000  PrecisionPower  IRP_MJ_WRITE  ProlificSerial0  Length 11: 01 02 FB 0B 01 01 00 00 00 0B 01 
438  0.00599450  SUCCESS  
439  0.00000000  PrecisionPower  IRP_MJ_READ  ProlificSerial0  Length 12
439  0.12115360  SUCCESS  Length 12: 06 01 02 FB 0B 01 01 00 33 00 36 FE 
440  0.00000000  PrecisionPower  IRP_MJ_READ  ProlificSerial0  Length 51
440  0.06071430  SUCCESS  Length 51: 00 80 02 00 01 00 07 00 00 00 00 00 00 00 00 00 00 00 00 00 00 
441  0.00000000  PrecisionPower  IRP_MJ_CLEANUP  ProlificSerial0  
441  0.03130020  SUCCESS  
442  0.00000000  PrecisionPower  IRP_MJ_CLOSE  ProlificSerial0  
442  0.08968800  SUCCESS  
443  0.00000000  PrecisionPower  IRP_MJ_CREATE  ProlificSerial0  Options: Open 
443  0.22202840  SUCCESS  
444  0.00000000  PrecisionPower  IOCTL_SERIAL_SET_TIMEOUTS  ProlificSerial0  RI:0 RM:0 RC:10000 WM:0 WC:1000
444  0.00001130  SUCCESS  
445  0.00000000  PrecisionPower  IOCTL_SERIAL_SET_QUEUE_SIZE  ProlificSerial0  InSize: 2048 OutSize: 2048
445  0.00000310  SUCCESS  
446  0.00000000  PrecisionPower  IOCTL_SERIAL_PURGE  ProlificSerial0  Purge: TXCLEAR RXCLEAR
446  0.00000630  SUCCESS  
447  0.00000000  PrecisionPower  IOCTL_SERIAL_GET_BAUD_RATE  ProlificSerial0  
447  0.00000350  SUCCESS  
448  0.00000000  PrecisionPower  IOCTL_SERIAL_GET_LINE_CONTROL  ProlificSerial0  
448  0.00000260  SUCCESS  
449  0.00000000  PrecisionPower  IOCTL_SERIAL_GET_CHARS  ProlificSerial0  
449  0.00000200  SUCCESS  
450  0.00000000  PrecisionPower  IOCTL_SERIAL_GET_HANDFLOW  ProlificSerial0  
450  0.00000220  SUCCESS  
451  0.00000000  PrecisionPower  IOCTL_SERIAL_SET_BAUD_RATE  ProlificSerial0  Rate: 9600
451  0.03102010  SUCCESS  
452  0.00000000  PrecisionPower  IOCTL_SERIAL_SET_RTS  ProlificSerial0  
452  0.00014380  SUCCESS  
453  0.00000000  PrecisionPower  IOCTL_SERIAL_SET_DTR  ProlificSerial0  
453  0.00007810  SUCCESS  
454  0.00000000  PrecisionPower  IOCTL_SERIAL_SET_LINE_CONTROL  ProlificSerial0  StopBits: ERROR Parity: NONE WordLength: 8
454  0.00001350  SUCCESS  
455  0.00000000  PrecisionPower  IOCTL_SERIAL_SET_CHAR  ProlificSerial0  EOF:0 ERR:0 BRK:0 EVT:0 XON:0 XOFF:0
455  0.00010680  SUCCESS  
456  0.00000000  PrecisionPower  IOCTL_SERIAL_SET_HANDFLOW  ProlificSerial0  Shake:1 Replace:40 XonLimit:0 XoffLimit:0
456  0.00000740  SUCCESS  
457  0.00000000  PrecisionPower  IOCTL_SERIAL_SET_TIMEOUTS  ProlificSerial0  RI:0 RM:0 RC:15000 WM:0 WC:1000
457  0.00000710  SUCCESS  
458  0.00000000  PrecisionPower  IOCTL_SERIAL_PURGE  ProlificSerial0  Purge: TXCLEAR RXCLEAR
458  0.00001940  SUCCESS  
459  0.00000000  PrecisionPower  IRP_MJ_WRITE  ProlificSerial0  Length 11: 01 02 FB 0B 01 01 00 00 00 0B 01 
459  0.00604960  SUCCESS  
460  0.00000000  PrecisionPower  IRP_MJ_READ  ProlificSerial0  Length 12
460  0.11625480  SUCCESS  Length 12: 06 01 02 FB 0B 01 01 00 33 00 36 FE 
461  0.00000000  PrecisionPower  IRP_MJ_READ  ProlificSerial0  Length 51
461  0.06356310  SUCCESS  Length 51: 00 80 02 00 01 00 07 00 00 00 00 00 00 00 00 00 00 00 00 00 00 
462  0.00000000  PrecisionPower  IRP_MJ_CLEANUP  ProlificSerial0  
462  0.03163290  SUCCESS  
463  0.00000000  PrecisionPower  IRP_MJ_CLOSE  ProlificSerial0  
463  0.10370450  SUCCESS  
464  0.00000000  PrecisionPower  IRP_MJ_CREATE  ProlificSerial0  Options: Open 
464  0.22462930  SUCCESS  
465  0.00000000  PrecisionPower  IOCTL_SERIAL_SET_TIMEOUTS  ProlificSerial0  RI:0 RM:0 RC:10000 WM:0 WC:1000
465  0.00001340  SUCCESS  
466  0.00000000  PrecisionPower  IOCTL_SERIAL_SET_QUEUE_SIZE  ProlificSerial0  InSize: 2048 OutSize: 2048
466  0.00000370  SUCCESS  
467  0.00000000  PrecisionPower  IOCTL_SERIAL_PURGE  ProlificSerial0  Purge: TXCLEAR RXCLEAR
467  0.00000780  SUCCESS  
468  0.00000000  PrecisionPower  IOCTL_SERIAL_GET_BAUD_RATE  ProlificSerial0  
468  0.00000370  SUCCESS  
469  0.00000000  PrecisionPower  IOCTL_SERIAL_GET_LINE_CONTROL  ProlificSerial0  
469  0.00000280  SUCCESS  
470  0.00000000  PrecisionPower  IOCTL_SERIAL_GET_CHARS  ProlificSerial0  
470  0.00000250  SUCCESS  
471  0.00000000  PrecisionPower  IOCTL_SERIAL_GET_HANDFLOW  ProlificSerial0  
471  0.00000250  SUCCESS  
472  0.00000000  PrecisionPower  IOCTL_SERIAL_SET_BAUD_RATE  ProlificSerial0  Rate: 9600
472  0.03040520  SUCCESS  
473  0.00000000  PrecisionPower  IOCTL_SERIAL_SET_RTS  ProlificSerial0  
473  0.00014990  SUCCESS  
474  0.00000000  PrecisionPower  IOCTL_SERIAL_SET_DTR  ProlificSerial0  
474  0.00007730  SUCCESS  
475  0.00000000  PrecisionPower  IOCTL_SERIAL_SET_LINE_CONTROL  ProlificSerial0  StopBits: ERROR Parity: NONE WordLength: 8
475  0.00000750  SUCCESS  
476  0.00000000  PrecisionPower  IOCTL_SERIAL_SET_CHAR  ProlificSerial0  EOF:0 ERR:0 BRK:0 EVT:0 XON:0 XOFF:0
476  0.00007200  SUCCESS  
477  0.00000000  PrecisionPower  IOCTL_SERIAL_SET_HANDFLOW  ProlificSerial0  Shake:1 Replace:40 XonLimit:0 XoffLimit:0
477  0.00000650  SUCCESS  
478  0.00000000  PrecisionPower  IOCTL_SERIAL_SET_TIMEOUTS  ProlificSerial0  RI:0 RM:0 RC:15000 WM:0 WC:1000
478  0.00000440  SUCCESS  
479  0.00000000  PrecisionPower  IOCTL_SERIAL_PURGE  ProlificSerial0  Purge: TXCLEAR RXCLEAR
479  0.00002100  SUCCESS  
480  0.00000000  PrecisionPower  IRP_MJ_WRITE  ProlificSerial0  Length 11: 01 02 FB 0B 01 01 00 00 00 0B 01 
480  0.00630230  SUCCESS  
481  0.00000000  PrecisionPower  IRP_MJ_READ  ProlificSerial0  Length 12
481  0.09859670  SUCCESS  Length 12: 06 01 02 FB 0B 01 01 00 33 00 36 FE 
482  0.00000000  PrecisionPower  IRP_MJ_READ  ProlificSerial0  Length 51
482  0.06377470  SUCCESS  Length 51: 00 80 02 00 01 00 07 00 00 00 00 00 00 00 00 00 00 00 00 00 00 
483  0.00000000  PrecisionPower  IRP_MJ_CLEANUP  ProlificSerial0  
483  0.03006350  SUCCESS  
484  0.00000000  PrecisionPower  IRP_MJ_CLOSE  ProlificSerial0  
484  0.10426630  SUCCESS  
485  0.00000000  PrecisionPower  IRP_MJ_CREATE  ProlificSerial0  Options: Open 
485  0.21748400  SUCCESS  
486  0.00000000  PrecisionPower  IOCTL_SERIAL_SET_TIMEOUTS  ProlificSerial0  RI:0 RM:0 RC:10000 WM:0 WC:1000
486  0.00000930  SUCCESS  
487  0.00000000  PrecisionPower  IOCTL_SERIAL_SET_QUEUE_SIZE  ProlificSerial0  InSize: 2048 OutSize: 2048
487  0.00000210  SUCCESS  
488  0.00000000  PrecisionPower  IOCTL_SERIAL_PURGE  ProlificSerial0  Purge: TXCLEAR RXCLEAR
488  0.00000890  SUCCESS  
489  0.00000000  PrecisionPower  IOCTL_SERIAL_GET_BAUD_RATE  ProlificSerial0  
489  0.00000430  SUCCESS  
490  0.00000000  PrecisionPower  IOCTL_SERIAL_GET_LINE_CONTROL  ProlificSerial0  
490  0.00000190  SUCCESS  
491  0.00000000  PrecisionPower  IOCTL_SERIAL_GET_CHARS  ProlificSerial0  
491  0.00000140  SUCCESS  
492  0.00000000  PrecisionPower  IOCTL_SERIAL_GET_HANDFLOW  ProlificSerial0  
492  0.00000160  SUCCESS  
493  0.00000000  PrecisionPower  IOCTL_SERIAL_SET_BAUD_RATE  ProlificSerial0  Rate: 9600
493  0.02167440  SUCCESS  
494  0.00000000  PrecisionPower  IOCTL_SERIAL_SET_RTS  ProlificSerial0  
494  0.00038000  SUCCESS  
495  0.00000000  PrecisionPower  IOCTL_SERIAL_SET_DTR  ProlificSerial0  
495  0.00008090  SUCCESS  
496  0.00000000  PrecisionPower  IOCTL_SERIAL_SET_LINE_CONTROL  ProlificSerial0  StopBits: ERROR Parity: NONE WordLength: 8
496  0.00000780  SUCCESS  
497  0.00000000  PrecisionPower  IOCTL_SERIAL_SET_CHAR  ProlificSerial0  EOF:0 ERR:0 BRK:0 EVT:0 XON:0 XOFF:0
497  0.00007020  SUCCESS  
498  0.00000000  PrecisionPower  IOCTL_SERIAL_SET_HANDFLOW  ProlificSerial0  Shake:1 Replace:40 XonLimit:0 XoffLimit:0
498  0.00000640  SUCCESS  
499  0.00000000  PrecisionPower  IOCTL_SERIAL_SET_TIMEOUTS  ProlificSerial0  RI:0 RM:0 RC:15000 WM:0 WC:1000
499  0.00000450  SUCCESS  
500  0.00000000  PrecisionPower  IOCTL_SERIAL_PURGE  ProlificSerial0  Purge: TXCLEAR RXCLEAR
500  0.00000960  SUCCESS  
501  0.00000000  PrecisionPower  IRP_MJ_WRITE  ProlificSerial0  Length 11: 01 02 FB 0B 01 01 00 00 00 0B 01 
501  0.00527250  SUCCESS  
502  0.00000000  PrecisionPower  IRP_MJ_READ  ProlificSerial0  Length 12
502  0.13062100  SUCCESS  Length 12: 06 01 02 FB 0B 01 01 00 33 00 36 FE 
503  0.00000000  PrecisionPower  IRP_MJ_READ  ProlificSerial0  Length 51
503  0.06324110  SUCCESS  Length 51: 00 80 02 00 01 00 07 00 00 00 00 00 00 00 00 00 00 00 00 00 00 
504  0.00000000  PrecisionPower  IRP_MJ_CLEANUP  ProlificSerial0  
504  0.03118210  SUCCESS  
505  0.00000000  PrecisionPower  IRP_MJ_CLOSE  ProlificSerial0  
505  0.08602760  SUCCESS  
506  0.00000000  PrecisionPower  IRP_MJ_CREATE  ProlificSerial0  Options: Open 
506  0.22045840  SUCCESS  
507  0.00000000  PrecisionPower  IOCTL_SERIAL_SET_TIMEOUTS  ProlificSerial0  RI:0 RM:0 RC:10000 WM:0 WC:1000
507  0.00001130  SUCCESS  
508  0.00000000  PrecisionPower  IOCTL_SERIAL_SET_QUEUE_SIZE  ProlificSerial0  InSize: 2048 OutSize: 2048
508  0.00000280  SUCCESS  
509  0.00000000  PrecisionPower  IOCTL_SERIAL_PURGE  ProlificSerial0  Purge: TXCLEAR RXCLEAR
509  0.00000600  SUCCESS  
510  0.00000000  PrecisionPower  IOCTL_SERIAL_GET_BAUD_RATE  ProlificSerial0  
510  0.00000290  SUCCESS  
511  0.00000000  PrecisionPower  IOCTL_SERIAL_GET_LINE_CONTROL  ProlificSerial0  
511  0.00000240  SUCCESS  
512  0.00000000  PrecisionPower  IOCTL_SERIAL_GET_CHARS  ProlificSerial0  
512  0.00000190  SUCCESS  
513  0.00000000  PrecisionPower  IOCTL_SERIAL_GET_HANDFLOW  ProlificSerial0  
513  0.00000210  SUCCESS  
514  0.00000000  PrecisionPower  IOCTL_SERIAL_SET_BAUD_RATE  ProlificSerial0  Rate: 9600
514  0.02102290  SUCCESS  
515  0.00000000  PrecisionPower  IOCTL_SERIAL_SET_RTS  ProlificSerial0  
515  0.00009100  SUCCESS  
516  0.00000000  PrecisionPower  IOCTL_SERIAL_SET_DTR  ProlificSerial0  
516  0.00004690  SUCCESS  
517  0.00000000  PrecisionPower  IOCTL_SERIAL_SET_LINE_CONTROL  ProlificSerial0  StopBits: ERROR Parity: NONE WordLength: 8
517  0.00000500  SUCCESS  
518  0.00000000  PrecisionPower  IOCTL_SERIAL_SET_CHAR  ProlificSerial0  EOF:0 ERR:0 BRK:0 EVT:0 XON:0 XOFF:0
518  0.00004440  SUCCESS  
519  0.00000000  PrecisionPower  IOCTL_SERIAL_SET_HANDFLOW  ProlificSerial0  Shake:1 Replace:40 XonLimit:0 XoffLimit:0
519  0.00000450  SUCCESS  
520  0.00000000  PrecisionPower  IOCTL_SERIAL_SET_TIMEOUTS  ProlificSerial0  RI:0 RM:0 RC:15000 WM:0 WC:1000
520  0.00000290  SUCCESS  
521  0.00000000  PrecisionPower  IOCTL_SERIAL_PURGE  ProlificSerial0  Purge: TXCLEAR RXCLEAR
521  0.00000660  SUCCESS  
522  0.00000000  PrecisionPower  IRP_MJ_WRITE  ProlificSerial0  Length 11: 01 02 FB 0B 01 01 00 00 00 0B 01 
522  0.00211270  SUCCESS  
523  0.00000000  PrecisionPower  IRP_MJ_READ  ProlificSerial0  Length 12
523  0.04834190  SUCCESS  Length 12: 06 01 02 FB 0B 01 01 00 33 00 36 FE 
524  0.00000000  PrecisionPower  IRP_MJ_READ  ProlificSerial0  Length 51
524  0.06475350  SUCCESS  Length 51: 00 80 02 00 01 00 07 00 00 00 00 00 00 00 00 00 00 00 00 00 00 
525  0.00000000  PrecisionPower  IRP_MJ_CLEANUP  ProlificSerial0  
525  0.03126880  SUCCESS  
526  0.00000000  PrecisionPower  IRP_MJ_CLOSE  ProlificSerial0  
526  0.08783000  SUCCESS  
527  0.00000000  PrecisionPower  IRP_MJ_CREATE  ProlificSerial0  Options: Open 
527  0.22509640  SUCCESS  
528  0.00000000  PrecisionPower  IOCTL_SERIAL_SET_TIMEOUTS  ProlificSerial0  RI:0 RM:0 RC:10000 WM:0 WC:1000
528  0.00001020  SUCCESS  
529  0.00000000  PrecisionPower  IOCTL_SERIAL_SET_QUEUE_SIZE  ProlificSerial0  InSize: 2048 OutSize: 2048
529  0.00000280  SUCCESS  
530  0.00000000  PrecisionPower  IOCTL_SERIAL_PURGE  ProlificSerial0  Purge: TXCLEAR RXCLEAR
530  0.00000590  SUCCESS  
531  0.00000000  PrecisionPower  IOCTL_SERIAL_GET_BAUD_RATE  ProlificSerial0  
531  0.00000280  SUCCESS  
532  0.00000000  PrecisionPower  IOCTL_SERIAL_GET_LINE_CONTROL  ProlificSerial0  
532  0.00000210  SUCCESS  
533  0.00000000  PrecisionPower  IOCTL_SERIAL_GET_CHARS  ProlificSerial0  
533  0.00000170  SUCCESS  
534  0.00000000  PrecisionPower  IOCTL_SERIAL_GET_HANDFLOW  ProlificSerial0  
534  0.00000200  SUCCESS  
535  0.00000000  PrecisionPower  IOCTL_SERIAL_SET_BAUD_RATE  ProlificSerial0  Rate: 9600
535  0.03056810  SUCCESS  
536  0.00000000  PrecisionPower  IOCTL_SERIAL_SET_RTS  ProlificSerial0  
536  0.00012020  SUCCESS  
537  0.00000000  PrecisionPower  IOCTL_SERIAL_SET_DTR  ProlificSerial0  
537  0.00014420  SUCCESS  
538  0.00000000  PrecisionPower  IOCTL_SERIAL_SET_LINE_CONTROL  ProlificSerial0  StopBits: ERROR Parity: NONE WordLength: 8
538  0.00000720  SUCCESS  
539  0.00000000  PrecisionPower  IOCTL_SERIAL_SET_CHAR  ProlificSerial0  EOF:0 ERR:0 BRK:0 EVT:0 XON:0 XOFF:0
539  0.00006480  SUCCESS  
540  0.00000000  PrecisionPower  IOCTL_SERIAL_SET_HANDFLOW  ProlificSerial0  Shake:1 Replace:40 XonLimit:0 XoffLimit:0
540  0.00000580  SUCCESS  
541  0.00000000  PrecisionPower  IOCTL_SERIAL_SET_TIMEOUTS  ProlificSerial0  RI:0 RM:0 RC:15000 WM:0 WC:1000
541  0.00000420  SUCCESS  
542  0.00000000  PrecisionPower  IOCTL_SERIAL_PURGE  ProlificSerial0  Purge: TXCLEAR RXCLEAR
542  0.00000900  SUCCESS  
543  0.00000000  PrecisionPower  IRP_MJ_WRITE  ProlificSerial0  Length 11: 01 02 FB 0B 01 01 00 00 00 0B 01 
543  0.00603280  SUCCESS  
544  0.00000000  PrecisionPower  IRP_MJ_READ  ProlificSerial0  Length 12
544  0.06754000  SUCCESS  Length 12: 06 01 02 FB 0B 01 01 00 33 00 32 FE 
545  0.00000000  PrecisionPower  IRP_MJ_READ  ProlificSerial0  Length 51
545  0.06102240  SUCCESS  Length 51: 00 80 06 00 01 00 07 00 00 00 00 00 00 00 00 00 00 00 00 00 00 
