0	0.02883310	PrecisionPower	IRP_MJ_CLEANUP	ProlificSerial0	SUCCESS		
1	0.08925710	PrecisionPower	IRP_MJ_CLOSE	ProlificSerial0	SUCCESS		
2	0.22337340	PrecisionPower	IRP_MJ_CREATE	ProlificSerial0	SUCCESS	Options: Open 	
3	0.00000950	PrecisionPower	IOCTL_SERIAL_SET_TIMEOUTS	ProlificSerial0	SUCCESS	RI:0 RM:0 RC:10000 WM:0 WC:1000	
4	0.00000330	PrecisionPower	IOCTL_SERIAL_SET_QUEUE_SIZE	ProlificSerial0	SUCCESS	InSize: 2048 OutSize: 2048	
5	0.00000570	PrecisionPower	IOCTL_SERIAL_PURGE	ProlificSerial0	SUCCESS	Purge: TXCLEAR RXCLEAR	
6	0.00000320	PrecisionPower	IOCTL_SERIAL_GET_BAUD_RATE	ProlificSerial0	SUCCESS		
7	0.00000300	PrecisionPower	IOCTL_SERIAL_GET_LINE_CONTROL	ProlificSerial0	SUCCESS		
8	0.00000210	PrecisionPower	IOCTL_SERIAL_GET_CHARS	ProlificSerial0	SUCCESS		
9	0.00000200	PrecisionPower	IOCTL_SERIAL_GET_HANDFLOW	ProlificSerial0	SUCCESS		
10	0.03086160	PrecisionPower	IOCTL_SERIAL_SET_BAUD_RATE	ProlificSerial0	SUCCESS	Rate: 9600	
11	0.00009520	PrecisionPower	IOCTL_SERIAL_SET_RTS	ProlificSerial0	SUCCESS		
12	0.00007380	PrecisionPower	IOCTL_SERIAL_SET_DTR	ProlificSerial0	SUCCESS		
13	0.00000820	PrecisionPower	IOCTL_SERIAL_SET_LINE_CONTROL	ProlificSerial0	SUCCESS	StopBits: ERROR Parity: NONE WordLength: 8	
14	0.00014360	PrecisionPower	IOCTL_SERIAL_SET_CHAR	ProlificSerial0	SUCCESS	EOF:0 ERR:0 BRK:0 EVT:0 XON:0 XOFF:0	
15	0.00000890	PrecisionPower	IOCTL_SERIAL_SET_HANDFLOW	ProlificSerial0	SUCCESS	Shake:1 Replace:40 XonLimit:0 XoffLimit:0	
16	0.00000690	PrecisionPower	IOCTL_SERIAL_SET_TIMEOUTS	ProlificSerial0	SUCCESS	RI:0 RM:0 RC:5000 WM:0 WC:1000	
17	0.00000680	PrecisionPower	IOCTL_SERIAL_PURGE	ProlificSerial0	SUCCESS	Purge: TXCLEAR RXCLEAR	
18	0.00596460	PrecisionPower	IRP_MJ_WRITE	ProlificSerial0	SUCCESS	Length 11: 01 02 E4 0B 01 01 00 15 00 FD 0A 	
19	0.00187680	PrecisionPower	IRP_MJ_WRITE	ProlificSerial0	SUCCESS	Length 21: 02 00 F4 01 00 8C 12 00 ED 8C 77 6B B9 37 BA 07 FE FF FF FF 58 	
20	0.74450490	PrecisionPower	IRP_MJ_READ	ProlificSerial0	SUCCESS	Length 12: 06 01 02 E4 0B 01 01 00 18 00 5B F8 	
21	0.02374140	PrecisionPower	IRP_MJ_READ	ProlificSerial0	SUCCESS	Length 24: 00 80 F4 01 F0 0C 00 00 8A 00 00 06 2F 06 2A 1C B9 0F EE 1C 93 	
